Pfeiffer read started at 2017-08-25 15:36:00 (EDT)
Time (s)	Pressure (Torr)
1503689762	1e-06
1503689823	9.03e-07
1503689883	8.38e-07
1503689944	7.91e-07
1503690004	7.55e-07
1503690065	7.26e-07
1503690125	7.01e-07
1503690186	6.75e-07
1503690246	6.52e-07
1503690307	6.31e-07
1503690367	6.15e-07
1503690428	6.03e-07
1503690488	5.94e-07
1503690549	5.86e-07
1503690609	5.79e-07
1503690670	5.73e-07
1503690731	5.67e-07
1503690791	5.62e-07
1503690852	5.57e-07
1503690912	5.53e-07
1503690973	5.49e-07
1503691033	5.46e-07
1503691094	5.43e-07
1503691154	5.4e-07
1503691215	5.37e-07
1503691275	5.35e-07
1503691336	5.32e-07
1503691396	5.3e-07
1503691457	5.28e-07
1503691517	5.26e-07
1503691578	5.25e-07
1503691638	5.23e-07
1503691699	5.22e-07
1503691759	5.2e-07
1503691820	5.19e-07
1503691880	5.18e-07
1503691941	5.17e-07
1503692002	5.15e-07
1503692062	5.14e-07
1503692123	5.13e-07
1503692183	5.12e-07
1503692244	5.12e-07
1503692304	5.11e-07
1503692365	5.1e-07
1503692425	5.1e-07
1503692486	5.09e-07
1503692546	5.08e-07
1503692607	5.08e-07
1503692667	5.07e-07
1503692728	5.07e-07
1503692788	5.06e-07
1503692849	5.06e-07
1503692909	5.06e-07
1503692970	5.05e-07
1503693031	5.05e-07
1503693091	5.05e-07
1503693152	5.04e-07
1503693212	5.04e-07
1503693273	5.04e-07
1503693333	4.99e-07
1503693394	4.94e-07
1503693454	4.89e-07
1503693515	4.85e-07
1503693575	4.84e-07
1503693636	4.83e-07
1503693696	4.82e-07
1503693757	4.82e-07
1503693817	4.82e-07
1503693878	4.82e-07
1503693939	4.81e-07
1503693999	4.81e-07
1503694060	4.81e-07
1503694120	4.81e-07
1503694181	4.8e-07
1503694241	4.8e-07
1503694302	4.8e-07
1503694362	4.8e-07
1503694423	4.8e-07
1503694483	4.8e-07
1503694544	4.8e-07
1503694605	4.8e-07
1503694665	4.81e-07
1503694726	4.81e-07
1503694786	4.81e-07
1503694847	4.81e-07
1503694907	4.82e-07
1503694968	4.82e-07
1503695028	4.82e-07
1503695089	4.82e-07
1503695149	4.83e-07
1503695210	4.83e-07
1503695270	4.83e-07
1503695331	4.83e-07
1503695391	4.84e-07
1503695452	4.84e-07
1503695513	4.84e-07
1503695573	4.84e-07
1503695634	4.84e-07
1503695694	4.84e-07
1503695755	4.85e-07
1503695815	4.85e-07
1503695876	4.85e-07
1503695936	4.86e-07
1503695997	4.86e-07
1503696057	4.86e-07
1503696118	4.87e-07
1503696179	4.87e-07
1503696239	4.87e-07
1503696300	4.87e-07
1503696360	4.88e-07
1503696421	4.88e-07
1503696481	4.88e-07
1503696542	4.87e-07
1503696602	4.88e-07
1503696663	4.88e-07
1503696723	4.88e-07
1503696784	4.89e-07
1503696844	4.89e-07
1503696905	4.9e-07
1503696965	4.9e-07
1503697026	4.9e-07
1503697087	4.91e-07
1503697147	4.91e-07
1503697208	4.91e-07
1503697268	4.92e-07
1503697329	4.92e-07
1503697389	4.92e-07
1503697450	4.93e-07
1503697510	4.93e-07
1503697571	4.94e-07
1503697631	4.91e-07
1503697692	4.87e-07
1503697752	4.82e-07
1503697813	4.78e-07
1503697874	4.76e-07
1503697934	4.75e-07
1503697995	4.75e-07
1503698055	4.76e-07
1503698116	4.76e-07
1503698176	4.76e-07
1503698237	4.76e-07
1503698297	4.76e-07
1503698358	4.77e-07
1503698418	4.77e-07
1503698479	4.77e-07
1503698539	4.78e-07
1503698600	4.78e-07
1503698661	4.78e-07
1503698721	4.79e-07
1503698782	4.79e-07
1503698842	4.79e-07
1503698903	4.8e-07
1503698963	4.8e-07
1503699024	4.8e-07
1503699084	4.8e-07
1503699145	4.81e-07
1503699205	4.81e-07
1503699266	4.81e-07
1503699327	4.81e-07
1503699387	4.82e-07
1503699448	4.82e-07
1503699508	4.82e-07
1503699569	4.82e-07
1503699629	4.83e-07
1503699690	4.83e-07
1503699750	4.83e-07
1503699811	4.83e-07
1503699871	4.84e-07
1503699932	4.84e-07
1503699992	4.84e-07
1503700053	4.84e-07
1503700114	4.84e-07
1503700174	4.85e-07
1503700235	4.85e-07
1503700295	4.85e-07
1503700356	4.85e-07
1503700416	4.85e-07
1503700477	4.86e-07
1503700537	4.86e-07
1503700598	4.86e-07
1503700658	4.86e-07
1503700719	4.86e-07
1503700779	4.86e-07
1503700840	4.87e-07
1503700900	4.87e-07
1503700961	4.87e-07
1503701021	4.87e-07
1503701082	4.87e-07
1503701142	4.87e-07
1503701203	4.88e-07
1503701263	4.88e-07
1503701324	4.88e-07
1503701384	4.88e-07
1503701445	4.88e-07
1503701506	4.88e-07
1503701566	4.88e-07
1503701627	4.88e-07
1503701687	4.89e-07
1503701748	4.89e-07
1503701808	4.89e-07
1503701869	4.89e-07
1503701929	4.89e-07
1503701990	4.89e-07
1503702050	4.89e-07
1503702111	4.9e-07
1503702171	4.9e-07
1503702232	4.9e-07
1503702292	4.9e-07
1503702353	4.9e-07
1503702414	4.9e-07
1503702474	4.9e-07
1503702535	4.9e-07
1503702595	4.9e-07
1503702656	4.91e-07
1503702716	4.91e-07
1503702777	4.91e-07
1503702837	4.91e-07
1503702898	4.91e-07
1503702958	4.91e-07
1503703019	4.91e-07
1503703079	4.91e-07
1503703140	4.92e-07
1503703200	4.92e-07
1503703261	4.92e-07
1503703321	4.92e-07
1503703382	4.92e-07
1503703442	4.92e-07
1503703503	4.92e-07
1503703563	4.92e-07
1503703624	4.92e-07
1503703684	4.92e-07
1503703745	4.92e-07
1503703805	4.92e-07
1503703866	4.92e-07
1503703927	4.93e-07
1503703987	4.93e-07
1503704048	4.93e-07
1503704108	4.93e-07
1503704169	4.93e-07
1503704229	4.93e-07
1503704290	4.93e-07
1503704350	4.93e-07
1503704411	4.93e-07
1503704471	4.93e-07
1503704532	4.94e-07
1503704592	4.94e-07
1503704653	4.94e-07
1503704714	4.94e-07
1503704774	4.94e-07
1503704835	4.94e-07
1503704895	4.94e-07
1503704956	4.94e-07
1503705016	4.94e-07
1503705077	4.94e-07
1503705137	4.94e-07
1503705198	4.94e-07
1503705258	4.94e-07
1503705319	4.94e-07
1503705380	4.94e-07
1503705440	4.94e-07
1503705501	4.94e-07
1503705561	4.94e-07
1503705622	4.94e-07
1503705682	4.94e-07
1503705743	4.94e-07
1503705803	4.94e-07
1503705864	4.94e-07
1503705924	4.94e-07
1503705985	4.94e-07
1503706045	4.94e-07
1503706106	4.95e-07
1503706166	4.95e-07
1503706227	4.95e-07
1503706287	4.95e-07
1503706348	4.95e-07
1503706408	4.95e-07
1503706469	4.95e-07
1503706529	4.95e-07
1503706590	4.95e-07
1503706650	4.95e-07
1503706711	4.95e-07
1503706771	4.95e-07
1503706832	4.95e-07
1503706892	4.95e-07
1503706953	4.95e-07
1503707014	4.95e-07
1503707074	4.95e-07
1503707135	4.95e-07
1503707195	4.95e-07
1503707256	4.95e-07
1503707316	4.95e-07
1503707377	4.95e-07
1503707437	4.95e-07
1503707498	4.95e-07
1503707558	4.95e-07
1503707619	4.95e-07
1503707679	4.95e-07
1503707740	4.95e-07
1503707800	4.95e-07
1503707861	4.95e-07
1503707921	4.95e-07
1503707982	4.95e-07
1503708043	4.95e-07
1503708103	4.96e-07
1503708163	4.95e-07
1503708224	4.96e-07
1503708284	4.95e-07
1503708345	4.96e-07
1503708406	4.95e-07
1503708466	4.96e-07
1503708527	4.96e-07
1503708587	4.95e-07
1503708648	4.96e-07
1503708708	4.95e-07
1503708769	4.96e-07
1503708829	4.95e-07
1503708890	4.95e-07
1503708950	4.95e-07
1503709011	4.95e-07
1503709071	4.95e-07
1503709132	4.95e-07
1503709192	4.95e-07
1503709253	4.95e-07
1503709314	4.96e-07
1503709374	4.96e-07
1503709435	4.96e-07
1503709495	4.96e-07
1503709555	4.96e-07
1503709616	4.96e-07
1503709676	4.96e-07
1503709737	4.96e-07
1503709797	4.96e-07
1503709858	4.96e-07
1503709919	4.96e-07
1503709979	4.96e-07
1503710040	4.95e-07
1503710100	4.95e-07
1503710161	4.95e-07
1503710221	4.96e-07
1503710282	4.95e-07
1503710342	4.95e-07
1503710403	4.95e-07
1503710463	4.95e-07
1503710524	4.95e-07
1503710584	4.95e-07
1503710645	4.95e-07
1503710705	4.95e-07
1503710766	4.95e-07
1503710826	4.95e-07
1503710887	4.95e-07
1503710947	4.95e-07
1503711008	4.95e-07
1503711068	4.95e-07
1503711129	4.95e-07
1503711190	4.95e-07
1503711250	4.95e-07
1503711311	4.95e-07
1503711371	4.95e-07
1503711432	4.95e-07
1503711492	4.95e-07
1503711553	4.95e-07
1503711613	4.95e-07
1503711674	4.95e-07
1503711734	4.95e-07
1503711795	4.95e-07
1503711855	4.95e-07
1503711916	4.95e-07
1503711976	4.95e-07
1503712037	4.95e-07
1503712098	4.95e-07
1503712158	4.95e-07
1503712219	4.95e-07
1503712279	4.95e-07
1503712340	4.95e-07
1503712400	4.95e-07
1503712461	4.95e-07
1503712521	4.95e-07
1503712582	4.95e-07
1503712642	4.95e-07
1503712703	4.95e-07
1503712763	4.95e-07
1503712824	4.95e-07
1503712884	4.95e-07
1503712945	4.95e-07
1503713005	4.95e-07
1503713066	4.95e-07
1503713126	4.95e-07
1503713187	4.95e-07
1503713248	4.95e-07
1503713308	4.95e-07
1503713369	4.95e-07
1503713429	4.94e-07
1503713490	4.94e-07
1503713550	4.94e-07
1503713611	4.94e-07
1503713671	4.94e-07
1503713732	4.94e-07
1503713792	4.94e-07
1503713853	4.94e-07
1503713913	4.94e-07
1503713974	4.94e-07
1503714034	4.94e-07
1503714095	4.94e-07
1503714155	4.94e-07
1503714216	4.94e-07
1503714277	4.94e-07
1503714337	4.94e-07
1503714398	4.94e-07
1503714458	4.94e-07
1503714519	4.94e-07
1503714579	4.94e-07
1503714640	4.93e-07
1503714700	4.93e-07
1503714761	4.93e-07
1503714821	4.93e-07
1503714882	4.93e-07
1503714942	4.94e-07
1503715003	4.93e-07
1503715064	4.93e-07
1503715124	4.93e-07
1503715185	4.93e-07
1503715245	4.93e-07
1503715306	4.93e-07
1503715366	4.93e-07
1503715427	4.93e-07
1503715487	4.93e-07
1503715548	4.93e-07
1503715608	4.93e-07
1503715669	4.93e-07
1503715730	4.93e-07
1503715790	4.93e-07
1503715851	4.93e-07
1503715911	4.93e-07
1503715972	4.93e-07
1503716032	4.93e-07
1503716093	4.93e-07
1503716153	4.93e-07
1503716214	4.93e-07
1503716274	4.93e-07
1503716335	4.93e-07
1503716395	4.93e-07
1503716456	4.93e-07
1503716516	4.93e-07
1503716577	4.93e-07
1503716638	4.93e-07
1503716698	4.93e-07
1503716759	4.93e-07
1503716819	4.93e-07
1503716880	4.93e-07
1503716940	4.93e-07
1503717001	4.93e-07
1503717061	4.93e-07
1503717122	4.93e-07
1503717182	4.93e-07
1503717243	4.93e-07
1503717303	4.93e-07
1503717364	4.93e-07
1503717425	4.93e-07
1503717485	4.93e-07
1503717546	4.93e-07
1503717606	4.93e-07
1503717667	4.93e-07
1503717727	4.93e-07
1503717788	4.93e-07
1503717848	4.92e-07
1503717909	4.93e-07
1503717969	4.93e-07
1503718030	4.93e-07
1503718090	4.92e-07
1503718151	4.92e-07
1503718211	4.93e-07
1503718272	4.93e-07
1503718332	4.92e-07
1503718393	4.92e-07
1503718453	4.92e-07
1503718514	4.92e-07
1503718574	4.92e-07
1503718635	4.91e-07
1503718695	4.91e-07
1503718756	4.91e-07
1503718816	4.91e-07
1503718877	4.91e-07
1503718938	4.91e-07
1503718998	4.92e-07
1503719059	4.91e-07
1503719119	4.91e-07
1503719180	4.91e-07
1503719240	4.91e-07
1503719301	4.91e-07
1503719361	4.91e-07
1503719422	4.91e-07
1503719482	4.91e-07
1503719543	4.91e-07
1503719603	4.9e-07
1503719664	4.9e-07
1503719724	4.9e-07
1503719785	4.9e-07
1503719845	4.9e-07
1503719906	4.9e-07
1503719966	4.9e-07
1503720027	4.9e-07
1503720087	4.9e-07
1503720148	4.9e-07
1503720208	4.9e-07
1503720269	4.89e-07
1503720329	4.89e-07
1503720390	4.89e-07
1503720450	4.89e-07
1503720511	4.89e-07
1503720571	4.88e-07
1503720632	4.88e-07
1503720692	4.88e-07
1503720753	4.88e-07
1503720813	4.88e-07
1503720874	4.88e-07
1503720934	4.88e-07
1503720995	4.88e-07
1503721055	4.88e-07
1503721116	4.88e-07
1503721176	4.88e-07
1503721237	4.87e-07
1503721297	4.87e-07
1503721358	4.87e-07
1503721419	4.87e-07
1503721479	4.86e-07
1503721540	4.86e-07
1503721600	4.86e-07
1503721661	4.85e-07
1503721721	4.85e-07
1503721782	4.85e-07
1503721842	4.84e-07
1503721903	4.84e-07
1503721963	4.84e-07
1503722024	4.84e-07
1503722084	4.84e-07
1503722145	4.85e-07
1503722205	4.84e-07
1503722266	4.84e-07
1503722326	4.84e-07
1503722387	4.83e-07
1503722447	4.83e-07
1503722508	4.83e-07
1503722568	4.83e-07
1503722629	4.83e-07
1503722690	4.83e-07
1503722750	4.83e-07
1503722811	4.83e-07
1503722871	4.82e-07
1503722932	4.82e-07
1503722992	4.81e-07
1503723053	4.81e-07
1503723113	4.8e-07
1503723174	4.81e-07
1503723234	4.81e-07
1503723295	4.81e-07
1503723355	4.8e-07
1503723416	4.8e-07
1503723476	4.8e-07
1503723537	4.8e-07
1503723597	4.79e-07
1503723658	4.79e-07
1503723719	4.78e-07
1503723779	4.78e-07
1503723840	4.79e-07
1503723900	4.78e-07
1503723961	4.78e-07
1503724021	4.78e-07
1503724082	4.77e-07
1503724142	4.77e-07
1503724203	4.77e-07
1503724263	4.77e-07
1503724324	4.76e-07
1503724384	4.75e-07
1503724445	4.75e-07
1503724505	4.75e-07
1503724566	4.75e-07
1503724626	4.75e-07
1503724687	4.75e-07
1503724747	4.75e-07
1503724808	4.75e-07
1503724868	4.74e-07
1503724929	4.74e-07
1503724989	4.74e-07
1503725050	4.73e-07
1503725110	4.73e-07
1503725171	4.73e-07
1503725231	4.72e-07
1503725292	4.72e-07
1503725352	4.72e-07
1503725413	4.72e-07
1503725473	4.71e-07
1503725534	4.71e-07
1503725595	4.71e-07
1503725655	4.7e-07
1503725716	4.7e-07
1503725776	4.7e-07
1503725837	4.69e-07
1503725897	4.69e-07
1503725958	4.69e-07
1503726018	4.68e-07
1503726079	4.68e-07
1503726139	4.67e-07
1503726200	4.67e-07
1503726260	4.67e-07
1503726321	4.67e-07
1503726382	4.67e-07
1503726442	4.66e-07
1503726503	4.66e-07
1503726563	4.66e-07
1503726624	4.66e-07
1503726684	4.66e-07
1503726745	4.66e-07
1503726805	4.66e-07
1503726866	4.65e-07
1503726926	4.65e-07
1503726987	4.65e-07
1503727047	4.65e-07
1503727108	4.64e-07
1503727168	4.64e-07
1503727229	4.64e-07
1503727289	4.64e-07
1503727350	4.64e-07
1503727410	4.64e-07
1503727471	4.64e-07
1503727531	4.65e-07
1503727592	4.65e-07
1503727652	4.64e-07
1503727713	4.64e-07
1503727773	4.64e-07
1503727834	4.64e-07
1503727895	4.64e-07
1503727955	4.64e-07
1503728016	4.64e-07
1503728076	4.64e-07
1503728137	4.64e-07
1503728197	4.64e-07
1503728258	4.64e-07
1503728318	4.64e-07
1503728379	4.63e-07
1503728439	4.63e-07
1503728500	4.63e-07
1503728560	4.62e-07
1503728621	4.62e-07
1503728681	4.61e-07
1503728742	4.62e-07
1503728802	4.61e-07
1503728863	4.61e-07
1503728923	4.61e-07
1503728984	4.61e-07
1503729044	4.61e-07
1503729105	4.6e-07
1503729165	4.6e-07
1503729226	4.6e-07
1503729287	4.6e-07
1503729347	4.6e-07
1503729408	4.59e-07
1503729468	4.59e-07
1503729529	4.6e-07
1503729589	4.6e-07
1503729650	4.6e-07
1503729710	4.6e-07
1503729771	4.59e-07
1503729831	4.59e-07
1503729892	4.58e-07
1503729952	4.58e-07
1503730013	4.58e-07
1503730073	4.58e-07
1503730134	4.58e-07
1503730194	4.58e-07
1503730255	4.58e-07
1503730315	4.58e-07
1503730376	4.58e-07
1503730436	4.58e-07
1503730497	4.58e-07
1503730558	4.58e-07
1503730618	4.58e-07
1503730678	4.58e-07
1503730739	4.58e-07
1503730800	4.58e-07
1503730860	4.58e-07
1503730921	4.57e-07
1503730981	4.57e-07
1503731042	4.56e-07
1503731102	4.56e-07
1503731163	4.56e-07
1503731223	4.56e-07
1503731284	4.55e-07
1503731344	4.55e-07
1503731405	4.55e-07
1503731465	4.54e-07
1503731526	4.54e-07
1503731587	4.53e-07
1503731647	4.53e-07
1503731708	4.53e-07
1503731768	4.52e-07
1503731829	4.52e-07
1503731889	4.51e-07
1503731950	4.51e-07
1503732010	4.51e-07
1503732071	4.51e-07
1503732131	4.5e-07
1503732192	4.5e-07
1503732252	4.5e-07
1503732313	4.5e-07
1503732373	4.5e-07
1503732434	4.49e-07
1503732494	4.49e-07
1503732555	4.49e-07
1503732615	4.49e-07
1503732676	4.48e-07
1503732737	4.48e-07
1503732797	4.48e-07
1503732858	4.47e-07
1503732918	4.47e-07
1503732979	4.46e-07
1503733039	4.46e-07
1503733100	4.46e-07
1503733160	4.45e-07
1503733221	4.45e-07
1503733281	4.45e-07
1503733342	4.45e-07
1503733402	4.44e-07
1503733463	4.44e-07
1503733523	4.44e-07
1503733584	4.44e-07
1503733644	4.44e-07
1503733705	4.44e-07
1503733765	4.44e-07
1503733826	4.44e-07
1503733886	4.44e-07
1503733947	4.44e-07
1503734007	4.45e-07
1503734068	4.45e-07
1503734128	4.45e-07
1503734189	4.45e-07
1503734250	4.45e-07
1503734310	4.45e-07
1503734371	4.45e-07
1503734431	4.45e-07
1503734492	4.45e-07
1503734552	4.46e-07
1503734613	4.46e-07
1503734673	4.46e-07
1503734734	4.46e-07
1503734794	4.46e-07
1503734855	4.46e-07
1503734915	4.46e-07
1503734976	4.46e-07
1503735036	4.46e-07
1503735097	4.46e-07
1503735158	4.46e-07
1503735218	4.46e-07
1503735279	4.46e-07
1503735339	4.47e-07
1503735400	4.47e-07
1503735460	4.47e-07
1503735521	4.47e-07
1503735581	4.47e-07
1503735642	4.47e-07
1503735702	4.48e-07
1503735763	4.48e-07
1503735823	4.48e-07
1503735884	4.48e-07
1503735944	4.48e-07
1503736005	4.48e-07
1503736066	4.49e-07
1503736126	4.49e-07
1503736187	4.49e-07
1503736247	4.49e-07
1503736308	4.5e-07
1503736368	4.5e-07
1503736429	4.5e-07
1503736489	4.51e-07
1503736550	4.51e-07
1503736610	4.51e-07
1503736671	4.51e-07
1503736731	4.52e-07
1503736792	4.52e-07
1503736852	4.52e-07
1503736913	4.53e-07
1503736974	4.53e-07
1503737034	4.53e-07
1503737094	4.52e-07
1503737155	4.53e-07
1503737216	4.52e-07
1503737276	4.52e-07
1503737337	4.53e-07
1503737397	4.53e-07
1503737458	4.53e-07
1503737518	4.53e-07
1503737579	4.53e-07
1503737639	4.53e-07
1503737700	4.54e-07
1503737760	4.54e-07
1503737821	4.54e-07
1503737881	4.54e-07
1503737942	4.54e-07
1503738003	4.54e-07
1503738063	4.54e-07
1503738124	4.55e-07
1503738184	4.55e-07
1503738245	4.55e-07
1503738305	4.55e-07
1503738366	4.55e-07
1503738426	4.55e-07
1503738487	4.55e-07
1503738547	4.55e-07
1503738608	4.55e-07
1503738668	4.55e-07
1503738729	4.56e-07
1503738789	4.56e-07
1503738850	4.56e-07
1503738910	4.56e-07
1503738971	4.56e-07
1503739032	4.56e-07
1503739092	4.56e-07
1503739153	4.57e-07
1503739213	4.57e-07
1503739274	4.57e-07
1503739334	4.57e-07
1503739395	4.57e-07
1503739455	4.57e-07
1503739516	4.58e-07
1503739576	4.57e-07
1503739637	4.57e-07
1503739697	4.57e-07
1503739758	4.58e-07
1503739819	4.58e-07
1503739879	4.58e-07
1503739940	4.58e-07
1503740000	4.58e-07
1503740061	4.58e-07
1503740121	4.58e-07
1503740182	4.58e-07
1503740242	4.58e-07
1503740303	4.58e-07
1503740363	4.58e-07
1503740424	4.58e-07
1503740484	4.58e-07
1503740545	4.58e-07
1503740605	4.58e-07
1503740666	4.58e-07
1503740726	4.58e-07
1503740787	4.58e-07
1503740847	4.58e-07
1503740908	4.58e-07
1503740968	4.58e-07
1503741029	4.58e-07
1503741089	4.58e-07
1503741150	4.58e-07
1503741211	4.58e-07
1503741271	4.58e-07
1503741332	4.58e-07
1503741392	4.58e-07
1503741453	4.58e-07
1503741513	4.58e-07
1503741574	4.59e-07
1503741634	4.59e-07
1503741695	4.59e-07
1503741755	4.59e-07
1503741816	4.59e-07
1503741877	4.59e-07
1503741937	4.59e-07
1503741998	4.59e-07
1503742058	4.59e-07
1503742119	4.59e-07
1503742179	4.59e-07
1503742239	4.59e-07
1503742300	4.59e-07
1503742361	4.59e-07
1503742421	4.59e-07
1503742482	4.59e-07
1503742542	4.59e-07
1503742603	4.59e-07
1503742663	4.59e-07
1503742724	4.59e-07
1503742784	4.59e-07
1503742845	4.59e-07
1503742905	4.59e-07
1503742966	4.59e-07
1503743026	4.58e-07
1503743087	4.59e-07
1503743147	4.58e-07
1503743208	4.58e-07
1503743268	4.58e-07
1503743329	4.58e-07
1503743389	4.58e-07
1503743450	4.57e-07
1503743510	4.57e-07
1503743571	4.57e-07
1503743632	4.57e-07
1503743692	4.57e-07
1503743753	4.57e-07
1503743813	4.57e-07
1503743874	4.57e-07
1503743934	4.56e-07
1503743995	4.56e-07
1503744055	4.56e-07
1503744116	4.56e-07
1503744176	4.56e-07
1503744237	4.56e-07
1503744297	4.56e-07
1503744358	4.56e-07
1503744418	4.55e-07
1503744479	4.55e-07
1503744540	4.55e-07
1503744600	4.55e-07
1503744661	4.55e-07
1503744721	4.55e-07
1503744782	4.55e-07
1503744842	4.54e-07
1503744903	4.54e-07
1503744963	4.54e-07
1503745024	4.54e-07
1503745084	4.53e-07
1503745145	4.53e-07
1503745205	4.53e-07
1503745266	4.52e-07
1503745326	4.52e-07
1503745387	4.52e-07
1503745447	4.52e-07
1503745508	4.51e-07
1503745569	4.51e-07
1503745629	4.51e-07
1503745690	4.51e-07
1503745750	4.51e-07
1503745811	4.5e-07
1503745871	4.5e-07
1503745932	4.5e-07
1503745992	4.5e-07
1503746053	4.5e-07
1503746113	4.5e-07
1503746174	4.49e-07
1503746234	4.49e-07
1503746295	4.49e-07
1503746355	4.49e-07
1503746416	4.49e-07
1503746477	4.49e-07
1503746537	4.49e-07
1503746598	4.49e-07
1503746658	4.49e-07
1503746719	4.48e-07
1503746779	4.48e-07
1503746840	4.48e-07
1503746900	4.48e-07
1503746961	4.48e-07
1503747021	4.47e-07
1503747082	4.48e-07
1503747142	4.47e-07
1503747203	4.47e-07
1503747263	4.47e-07
1503747324	4.47e-07
1503747384	4.46e-07
1503747445	4.46e-07
1503747505	4.46e-07
1503747566	4.45e-07
1503747627	4.45e-07
1503747687	4.45e-07
1503747748	4.45e-07
1503747808	4.45e-07
1503747869	4.45e-07
1503747929	4.45e-07
1503747990	4.45e-07
1503748050	4.44e-07
1503748111	4.44e-07
1503748171	4.44e-07
1503748232	4.44e-07
1503748292	4.44e-07
1503748353	4.43e-07
1503748413	4.43e-07
1503748474	4.43e-07
1503748534	4.43e-07
1503748595	4.42e-07
1503748656	4.42e-07
1503748716	4.42e-07
1503748777	4.42e-07
1503748837	4.41e-07
1503748898	4.41e-07
1503748958	4.41e-07
1503749019	4.41e-07
1503749079	4.41e-07
1503749140	4.4e-07
1503749200	4.41e-07
1503749261	4.4e-07
1503749321	4.41e-07
1503749382	4.4e-07
1503749442	4.4e-07
1503749503	4.4e-07
1503749563	4.4e-07
1503749624	4.39e-07
1503749685	4.39e-07
1503749745	4.39e-07
1503749806	4.39e-07
1503749866	4.39e-07
1503749927	4.39e-07
1503749987	4.39e-07
1503750048	4.38e-07
1503750108	4.38e-07
1503750169	4.38e-07
1503750229	4.38e-07
1503750290	4.38e-07
1503750351	4.38e-07
1503750411	4.38e-07
1503750472	4.38e-07
1503750532	4.38e-07
1503750593	4.38e-07
1503750653	4.38e-07
1503750714	4.38e-07
1503750774	4.38e-07
1503750835	4.38e-07
1503750895	4.38e-07
1503750956	4.38e-07
1503751017	4.38e-07
1503751077	4.38e-07
1503751138	4.37e-07
1503751198	4.38e-07
1503751259	4.38e-07
1503751319	4.38e-07
1503751380	4.38e-07
1503751440	4.38e-07
1503751501	4.39e-07
1503751561	4.38e-07
1503751622	4.38e-07
1503751683	4.38e-07
1503751743	4.38e-07
1503751804	4.38e-07
1503751864	4.37e-07
1503751925	4.37e-07
1503751985	4.37e-07
1503752046	4.37e-07
1503752106	4.37e-07
1503752167	4.37e-07
1503752227	4.37e-07
1503752288	4.37e-07
1503752348	4.37e-07
1503752409	4.36e-07
1503752469	4.36e-07
1503752530	4.36e-07
1503752590	4.36e-07
1503752651	4.36e-07
1503752711	4.36e-07
1503752772	4.36e-07
1503752832	4.36e-07
1503752893	4.36e-07
1503752953	4.36e-07
1503753014	4.36e-07
1503753074	4.36e-07
1503753135	4.36e-07
1503753196	4.36e-07
1503753256	4.36e-07
1503753317	4.36e-07
1503753377	4.37e-07
1503753438	4.37e-07
1503753498	4.36e-07
1503753559	4.36e-07
1503753619	4.36e-07
1503753680	4.36e-07
1503753740	4.37e-07
1503753801	4.37e-07
1503753861	4.37e-07
1503753922	4.37e-07
1503753982	4.36e-07
1503754043	4.36e-07
1503754103	4.36e-07
1503754164	4.36e-07
1503754224	4.36e-07
1503754285	4.36e-07
1503754346	4.36e-07
1503754406	4.36e-07
1503754467	4.35e-07
1503754527	4.35e-07
1503754588	4.35e-07
1503754648	4.36e-07
1503754709	4.35e-07
1503754769	4.35e-07
1503754830	4.35e-07
1503754890	4.36e-07
1503754951	4.35e-07
1503755011	4.35e-07
1503755072	4.35e-07
1503755132	4.35e-07
1503755193	4.35e-07
1503755253	4.35e-07
1503755314	4.35e-07
1503755374	4.35e-07
1503755435	4.36e-07
1503755495	4.36e-07
1503755556	4.36e-07
1503755616	4.36e-07
1503755677	4.36e-07
1503755738	4.36e-07
1503755798	4.36e-07
1503755859	4.36e-07
1503755919	4.36e-07
1503755980	4.36e-07
1503756040	4.36e-07
1503756101	4.36e-07
1503756161	4.36e-07
1503756222	4.36e-07
1503756282	4.36e-07
1503756343	4.36e-07
1503756403	4.36e-07
1503756464	4.36e-07
1503756524	4.36e-07
1503756585	4.36e-07
1503756645	4.36e-07
1503756706	4.35e-07
1503756767	4.35e-07
1503756827	4.35e-07
1503756888	4.36e-07
1503756948	4.35e-07
1503757009	4.35e-07
1503757069	4.35e-07
1503757130	4.35e-07
1503757190	4.35e-07
1503757251	4.35e-07
1503757311	4.35e-07
1503757372	4.35e-07
1503757432	4.34e-07
1503757493	4.34e-07
1503757554	4.34e-07
1503757614	4.34e-07
1503757675	4.34e-07
1503757735	4.34e-07
1503757795	4.34e-07
1503757856	4.33e-07
1503757917	4.33e-07
1503757977	4.33e-07
1503758038	4.33e-07
1503758098	4.33e-07
1503758159	4.33e-07
1503758219	4.33e-07
1503758280	4.32e-07
1503758340	4.32e-07
1503758401	4.32e-07
1503758461	4.32e-07
1503758522	4.33e-07
1503758582	4.32e-07
1503758643	4.32e-07
1503758703	4.32e-07
1503758764	4.32e-07
1503758824	4.32e-07
1503758885	4.31e-07
1503758946	4.32e-07
1503759006	4.31e-07
1503759067	4.32e-07
1503759127	4.32e-07
1503759188	4.32e-07
1503759248	4.31e-07
1503759309	4.32e-07
1503759369	4.31e-07
1503759430	4.31e-07
1503759490	4.31e-07
1503759551	4.31e-07
1503759611	4.31e-07
1503759672	4.31e-07
1503759732	4.31e-07
1503759793	4.31e-07
1503759853	4.3e-07
1503759914	4.3e-07
1503759974	4.3e-07
1503760035	4.3e-07
1503760096	4.3e-07
1503760156	4.3e-07
1503760217	4.3e-07
1503760277	4.3e-07
1503760338	4.3e-07
1503760398	4.3e-07
1503760459	4.3e-07
1503760519	4.3e-07
1503760580	4.29e-07
1503760640	4.29e-07
1503760701	4.29e-07
1503760761	4.29e-07
1503760822	4.29e-07
1503760882	4.29e-07
1503760943	4.29e-07
1503761003	4.29e-07
1503761064	4.29e-07
1503761124	4.29e-07
1503761185	4.29e-07
1503761245	4.29e-07
1503761306	4.29e-07
1503761367	4.29e-07
1503761427	4.29e-07
1503761488	4.29e-07
1503761548	4.29e-07
1503761609	4.29e-07
1503761669	4.29e-07
1503761730	4.29e-07
1503761790	4.29e-07
1503761851	4.29e-07
1503761911	4.29e-07
1503761972	4.29e-07
1503762032	4.29e-07
1503762093	4.29e-07
1503762153	4.29e-07
1503762214	4.29e-07
1503762275	4.29e-07
1503762335	4.29e-07
1503762395	4.29e-07
1503762456	4.3e-07
1503762517	4.3e-07
1503762577	4.3e-07
1503762638	4.3e-07
1503762698	4.3e-07
1503762759	4.29e-07
1503762819	4.3e-07
1503762880	4.3e-07
1503762940	4.3e-07
1503763001	4.3e-07
1503763061	4.3e-07
1503763122	4.31e-07
1503763183	4.31e-07
1503763243	4.31e-07
1503763304	4.31e-07
1503763364	4.32e-07
1503763425	4.32e-07
1503763485	4.33e-07
1503763546	4.33e-07
1503763606	4.33e-07
1503763667	4.33e-07
1503763727	4.34e-07
1503763788	4.34e-07
1503763848	4.34e-07
1503763909	4.34e-07
1503763969	4.34e-07
1503764030	4.34e-07
1503764090	4.34e-07
1503764151	4.34e-07
1503764211	4.34e-07
1503764272	4.34e-07
1503764332	4.34e-07
1503764393	4.34e-07
1503764453	4.34e-07
1503764514	4.34e-07
1503764574	4.35e-07
1503764635	4.35e-07
1503764696	4.35e-07
1503764756	4.35e-07
1503764817	4.36e-07
1503764877	4.36e-07
1503764938	4.36e-07
1503764998	4.36e-07
1503765059	4.37e-07
1503765119	4.37e-07
1503765180	4.37e-07
1503765240	4.37e-07
1503765301	4.37e-07
1503765361	4.37e-07
1503765422	4.37e-07
1503765482	4.37e-07
1503765543	4.37e-07
1503765603	4.37e-07
1503765664	4.37e-07
1503765724	4.37e-07
1503765785	4.37e-07
1503765845	4.37e-07
1503765906	4.37e-07
1503765966	4.37e-07
1503766027	4.37e-07
1503766087	4.37e-07
1503766148	4.37e-07
1503766208	4.37e-07
1503766269	4.37e-07
1503766330	4.37e-07
1503766390	4.38e-07
1503766451	4.38e-07
1503766511	4.38e-07
1503766572	4.38e-07
1503766632	4.38e-07
1503766693	4.38e-07
1503766753	4.38e-07
1503766814	4.38e-07
1503766874	4.38e-07
1503766935	4.38e-07
1503766995	4.38e-07
1503767056	4.38e-07
1503767117	4.38e-07
1503767177	4.38e-07
1503767238	4.38e-07
1503767298	4.38e-07
1503767359	4.39e-07
1503767419	4.39e-07
1503767480	4.39e-07
1503767540	4.39e-07
1503767601	4.39e-07
1503767661	4.4e-07
1503767722	4.41e-07
1503767782	4.41e-07
1503767843	4.41e-07
1503767904	4.41e-07
1503767964	4.42e-07
1503768024	4.42e-07
1503768085	4.42e-07
1503768146	4.42e-07
1503768206	4.42e-07
1503768267	4.42e-07
1503768327	4.42e-07
1503768388	4.42e-07
1503768448	4.42e-07
1503768509	4.43e-07
1503768569	4.43e-07
1503768630	4.43e-07
1503768690	4.43e-07
1503768751	4.43e-07
1503768811	4.43e-07
1503768872	4.43e-07
1503768932	4.42e-07
1503768993	4.42e-07
1503769054	4.42e-07
1503769114	4.42e-07
1503769175	4.42e-07
1503769235	4.42e-07
1503769296	4.42e-07
1503769356	4.42e-07
1503769417	4.42e-07
1503769477	4.42e-07
1503769538	4.42e-07
1503769598	4.43e-07
1503769659	4.43e-07
1503769720	4.43e-07
1503769780	4.43e-07
1503769841	4.43e-07
1503769901	4.43e-07
1503769962	4.43e-07
1503770022	4.43e-07
1503770083	4.43e-07
1503770143	4.43e-07
1503770204	4.43e-07
1503770264	4.43e-07
1503770325	4.43e-07
1503770385	4.43e-07
1503770446	4.43e-07
1503770506	4.43e-07
1503770567	4.43e-07
1503770627	4.43e-07
1503770688	4.44e-07
1503770748	4.44e-07
1503770809	4.44e-07
1503770869	4.44e-07
1503770930	4.44e-07
1503770990	4.44e-07
1503771051	4.45e-07
1503771111	4.45e-07
1503771172	4.45e-07
1503771232	4.45e-07
1503771293	4.45e-07
1503771353	4.45e-07
1503771414	4.45e-07
1503771474	4.45e-07
1503771535	4.45e-07
1503771595	4.46e-07
1503771656	4.46e-07
1503771716	4.46e-07
1503771777	4.46e-07
1503771838	4.46e-07
1503771898	4.47e-07
1503771959	4.46e-07
1503772019	4.46e-07
1503772080	4.46e-07
1503772140	4.47e-07
1503772201	4.46e-07
1503772261	4.47e-07
1503772322	4.47e-07
1503772382	4.47e-07
1503772443	4.47e-07
1503772503	4.47e-07
1503772564	4.47e-07
1503772624	4.47e-07
1503772685	4.48e-07
1503772745	4.48e-07
1503772806	4.47e-07
1503772866	4.47e-07
1503772927	4.48e-07
1503772987	4.47e-07
1503773048	4.47e-07
1503773108	4.47e-07
1503773169	4.47e-07
1503773229	4.47e-07
1503773290	4.47e-07
1503773350	4.47e-07
1503773411	4.47e-07
1503773472	4.47e-07
1503773532	4.48e-07
1503773593	4.48e-07
1503773653	4.48e-07
1503773714	4.48e-07
1503773774	4.48e-07
1503773835	4.48e-07
1503773895	4.48e-07
1503773956	4.48e-07
1503774016	4.49e-07
1503774077	4.49e-07
1503774137	4.49e-07
1503774198	4.49e-07
1503774258	4.49e-07
1503774319	4.49e-07
1503774379	4.49e-07
1503774440	4.49e-07
1503774500	4.5e-07
1503774561	4.5e-07
1503774621	4.5e-07
1503774682	4.5e-07
1503774742	4.5e-07
1503774803	4.5e-07
1503774864	4.51e-07
1503774924	4.51e-07
1503774985	4.51e-07
1503775045	4.51e-07
1503775106	4.51e-07
1503775166	4.51e-07
1503775227	4.51e-07
1503775287	4.52e-07
1503775348	4.52e-07
1503775408	4.52e-07
1503775469	4.53e-07
1503775529	4.53e-07
1503775590	4.53e-07
1503775650	4.53e-07
1503775711	4.53e-07
1503775771	4.54e-07
1503775832	4.54e-07
1503775892	4.55e-07
1503775953	4.55e-07
1503776013	4.55e-07
1503776074	4.55e-07
1503776135	4.55e-07
1503776195	4.55e-07
1503776256	4.55e-07
1503776316	4.55e-07
1503776377	4.56e-07
1503776437	4.56e-07
1503776498	4.56e-07
1503776558	4.56e-07
1503776619	4.57e-07
1503776679	4.57e-07
1503776740	4.57e-07
1503776800	4.57e-07
1503776861	4.57e-07
1503776921	4.57e-07
1503776982	4.57e-07
1503777043	4.57e-07
1503777103	4.57e-07
1503777164	4.57e-07
1503777224	4.57e-07
1503777285	4.58e-07
1503777345	4.58e-07
1503777406	4.58e-07
1503777466	4.58e-07
1503777527	4.58e-07
1503777587	4.59e-07
1503777648	4.58e-07
1503777709	4.59e-07
1503777769	4.59e-07
1503777830	4.59e-07
1503777890	4.59e-07
1503777951	4.59e-07
1503778011	4.59e-07
1503778072	4.59e-07
1503778132	4.59e-07
1503778193	4.6e-07
1503778253	4.6e-07
1503778314	4.6e-07
1503778374	4.6e-07
1503778435	4.6e-07
1503778495	4.61e-07
1503778556	4.61e-07
1503778616	4.61e-07
1503778677	4.61e-07
1503778738	4.61e-07
1503778798	4.62e-07
1503778859	4.62e-07
1503778919	4.62e-07
1503778980	4.62e-07
1503779040	4.62e-07
1503779101	4.63e-07
1503779161	4.63e-07
1503779222	4.62e-07
1503779282	4.62e-07
1503779343	4.62e-07
1503779403	4.63e-07
1503779464	4.63e-07
1503779524	4.63e-07
1503779585	4.63e-07
1503779645	4.63e-07
1503779706	4.63e-07
1503779766	4.63e-07
1503779827	4.63e-07
1503779887	4.63e-07
1503779948	4.64e-07
1503780008	4.64e-07
1503780069	4.64e-07
1503780130	4.64e-07
1503780190	4.64e-07
1503780251	4.64e-07
1503780311	4.65e-07
1503780372	4.64e-07
1503780432	4.64e-07
1503780493	4.64e-07
1503780553	4.64e-07
1503780614	4.64e-07
1503780674	4.65e-07
1503780735	4.65e-07
1503780795	4.65e-07
1503780856	4.65e-07
1503780916	4.66e-07
1503780977	4.66e-07
1503781037	4.66e-07
1503781098	4.66e-07
1503781158	4.66e-07
1503781219	4.67e-07
1503781279	4.67e-07
1503781340	4.67e-07
1503781400	4.67e-07
1503781461	4.67e-07
1503781521	4.67e-07
1503781582	4.67e-07
1503781642	4.67e-07
1503781703	4.67e-07
1503781763	4.67e-07
1503781824	4.68e-07
1503781884	4.68e-07
1503781945	4.68e-07
1503782005	4.67e-07
1503782066	4.68e-07
1503782127	4.68e-07
1503782187	4.68e-07
1503782248	4.68e-07
1503782308	4.68e-07
1503782369	4.69e-07
1503782429	4.69e-07
1503782490	4.69e-07
1503782550	4.68e-07
1503782611	4.68e-07
1503782671	4.68e-07
1503782732	4.68e-07
1503782792	4.68e-07
1503782853	4.69e-07
1503782913	4.69e-07
1503782974	4.69e-07
1503783035	4.69e-07
1503783095	4.69e-07
1503783156	4.69e-07
1503783216	4.69e-07
1503783277	4.69e-07
1503783337	4.69e-07
1503783398	4.69e-07
1503783458	4.7e-07
1503783519	4.7e-07
1503783579	4.7e-07
1503783640	4.7e-07
1503783700	4.7e-07
1503783761	4.69e-07
1503783821	4.69e-07
1503783882	4.69e-07
1503783943	4.7e-07
1503784003	4.69e-07
1503784063	4.69e-07
1503784124	4.7e-07
1503784184	4.7e-07
1503784245	4.7e-07
1503784305	4.69e-07
1503784366	4.69e-07
1503784427	4.7e-07
1503784487	4.7e-07
1503784548	4.7e-07
1503784608	4.7e-07
1503784669	4.7e-07
1503784729	4.7e-07
1503784790	4.7e-07
1503784850	4.69e-07
1503784911	4.69e-07
1503784971	4.69e-07
1503785032	4.69e-07
1503785092	4.69e-07
1503785153	4.69e-07
1503785213	4.7e-07
1503785274	4.7e-07
1503785334	4.7e-07
1503785395	4.7e-07
1503785455	4.69e-07
1503785516	4.7e-07
1503785576	4.69e-07
1503785637	4.69e-07
1503785697	4.69e-07
1503785758	4.69e-07
1503785819	4.68e-07
1503785879	4.68e-07
1503785940	4.68e-07
1503786000	4.68e-07
1503786061	4.68e-07
1503786121	4.68e-07
1503786182	4.68e-07
1503786242	4.68e-07
1503786303	4.68e-07
1503786363	4.68e-07
1503786424	4.68e-07
1503786484	4.68e-07
1503786545	4.68e-07
1503786605	4.68e-07
1503786666	4.68e-07
1503786727	4.68e-07
1503786787	4.68e-07
1503786848	4.68e-07
1503786908	4.68e-07
1503786969	4.68e-07
1503787029	4.68e-07
1503787090	4.68e-07
1503787150	4.68e-07
1503787211	4.68e-07
1503787271	4.68e-07
1503787332	4.69e-07
1503787392	4.68e-07
1503787453	4.68e-07
1503787513	4.68e-07
1503787574	4.68e-07
1503787635	4.68e-07
1503787695	4.68e-07
1503787756	4.68e-07
1503787816	4.68e-07
1503787877	4.68e-07
1503787937	4.68e-07
1503787998	4.68e-07
1503788058	4.68e-07
1503788119	4.67e-07
1503788179	4.67e-07
1503788240	4.67e-07
1503788300	4.67e-07
1503788361	4.67e-07
1503788422	4.66e-07
1503788482	4.66e-07
1503788543	4.67e-07
1503788603	4.67e-07
1503788664	4.67e-07
1503788724	4.66e-07
1503788785	4.67e-07
1503788845	4.66e-07
1503788906	4.66e-07
1503788966	4.66e-07
1503789027	4.66e-07
1503789087	4.66e-07
1503789148	4.66e-07
1503789208	4.65e-07
1503789269	4.65e-07
1503789329	4.65e-07
1503789390	4.65e-07
1503789451	4.65e-07
1503789511	4.65e-07
1503789572	4.65e-07
1503789632	4.64e-07
1503789693	4.64e-07
1503789753	4.64e-07
1503789814	4.64e-07
1503789874	4.64e-07
1503789935	4.64e-07
1503789995	4.64e-07
1503790056	4.64e-07
1503790116	4.65e-07
1503790177	4.65e-07
1503790237	4.65e-07
1503790298	4.65e-07
1503790359	4.65e-07
1503790419	4.65e-07
1503790480	4.64e-07
1503790540	4.64e-07
1503790601	4.64e-07
1503790661	4.64e-07
1503790722	4.64e-07
1503790782	4.64e-07
1503790843	4.64e-07
1503790903	4.64e-07
1503790964	4.64e-07
1503791024	4.64e-07
1503791085	4.64e-07
1503791145	4.64e-07
1503791206	4.64e-07
1503791266	4.64e-07
1503791327	4.64e-07
1503791387	4.64e-07
1503791448	4.64e-07
1503791509	4.64e-07
1503791569	4.64e-07
1503791630	4.64e-07
1503791690	4.64e-07
1503791751	4.64e-07
1503791811	4.64e-07
1503791872	4.64e-07
1503791932	4.64e-07
1503791993	4.64e-07
1503792053	4.63e-07
1503792114	4.63e-07
1503792174	4.64e-07
1503792235	4.64e-07
1503792295	4.64e-07
1503792356	4.63e-07
1503792416	4.63e-07
1503792477	4.63e-07
1503792537	4.64e-07
1503792598	4.64e-07
1503792659	4.64e-07
1503792719	4.64e-07
1503792779	4.64e-07
1503792840	4.64e-07
1503792900	4.64e-07
1503792961	4.64e-07
1503793022	4.64e-07
1503793082	4.64e-07
1503793143	4.64e-07
1503793203	4.64e-07
1503793264	4.64e-07
1503793324	4.64e-07
1503793385	4.64e-07
1503793445	4.64e-07
1503793506	4.64e-07
1503793566	4.64e-07
1503793627	4.64e-07
1503793687	4.64e-07
1503793748	4.64e-07
1503793808	4.65e-07
1503793869	4.65e-07
1503793929	4.64e-07
1503793990	4.64e-07
1503794051	4.64e-07
1503794111	4.64e-07
1503794172	4.64e-07
1503794232	4.64e-07
1503794293	4.64e-07
1503794353	4.65e-07
1503794414	4.64e-07
1503794474	4.64e-07
1503794535	4.64e-07
1503794595	4.65e-07
1503794656	4.65e-07
1503794716	4.65e-07
1503794777	4.65e-07
1503794837	4.65e-07
1503794898	4.64e-07
1503794959	4.64e-07
1503795019	4.64e-07
1503795080	4.65e-07
1503795140	4.65e-07
1503795201	4.64e-07
1503795261	4.65e-07
1503795322	4.65e-07
1503795382	4.65e-07
1503795443	4.65e-07
1503795503	4.65e-07
1503795564	4.65e-07
1503795624	4.65e-07
1503795685	4.65e-07
1503795745	4.65e-07
1503795806	4.65e-07
1503795866	4.65e-07
1503795927	4.65e-07
1503795987	4.65e-07
1503796048	4.65e-07
1503796108	4.65e-07
1503796169	4.65e-07
1503796229	4.65e-07
1503796290	4.65e-07
1503796350	4.65e-07
1503796411	4.65e-07
1503796472	4.65e-07
1503796532	4.65e-07
1503796593	4.65e-07
1503796653	4.65e-07
1503796714	4.65e-07
1503796774	4.65e-07
1503796835	4.65e-07
1503796895	4.65e-07
1503796956	4.65e-07
1503797016	4.64e-07
1503797077	4.64e-07
1503797138	4.65e-07
1503797198	4.65e-07
1503797259	4.65e-07
1503797319	4.65e-07
1503797380	4.65e-07
1503797440	4.65e-07
1503797501	4.65e-07
1503797561	4.65e-07
1503797622	4.65e-07
1503797682	4.65e-07
1503797743	4.65e-07
1503797803	4.65e-07
1503797864	4.65e-07
1503797925	4.65e-07
1503797985	4.65e-07
1503798046	4.65e-07
1503798106	4.65e-07
1503798167	4.66e-07
1503798227	4.65e-07
1503798288	4.66e-07
1503798348	4.66e-07
1503798409	4.66e-07
1503798469	4.66e-07
1503798530	4.66e-07
1503798590	4.66e-07
1503798651	4.66e-07
1503798711	4.66e-07
1503798772	4.66e-07
1503798832	4.66e-07
1503798893	4.66e-07
1503798954	4.66e-07
1503799014	4.66e-07
1503799075	4.66e-07
1503799135	4.66e-07
1503799196	4.66e-07
1503799256	4.66e-07
1503799317	4.66e-07
1503799377	4.66e-07
1503799438	4.66e-07
1503799498	4.66e-07
1503799559	4.66e-07
1503799619	4.66e-07
1503799680	4.66e-07
1503799740	4.66e-07
1503799801	4.66e-07
1503799861	4.66e-07
1503799922	4.66e-07
1503799982	4.66e-07
1503800043	4.66e-07
1503800103	4.66e-07
1503800164	4.66e-07
1503800225	4.66e-07
1503800285	4.66e-07
1503800345	4.66e-07
1503800406	4.67e-07
1503800467	4.67e-07
1503800527	4.67e-07
1503800588	4.66e-07
1503800648	4.66e-07
1503800709	4.67e-07
1503800769	4.66e-07
1503800830	4.66e-07
1503800890	4.67e-07
1503800951	4.66e-07
1503801011	4.67e-07
1503801072	4.67e-07
1503801132	4.66e-07
1503801193	4.66e-07
1503801253	4.66e-07
1503801314	4.66e-07
1503801374	4.66e-07
1503801435	4.66e-07
1503801495	4.66e-07
1503801556	4.66e-07
1503801617	4.66e-07
1503801677	4.66e-07
1503801738	4.66e-07
1503801798	4.66e-07
1503801859	4.66e-07
1503801919	4.66e-07
1503801980	4.66e-07
1503802040	4.66e-07
1503802101	4.66e-07
1503802161	4.66e-07
1503802222	4.66e-07
1503802283	4.66e-07
1503802343	4.66e-07
1503802404	4.66e-07
1503802464	4.66e-07
1503802525	4.66e-07
1503802585	4.66e-07
1503802646	4.66e-07
1503802706	4.66e-07
1503802767	4.66e-07
1503802827	4.66e-07
1503802888	4.66e-07
1503802948	4.66e-07
1503803009	4.66e-07
1503803070	4.66e-07
1503803130	4.66e-07
1503803191	4.66e-07
1503803251	4.66e-07
1503803312	4.66e-07
1503803372	4.67e-07
1503803433	4.66e-07
1503803493	4.66e-07
1503803554	4.66e-07
1503803614	4.66e-07
1503803675	4.66e-07
1503803735	4.66e-07
1503803796	4.66e-07
1503803856	4.66e-07
1503803917	4.66e-07
1503803978	4.66e-07
1503804038	4.66e-07
1503804099	4.66e-07
1503804159	4.66e-07
1503804220	4.66e-07
1503804280	4.66e-07
1503804341	4.66e-07
1503804401	4.66e-07
1503804462	4.67e-07
1503804522	4.66e-07
1503804583	4.67e-07
1503804643	4.66e-07
1503804704	4.66e-07
1503804764	4.67e-07
1503804825	4.67e-07
1503804885	4.67e-07
1503804946	4.67e-07
1503805007	4.67e-07
1503805067	4.67e-07
1503805128	4.67e-07
1503805188	4.67e-07
1503805249	4.67e-07
1503805309	4.67e-07
1503805370	4.67e-07
1503805430	4.67e-07
1503805491	4.67e-07
1503805551	4.67e-07
1503805612	4.67e-07
1503805672	4.67e-07
1503805733	4.67e-07
1503805793	4.67e-07
1503805854	4.67e-07
1503805914	4.67e-07
1503805975	4.67e-07
1503806035	4.67e-07
1503806096	4.67e-07
1503806156	4.67e-07
1503806217	4.67e-07
1503806278	4.67e-07
1503806338	4.67e-07
1503806399	4.67e-07
1503806459	4.67e-07
1503806520	4.67e-07
1503806580	4.67e-07
1503806641	4.67e-07
1503806701	4.67e-07
1503806762	4.67e-07
1503806822	4.67e-07
1503806883	4.67e-07
1503806943	4.68e-07
1503807004	4.67e-07
1503807064	4.67e-07
1503807125	4.67e-07
1503807185	4.67e-07
1503807246	4.67e-07
1503807307	4.67e-07
1503807367	4.67e-07
1503807428	4.67e-07
1503807488	4.67e-07
1503807549	4.67e-07
1503807609	4.67e-07
1503807670	4.66e-07
1503807730	4.66e-07
1503807791	4.67e-07
1503807851	4.67e-07
1503807912	4.67e-07
1503807972	4.67e-07
1503808033	4.67e-07
1503808094	4.67e-07
1503808154	4.67e-07
1503808215	4.67e-07
1503808275	4.67e-07
1503808336	4.67e-07
1503808396	4.67e-07
1503808457	4.67e-07
1503808517	4.67e-07
1503808578	4.67e-07
1503808638	4.67e-07
1503808699	4.67e-07
1503808759	4.67e-07
1503808820	4.67e-07
1503808880	4.67e-07
1503808941	4.67e-07
1503809001	4.67e-07
1503809062	4.67e-07
1503809122	4.67e-07
1503809183	4.67e-07
1503809243	4.67e-07
1503809304	4.67e-07
1503809364	4.67e-07
1503809425	4.67e-07
1503809485	4.67e-07
1503809546	4.67e-07
1503809606	4.67e-07
1503809667	4.67e-07
1503809727	4.67e-07
1503809788	4.67e-07
1503809848	4.68e-07
1503809909	4.68e-07
1503809969	4.67e-07
1503810030	4.68e-07
1503810090	4.68e-07
1503810151	4.68e-07
1503810211	4.68e-07
1503810272	4.68e-07
1503810332	4.67e-07
1503810393	4.67e-07
1503810453	4.67e-07
1503810514	4.67e-07
1503810574	4.68e-07
1503810635	4.67e-07
1503810696	4.67e-07
1503810756	4.67e-07
1503810817	4.67e-07
1503810877	4.67e-07
1503810938	4.67e-07
1503810998	4.67e-07
1503811059	4.67e-07
1503811119	4.67e-07
1503811180	4.67e-07
1503811240	4.67e-07
1503811301	4.67e-07
1503811361	4.67e-07
1503811422	4.67e-07
1503811482	4.67e-07
1503811543	4.67e-07
1503811603	4.67e-07
1503811664	4.67e-07
1503811724	4.67e-07
1503811785	4.67e-07
1503811845	4.67e-07
1503811906	4.67e-07
1503811966	4.67e-07
1503812027	4.68e-07
1503812087	4.67e-07
1503812148	4.68e-07
1503812208	4.68e-07
1503812269	4.68e-07
1503812330	4.68e-07
1503812390	4.68e-07
1503812451	4.68e-07
1503812511	4.68e-07
1503812572	4.68e-07
1503812632	4.68e-07
1503812693	4.68e-07
1503812753	4.68e-07
1503812814	4.68e-07
1503812874	4.68e-07
1503812935	4.68e-07
1503812995	4.67e-07
1503813056	4.67e-07
1503813116	4.68e-07
1503813177	4.68e-07
1503813237	4.68e-07
1503813298	4.68e-07
1503813358	4.68e-07
1503813419	4.68e-07
1503813480	4.68e-07
1503813540	4.68e-07
1503813601	4.68e-07
1503813661	4.68e-07
1503813722	4.68e-07
1503813782	4.68e-07
1503813843	4.68e-07
1503813903	4.68e-07
1503813964	4.68e-07
1503814024	4.68e-07
1503814085	4.68e-07
1503814145	4.68e-07
1503814206	4.68e-07
1503814266	4.68e-07
1503814327	4.68e-07
1503814388	4.68e-07
1503814448	4.69e-07
1503814509	4.68e-07
1503814569	4.68e-07
1503814630	4.68e-07
1503814690	4.68e-07
1503814751	4.68e-07
1503814811	4.69e-07
1503814872	4.69e-07
1503814932	4.69e-07
1503814993	4.69e-07
1503815053	4.68e-07
1503815114	4.69e-07
1503815174	4.69e-07
1503815235	4.68e-07
1503815295	4.68e-07
1503815356	4.69e-07
1503815416	4.69e-07
1503815477	4.69e-07
1503815537	4.69e-07
1503815598	4.68e-07
1503815659	4.68e-07
1503815719	4.69e-07
1503815780	4.68e-07
1503815840	4.69e-07
1503815900	4.69e-07
1503815961	4.68e-07
1503816022	4.68e-07
1503816082	4.68e-07
1503816143	4.69e-07
1503816203	4.69e-07
1503816264	4.69e-07
1503816324	4.69e-07
1503816385	4.69e-07
1503816445	4.69e-07
1503816506	4.69e-07
1503816566	4.69e-07
1503816627	4.69e-07
1503816687	4.69e-07
1503816748	4.69e-07
1503816808	4.69e-07
1503816869	4.69e-07
1503816929	4.69e-07
1503816990	4.69e-07
1503817050	4.69e-07
1503817111	4.69e-07
1503817172	4.68e-07
1503817232	4.68e-07
1503817293	4.68e-07
1503817353	4.68e-07
1503817414	4.69e-07
1503817474	4.68e-07
1503817535	4.68e-07
1503817595	4.68e-07
1503817656	4.68e-07
1503817716	4.68e-07
1503817777	4.68e-07
1503817837	4.68e-07
1503817898	4.68e-07
1503817958	4.68e-07
1503818019	4.68e-07
1503818079	4.68e-07
1503818140	4.68e-07
1503818200	4.68e-07
1503818261	4.68e-07
1503818321	4.68e-07
1503818382	4.68e-07
1503818442	4.68e-07
1503818503	4.68e-07
1503818563	4.68e-07
1503818624	4.68e-07
1503818684	4.67e-07
1503818745	4.67e-07
1503818805	4.67e-07
1503818866	4.67e-07
1503818926	4.67e-07
1503818987	4.67e-07
1503819048	4.67e-07
1503819108	4.67e-07
1503819169	4.67e-07
1503819229	4.67e-07
1503819290	4.67e-07
1503819350	4.67e-07
1503819411	4.67e-07
1503819471	4.66e-07
1503819532	4.66e-07
1503819592	4.66e-07
1503819653	4.66e-07
1503819713	4.66e-07
1503819774	4.66e-07
1503819835	4.66e-07
1503819895	4.66e-07
1503819956	4.66e-07
1503820016	4.66e-07
1503820077	4.66e-07
1503820137	4.66e-07
1503820198	4.66e-07
1503820258	4.66e-07
1503820319	4.66e-07
1503820379	4.66e-07
1503820440	4.66e-07
1503820500	4.66e-07
1503820561	4.66e-07
1503820621	4.66e-07
1503820682	4.66e-07
1503820742	4.66e-07
1503820803	4.66e-07
1503820863	4.65e-07
1503820924	4.65e-07
1503820984	4.65e-07
1503821045	4.64e-07
1503821105	4.64e-07
1503821166	4.65e-07
1503821227	4.64e-07
1503821287	4.64e-07
1503821348	4.64e-07
1503821408	4.64e-07
1503821468	4.64e-07
1503821529	4.64e-07
1503821590	4.64e-07
1503821650	4.63e-07
1503821711	4.63e-07
1503821771	4.63e-07
1503821832	4.63e-07
1503821892	4.63e-07
1503821953	4.63e-07
1503822013	4.63e-07
1503822074	4.63e-07
1503822134	4.63e-07
1503822195	4.63e-07
1503822255	4.63e-07
1503822316	4.63e-07
1503822376	4.63e-07
1503822437	4.63e-07
1503822498	4.63e-07
1503822558	4.63e-07
1503822619	4.63e-07
1503822679	4.63e-07
1503822740	4.63e-07
1503822800	4.63e-07
1503822861	4.63e-07
1503822921	4.63e-07
1503822982	4.63e-07
1503823042	4.63e-07
1503823103	4.63e-07
1503823163	4.63e-07
1503823224	4.63e-07
1503823284	4.62e-07
1503823345	4.63e-07
1503823405	4.63e-07
1503823466	4.62e-07
1503823526	4.63e-07
1503823587	4.63e-07
1503823648	4.63e-07
1503823708	4.63e-07
1503823769	4.63e-07
1503823829	4.62e-07
1503823890	4.62e-07
1503823950	4.62e-07
1503824011	4.62e-07
1503824071	4.62e-07
1503824132	4.62e-07
1503824192	4.61e-07
1503824253	4.62e-07
1503824313	4.62e-07
1503824374	4.61e-07
1503824434	4.62e-07
1503824495	4.62e-07
1503824555	4.61e-07
1503824616	4.61e-07
1503824676	4.61e-07
1503824737	4.61e-07
1503824797	4.61e-07
1503824858	4.61e-07
1503824919	4.61e-07
1503824979	4.61e-07
1503825040	4.61e-07
1503825100	4.61e-07
1503825161	4.61e-07
1503825221	4.6e-07
1503825282	4.6e-07
1503825342	4.6e-07
1503825403	4.6e-07
1503825463	4.6e-07
1503825524	4.6e-07
1503825584	4.6e-07
1503825645	4.6e-07
1503825705	4.6e-07
1503825766	4.6e-07
1503825827	4.6e-07
1503825887	4.6e-07
1503825948	4.6e-07
1503826008	4.6e-07
1503826069	4.6e-07
1503826129	4.6e-07
1503826190	4.6e-07
1503826250	4.6e-07
1503826311	4.6e-07
1503826371	4.6e-07
1503826432	4.6e-07
1503826493	4.6e-07
1503826553	4.6e-07
1503826614	4.59e-07
1503826674	4.59e-07
1503826735	4.59e-07
1503826795	4.6e-07
1503826856	4.6e-07
1503826916	4.6e-07
1503826977	4.59e-07
1503827037	4.6e-07
1503827098	4.6e-07
1503827158	4.6e-07
1503827219	4.59e-07
1503827279	4.59e-07
1503827340	4.59e-07
1503827400	4.59e-07
1503827461	4.59e-07
1503827522	4.59e-07
1503827582	4.59e-07
1503827643	4.58e-07
1503827703	4.58e-07
1503827764	4.58e-07
1503827824	4.58e-07
1503827885	4.58e-07
1503827945	4.58e-07
1503828006	4.58e-07
1503828066	4.58e-07
1503828127	4.58e-07
1503828187	4.58e-07
1503828248	4.58e-07
1503828308	4.58e-07
1503828369	4.58e-07
1503828429	4.58e-07
1503828490	4.58e-07
1503828550	4.58e-07
1503828611	4.58e-07
1503828672	4.58e-07
1503828732	4.58e-07
1503828793	4.58e-07
1503828853	4.58e-07
1503828914	4.58e-07
1503828974	4.58e-07
1503829035	4.58e-07
1503829095	4.58e-07
1503829156	4.58e-07
1503829216	4.58e-07
1503829277	4.58e-07
1503829337	4.58e-07
1503829398	4.58e-07
1503829458	4.58e-07
1503829519	4.58e-07
1503829579	4.57e-07
1503829640	4.57e-07
1503829700	4.58e-07
1503829761	4.58e-07
1503829821	4.57e-07
1503829882	4.57e-07
1503829942	4.57e-07
1503830003	4.57e-07
1503830063	4.56e-07
1503830124	4.56e-07
1503830184	4.56e-07
1503830245	4.55e-07
1503830305	4.55e-07
1503830366	4.55e-07
1503830427	4.55e-07
1503830487	4.55e-07
1503830548	4.55e-07
1503830608	4.55e-07
1503830669	4.55e-07
1503830729	4.55e-07
1503830790	4.55e-07
1503830850	4.55e-07
1503830911	4.55e-07
1503830971	4.55e-07
1503831032	4.55e-07
1503831092	4.55e-07
1503831153	4.55e-07
1503831213	4.55e-07
1503831274	4.55e-07
1503831334	4.55e-07
1503831395	4.55e-07
1503831455	4.55e-07
1503831516	4.54e-07
1503831576	4.55e-07
1503831637	4.55e-07
1503831698	4.54e-07
1503831758	4.54e-07
1503831819	4.54e-07
1503831879	4.54e-07
1503831940	4.54e-07
1503832000	4.53e-07
1503832061	4.53e-07
1503832121	4.53e-07
1503832182	4.53e-07
1503832242	4.53e-07
1503832303	4.53e-07
1503832363	4.53e-07
1503832424	4.53e-07
1503832485	4.53e-07
1503832545	4.53e-07
1503832606	4.53e-07
1503832666	4.53e-07
1503832727	4.53e-07
1503832787	4.53e-07
1503832848	4.53e-07
1503832908	4.53e-07
1503832969	4.53e-07
1503833029	4.53e-07
1503833090	4.53e-07
1503833150	4.53e-07
1503833211	4.53e-07
1503833271	4.53e-07
1503833332	4.53e-07
1503833393	4.53e-07
1503833453	4.53e-07
1503833514	4.53e-07
1503833574	4.53e-07
1503833635	4.53e-07
1503833695	4.53e-07
1503833756	4.53e-07
1503833816	4.53e-07
1503833877	4.53e-07
1503833937	4.54e-07
1503833998	4.54e-07
1503834059	4.53e-07
1503834119	4.54e-07
1503834180	4.54e-07
1503834240	4.54e-07
1503834301	4.54e-07
1503834361	4.54e-07
1503834422	4.54e-07
1503834482	4.54e-07
1503834543	4.54e-07
1503834603	4.54e-07
1503834664	4.54e-07
1503834724	4.54e-07
1503834785	4.54e-07
1503834845	4.54e-07
1503834906	4.54e-07
1503834967	4.54e-07
1503835027	4.54e-07
1503835088	4.54e-07
1503835148	4.54e-07
1503835209	4.54e-07
1503835269	4.54e-07
1503835330	4.55e-07
1503835390	4.55e-07
1503835451	4.55e-07
1503835511	4.55e-07
1503835572	4.55e-07
1503835632	4.55e-07
1503835693	4.55e-07
1503835754	4.55e-07
1503835814	4.55e-07
1503835875	4.55e-07
1503835935	4.55e-07
1503835996	4.54e-07
1503836056	4.54e-07
1503836117	4.54e-07
1503836177	4.54e-07
1503836238	4.54e-07
1503836298	4.54e-07
1503836359	4.54e-07
1503836419	4.54e-07
1503836480	4.54e-07
1503836540	4.53e-07
1503836601	4.53e-07
1503836662	4.53e-07
1503836722	4.53e-07
1503836783	4.53e-07
1503836843	4.53e-07
1503836904	4.53e-07
1503836964	4.53e-07
1503837025	4.53e-07
1503837085	4.53e-07
1503837146	4.53e-07
1503837206	4.53e-07
1503837267	4.53e-07
1503837327	4.53e-07
1503837388	4.53e-07
1503837448	4.53e-07
1503837509	4.53e-07
1503837569	4.53e-07
1503837630	4.54e-07
1503837690	4.54e-07
1503837751	4.54e-07
1503837811	4.54e-07
1503837872	4.54e-07
1503837932	4.54e-07
1503837993	4.54e-07
1503838053	4.55e-07
1503838114	4.55e-07
1503838175	4.55e-07
1503838235	4.55e-07
1503838296	4.54e-07
1503838356	4.55e-07
1503838417	4.55e-07
1503838477	4.55e-07
1503838538	4.55e-07
1503838598	4.55e-07
1503838659	4.55e-07
1503838719	4.55e-07
1503838780	4.55e-07
1503838840	4.55e-07
1503838901	4.56e-07
1503838961	4.56e-07
1503839022	4.56e-07
1503839082	4.56e-07
1503839143	4.55e-07
1503839203	4.55e-07
1503839264	4.55e-07
1503839324	4.55e-07
1503839385	4.55e-07
1503839446	4.56e-07
1503839506	4.56e-07
1503839567	4.56e-07
1503839627	4.56e-07
1503839688	4.56e-07
1503839748	4.56e-07
1503839809	4.56e-07
1503839869	4.56e-07
1503839930	4.56e-07
1503839990	4.56e-07
1503840051	4.56e-07
1503840111	4.57e-07
1503840172	4.57e-07
1503840232	4.57e-07
1503840293	4.57e-07
1503840353	4.57e-07
1503840414	4.57e-07
1503840475	4.57e-07
1503840535	4.57e-07
1503840596	4.57e-07
1503840656	4.57e-07
1503840717	4.57e-07
1503840777	4.57e-07
1503840838	4.58e-07
1503840898	4.58e-07
1503840959	4.58e-07
1503841019	4.58e-07
1503841080	4.58e-07
1503841140	4.58e-07
1503841201	4.58e-07
1503841261	4.59e-07
1503841322	4.59e-07
1503841382	4.59e-07
1503841443	4.59e-07
1503841504	4.59e-07
1503841564	4.59e-07
1503841624	4.59e-07
1503841685	4.6e-07
1503841746	4.6e-07
1503841806	4.6e-07
1503841867	4.6e-07
1503841927	4.6e-07
1503841988	4.6e-07
1503842048	4.6e-07
1503842109	4.6e-07
1503842169	4.6e-07
1503842230	4.6e-07
1503842290	4.61e-07
1503842351	4.61e-07
1503842412	4.61e-07
1503842472	4.61e-07
1503842533	4.61e-07
1503842593	4.61e-07
1503842654	4.61e-07
1503842714	4.61e-07
1503842775	4.61e-07
1503842835	4.62e-07
1503842896	4.62e-07
1503842956	4.62e-07
1503843017	4.62e-07
1503843077	4.62e-07
1503843138	4.62e-07
1503843198	4.62e-07
1503843259	4.62e-07
1503843319	4.62e-07
1503843380	4.63e-07
1503843441	4.63e-07
1503843501	4.63e-07
1503843562	4.63e-07
1503843622	4.63e-07
1503843683	4.62e-07
1503843743	4.62e-07
1503843804	4.62e-07
1503843864	4.62e-07
1503843925	4.63e-07
1503843985	4.63e-07
1503844046	4.63e-07
1503844107	4.63e-07
1503844167	4.63e-07
1503844227	4.63e-07
1503844288	4.63e-07
1503844348	4.63e-07
1503844409	4.63e-07
1503844469	4.63e-07
1503844530	4.63e-07
1503844590	4.63e-07
1503844651	4.63e-07
1503844711	4.63e-07
1503844772	4.64e-07
1503844832	4.64e-07
1503844893	4.64e-07
1503844953	4.64e-07
1503845014	4.64e-07
1503845075	4.64e-07
1503845135	4.64e-07
1503845196	4.64e-07
1503845256	4.64e-07
1503845317	4.64e-07
1503845377	4.64e-07
1503845438	4.64e-07
1503845498	4.64e-07
1503845559	4.64e-07
1503845619	4.64e-07
1503845680	4.65e-07
1503845740	4.65e-07
1503845801	4.65e-07
1503845861	4.64e-07
1503845922	4.64e-07
1503845982	4.64e-07
1503846043	4.64e-07
1503846103	4.64e-07
1503846164	4.64e-07
1503846224	4.65e-07
1503846285	4.65e-07
1503846345	4.65e-07
1503846406	4.65e-07
1503846467	4.65e-07
1503846527	4.65e-07
1503846588	4.65e-07
1503846648	4.65e-07
1503846709	4.64e-07
1503846769	4.64e-07
1503846830	4.65e-07
1503846890	4.64e-07
1503846951	4.64e-07
1503847011	4.65e-07
1503847072	4.65e-07
1503847132	4.65e-07
1503847193	4.65e-07
1503847254	4.65e-07
1503847314	4.65e-07
1503847375	4.65e-07
1503847435	4.64e-07
1503847496	4.64e-07
1503847556	4.64e-07
1503847617	4.63e-07
1503847677	4.64e-07
1503847738	4.64e-07
1503847798	4.64e-07
1503847859	4.64e-07
1503847920	4.64e-07
1503847980	4.64e-07
1503848041	4.64e-07
1503848101	4.64e-07
1503848162	4.64e-07
1503848222	4.64e-07
1503848283	4.65e-07
1503848343	4.65e-07
1503848404	4.65e-07
1503848464	4.64e-07
1503848525	4.65e-07
1503848585	4.65e-07
1503848646	4.65e-07
1503848707	4.65e-07
1503848767	4.65e-07
1503848828	4.65e-07
1503848888	4.65e-07
1503848949	4.65e-07
1503849009	4.65e-07
1503849070	4.65e-07
1503849130	4.65e-07
1503849191	4.65e-07
1503849251	4.65e-07
1503849312	4.65e-07
1503849372	4.65e-07
1503849433	4.65e-07
1503849493	4.65e-07
1503849554	4.65e-07
1503849614	4.65e-07
1503849675	4.65e-07
1503849735	4.65e-07
1503849796	4.65e-07
1503849856	4.65e-07
1503849917	4.65e-07
1503849977	4.65e-07
1503850038	4.65e-07
1503850098	4.65e-07
1503850159	4.65e-07
1503850220	4.65e-07
1503850280	4.65e-07
1503850341	4.65e-07
1503850401	4.65e-07
1503850462	4.65e-07
1503850522	4.65e-07
1503850583	4.66e-07
1503850643	4.66e-07
1503850704	4.66e-07
1503850764	4.66e-07
1503850825	4.66e-07
1503850885	4.65e-07
1503850946	4.65e-07
1503851006	4.65e-07
1503851067	4.65e-07
1503851127	4.65e-07
1503851188	4.65e-07
1503851248	4.66e-07
1503851309	4.66e-07
1503851370	4.66e-07
1503851430	4.66e-07
1503851490	4.66e-07
1503851551	4.66e-07
1503851611	4.66e-07
1503851672	4.66e-07
1503851732	4.66e-07
1503851793	4.67e-07
1503851853	4.67e-07
1503851914	4.67e-07
1503851975	4.67e-07
1503852035	4.67e-07
1503852096	4.67e-07
1503852156	4.67e-07
1503852217	4.67e-07
1503852277	4.67e-07
1503852338	4.67e-07
1503852398	4.67e-07
1503852459	4.67e-07
1503852519	4.67e-07
1503852580	4.68e-07
1503852641	4.68e-07
1503852701	4.67e-07
1503852762	4.68e-07
1503852822	4.68e-07
1503852883	4.68e-07
1503852943	4.68e-07
1503853004	4.68e-07
1503853064	4.68e-07
1503853125	4.68e-07
1503853185	4.68e-07
1503853246	4.68e-07
1503853306	4.67e-07
1503853367	4.67e-07
1503853427	4.67e-07
1503853488	4.67e-07
1503853548	4.67e-07
1503853609	4.67e-07
1503853670	4.68e-07
1503853730	4.68e-07
1503853791	4.68e-07
1503853851	4.67e-07
1503853912	4.67e-07
1503853972	4.67e-07
1503854033	4.67e-07
1503854093	4.67e-07
1503854154	4.67e-07
1503854214	4.67e-07
1503854275	4.67e-07
1503854335	4.67e-07
1503854396	4.67e-07
1503854456	4.67e-07
1503854517	4.68e-07
1503854577	4.68e-07
1503854638	4.68e-07
1503854699	4.68e-07
1503854759	4.68e-07
1503854820	4.68e-07
1503854880	4.68e-07
1503854941	4.67e-07
1503855001	4.68e-07
1503855062	4.68e-07
1503855122	4.68e-07
1503855183	4.68e-07
1503855243	4.68e-07
1503855304	4.68e-07
1503855364	4.68e-07
1503855425	4.68e-07
1503855485	4.68e-07
1503855546	4.68e-07
1503855606	4.68e-07
1503855667	4.68e-07
1503855727	4.68e-07
1503855788	4.68e-07
1503855848	4.68e-07
1503855909	4.67e-07
1503855970	4.67e-07
1503856030	4.67e-07
1503856091	4.67e-07
1503856151	4.67e-07
1503856212	4.67e-07
1503856272	4.67e-07
1503856333	4.67e-07
1503856393	4.67e-07
1503856454	4.68e-07
1503856514	4.68e-07
1503856575	4.68e-07
1503856635	4.67e-07
1503856696	4.67e-07
1503856756	4.67e-07
1503856817	4.68e-07
1503856877	4.68e-07
1503856938	4.68e-07
1503856998	4.68e-07
1503857059	4.68e-07
1503857120	4.68e-07
1503857180	4.69e-07
1503857241	4.69e-07
1503857301	4.69e-07
1503857362	4.69e-07
1503857422	4.69e-07
1503857483	4.69e-07
1503857543	4.69e-07
1503857604	4.69e-07
1503857664	4.69e-07
1503857725	4.69e-07
1503857785	4.69e-07
1503857846	4.7e-07
1503857907	4.7e-07
1503857967	4.7e-07
1503858028	4.7e-07
1503858088	4.7e-07
1503858149	4.7e-07
1503858209	4.69e-07
1503858270	4.69e-07
1503858330	4.69e-07
1503858391	4.69e-07
1503858451	4.69e-07
1503858512	4.7e-07
1503858572	4.7e-07
1503858633	4.7e-07
1503858693	4.7e-07
1503858754	4.7e-07
1503858814	4.7e-07
1503858875	4.7e-07
1503858936	4.7e-07
1503858996	4.7e-07
1503859056	4.7e-07
1503859117	4.7e-07
1503859178	4.7e-07
1503859238	4.7e-07
1503859299	4.71e-07
1503859359	4.7e-07
1503859420	4.7e-07
1503859480	4.71e-07
1503859541	4.7e-07
1503859601	4.7e-07
1503859662	4.7e-07
1503859722	4.7e-07
1503859783	4.71e-07
1503859843	4.71e-07
1503859904	4.7e-07
1503859964	4.71e-07
1503860025	4.71e-07
1503860085	4.71e-07
1503860146	4.71e-07
1503860207	4.71e-07
1503860267	4.71e-07
1503860328	4.71e-07
1503860388	4.71e-07
1503860448	4.7e-07
1503860509	4.71e-07
1503860570	4.71e-07
1503860630	4.71e-07
1503860691	4.71e-07
1503860751	4.71e-07
1503860812	4.7e-07
1503860872	4.71e-07
1503860933	4.71e-07
1503860993	4.71e-07
1503861054	4.71e-07
1503861114	4.71e-07
1503861175	4.71e-07
1503861235	4.7e-07
1503861296	4.71e-07
1503861356	4.71e-07
1503861417	4.7e-07
1503861478	4.7e-07
1503861538	4.7e-07
1503861599	4.71e-07
1503861659	4.71e-07
1503861720	4.71e-07
1503861780	4.71e-07
1503861841	4.7e-07
1503861901	4.7e-07
1503861962	4.7e-07
1503862022	4.7e-07
1503862083	4.7e-07
1503862144	4.7e-07
1503862204	4.7e-07
1503862265	4.7e-07
1503862325	4.7e-07
1503862386	4.7e-07
1503862446	4.71e-07
1503862507	4.7e-07
1503862567	4.71e-07
1503862628	4.71e-07
1503862688	4.71e-07
1503862749	4.71e-07
1503862809	4.71e-07
1503862870	4.71e-07
1503862930	4.71e-07
1503862991	4.71e-07
1503863052	4.71e-07
1503863112	4.71e-07
1503863173	4.71e-07
1503863233	4.71e-07
1503863294	4.71e-07
1503863354	4.71e-07
1503863415	4.71e-07
1503863475	4.7e-07
1503863536	4.7e-07
1503863596	4.7e-07
1503863657	4.7e-07
1503863717	4.7e-07
1503863778	4.7e-07
1503863839	4.7e-07
1503863899	4.71e-07
1503863960	4.71e-07
1503864020	4.7e-07
1503864080	4.71e-07
1503864141	4.71e-07
1503864201	4.71e-07
1503864262	4.71e-07
1503864323	4.7e-07
1503864383	4.7e-07
1503864444	4.7e-07
1503864504	4.71e-07
1503864565	4.7e-07
1503864625	4.71e-07
1503864686	4.71e-07
1503864746	4.71e-07
1503864807	4.71e-07
1503864867	4.71e-07
1503864928	4.71e-07
1503864988	4.71e-07
1503865049	4.71e-07
1503865109	4.71e-07
1503865170	4.71e-07
1503865231	4.71e-07
1503865291	4.71e-07
1503865351	4.72e-07
1503865412	4.72e-07
1503865472	4.72e-07
1503865533	4.72e-07
1503865594	4.72e-07
1503865654	4.72e-07
1503865715	4.72e-07
1503865775	4.72e-07
1503865836	4.72e-07
1503865896	4.72e-07
1503865957	4.72e-07
1503866017	4.72e-07
1503866078	4.72e-07
1503866138	4.72e-07
1503866199	4.72e-07
1503866259	4.73e-07
1503866320	4.73e-07
1503866380	4.73e-07
1503866441	4.73e-07
1503866501	4.74e-07
1503866562	4.74e-07
1503866622	4.74e-07
1503866683	4.74e-07
1503866744	4.74e-07
1503866804	4.74e-07
1503866865	4.75e-07
1503866925	4.75e-07
1503866986	4.75e-07
1503867046	4.75e-07
1503867107	4.75e-07
1503867167	4.75e-07
1503867228	4.75e-07
1503867288	4.75e-07
1503867349	4.75e-07
1503867409	4.75e-07
1503867470	4.76e-07
1503867531	4.76e-07
1503867591	4.76e-07
1503867652	4.76e-07
1503867712	4.76e-07
1503867773	4.77e-07
1503867833	4.77e-07
1503867894	4.77e-07
1503867954	4.77e-07
1503868015	4.77e-07
1503868075	4.78e-07
1503868136	4.78e-07
1503868196	4.77e-07
1503868257	4.78e-07
1503868317	4.78e-07
1503868378	4.78e-07
1503868438	4.78e-07
1503868499	4.78e-07
1503868559	4.78e-07
1503868620	4.77e-07
1503868680	4.77e-07
1503868741	4.77e-07
1503868801	4.78e-07
1503868862	4.78e-07
1503868922	4.78e-07
1503868983	4.78e-07
1503869043	4.78e-07
1503869104	4.78e-07
1503869165	4.78e-07
1503869225	4.78e-07
1503869286	4.78e-07
1503869346	4.78e-07
1503869407	4.78e-07
1503869467	4.79e-07
1503869528	4.79e-07
1503869588	4.79e-07
1503869649	4.79e-07
1503869709	4.79e-07
1503869770	4.79e-07
1503869830	4.79e-07
1503869891	4.79e-07
1503869951	4.79e-07
1503870012	4.79e-07
1503870072	4.79e-07
1503870133	4.79e-07
1503870193	4.79e-07
1503870254	4.79e-07
1503870314	4.8e-07
1503870375	4.8e-07
1503870435	4.8e-07
1503870496	4.8e-07
1503870557	4.8e-07
1503870617	4.8e-07
1503870678	4.8e-07
1503870738	4.8e-07
1503870799	4.8e-07
1503870859	4.8e-07
1503870920	4.8e-07
1503870980	4.8e-07
1503871041	4.8e-07
1503871101	4.8e-07
1503871162	4.8e-07
1503871222	4.8e-07
1503871283	4.8e-07
1503871343	4.8e-07
1503871404	4.8e-07
1503871464	4.8e-07
1503871525	4.8e-07
1503871586	4.8e-07
1503871646	4.81e-07
1503871707	4.81e-07
1503871767	4.81e-07
1503871828	4.81e-07
1503871888	4.81e-07
1503871949	4.81e-07
1503872009	4.81e-07
1503872070	4.81e-07
1503872130	4.81e-07
1503872191	4.81e-07
1503872251	4.82e-07
1503872312	4.82e-07
1503872372	4.82e-07
1503872433	4.82e-07
1503872493	4.82e-07
1503872554	4.82e-07
1503872614	4.82e-07
1503872675	4.82e-07
1503872736	4.83e-07
1503872796	4.83e-07
1503872857	4.83e-07
1503872917	4.83e-07
1503872978	4.83e-07
1503873038	4.83e-07
1503873099	4.83e-07
1503873159	4.83e-07
1503873220	4.83e-07
1503873280	4.83e-07
1503873341	4.83e-07
1503873401	4.83e-07
1503873462	4.83e-07
1503873522	4.83e-07
1503873583	4.83e-07
1503873644	4.84e-07
1503873704	4.84e-07
1503873765	4.84e-07
1503873825	4.84e-07
1503873886	4.84e-07
1503873946	4.84e-07
1503874007	4.84e-07
1503874067	4.84e-07
1503874128	4.84e-07
1503874188	4.84e-07
1503874249	4.84e-07
1503874309	4.84e-07
1503874370	4.85e-07
1503874430	4.85e-07
1503874491	4.85e-07
1503874551	4.85e-07
1503874612	4.85e-07
1503874672	4.85e-07
1503874733	4.85e-07
1503874794	4.85e-07
1503874854	4.85e-07
1503874915	4.86e-07
1503874975	4.86e-07
1503875036	4.86e-07
1503875096	4.86e-07
1503875157	4.86e-07
1503875217	4.86e-07
1503875278	4.86e-07
1503875338	4.87e-07
1503875399	4.87e-07
1503875459	4.87e-07
1503875520	4.87e-07
1503875580	4.87e-07
1503875641	4.87e-07
1503875702	4.87e-07
1503875762	4.87e-07
1503875823	4.87e-07
1503875883	4.87e-07
1503875944	4.87e-07
1503876004	4.87e-07
1503876065	4.87e-07
1503876125	4.88e-07
1503876186	4.88e-07
1503876246	4.88e-07
1503876307	4.88e-07
1503876367	4.88e-07
1503876428	4.88e-07
1503876489	4.88e-07
1503876549	4.88e-07
1503876610	4.88e-07
1503876670	4.88e-07
1503876731	4.88e-07
1503876791	4.89e-07
1503876852	4.89e-07
1503876912	4.89e-07
1503876973	4.89e-07
1503877033	4.89e-07
1503877094	4.89e-07
1503877154	4.89e-07
1503877215	4.89e-07
1503877275	4.9e-07
1503877336	4.9e-07
1503877396	4.9e-07
1503877457	4.9e-07
1503877518	4.9e-07
1503877578	4.9e-07
1503877639	4.9e-07
1503877699	4.9e-07
1503877760	4.9e-07
1503877820	4.9e-07
1503877881	4.9e-07
1503877941	4.9e-07
1503878002	4.91e-07
1503878062	4.9e-07
1503878123	4.91e-07
1503878183	4.91e-07
1503878244	4.91e-07
1503878304	4.91e-07
1503878365	4.91e-07
1503878426	4.91e-07
1503878486	4.91e-07
1503878547	4.92e-07
1503878607	4.92e-07
1503878668	4.92e-07
1503878728	4.92e-07
1503878789	4.92e-07
1503878849	4.92e-07
1503878910	4.92e-07
1503878970	4.92e-07
1503879031	4.92e-07
1503879092	4.92e-07
1503879152	4.92e-07
1503879213	4.92e-07
1503879273	4.92e-07
1503879334	4.92e-07
1503879394	4.92e-07
1503879455	4.91e-07
1503879515	4.91e-07
1503879576	4.91e-07
1503879636	4.91e-07
1503879697	4.91e-07
1503879757	4.91e-07
1503879818	4.91e-07
1503879878	4.91e-07
1503879939	4.91e-07
1503880000	4.91e-07
1503880060	4.91e-07
1503880121	4.91e-07
1503880181	4.91e-07
1503880242	4.9e-07
1503880302	4.91e-07
1503880363	4.9e-07
1503880423	4.91e-07
1503880484	4.9e-07
1503880544	4.9e-07
1503880605	4.9e-07
1503880666	4.9e-07
1503880726	4.9e-07
1503880786	4.9e-07
1503880847	4.9e-07
1503880908	4.9e-07
1503880968	4.9e-07
1503881029	4.9e-07
1503881089	4.9e-07
1503881150	4.89e-07
1503881210	4.89e-07
1503881271	4.89e-07
1503881331	4.89e-07
1503881392	4.89e-07
1503881452	4.88e-07
1503881513	4.88e-07
1503881573	4.88e-07
1503881634	4.88e-07
1503881695	4.88e-07
1503881755	4.88e-07
1503881816	4.88e-07
1503881876	4.87e-07
1503881937	4.87e-07
1503881997	4.87e-07
1503882058	4.87e-07
1503882118	4.87e-07
1503882179	4.86e-07
1503882239	4.86e-07
1503882300	4.86e-07
1503882360	4.86e-07
1503882421	4.86e-07
1503882481	4.86e-07
1503882542	4.86e-07
1503882602	4.86e-07
1503882663	4.86e-07
1503882723	4.85e-07
1503882784	4.85e-07
1503882845	4.85e-07
1503882905	4.85e-07
1503882966	4.85e-07
1503883026	4.84e-07
1503883087	4.84e-07
1503883147	4.84e-07
1503883208	4.84e-07
1503883268	4.84e-07
1503883329	4.84e-07
1503883389	4.83e-07
1503883450	4.83e-07
1503883510	4.83e-07
1503883571	4.83e-07
1503883631	4.83e-07
1503883692	4.82e-07
1503883753	4.82e-07
1503883813	4.82e-07
1503883874	4.82e-07
1503883934	4.81e-07
1503883995	4.81e-07
1503884055	4.81e-07
1503884115	4.81e-07
1503884176	4.81e-07
1503884237	4.8e-07
1503884297	4.8e-07
1503884358	4.8e-07
1503884418	4.8e-07
1503884479	4.8e-07
1503884539	4.8e-07
1503884600	4.79e-07
1503884660	4.79e-07
1503884721	4.79e-07
1503884781	4.79e-07
1503884842	4.79e-07
1503884902	4.78e-07
1503884963	4.78e-07
1503885023	4.78e-07
1503885084	4.78e-07
1503885144	4.78e-07
1503885205	4.78e-07
1503885265	4.77e-07
1503885326	4.77e-07
1503885386	4.77e-07
1503885447	4.77e-07
1503885507	4.77e-07
1503885568	4.77e-07
1503885629	4.76e-07
1503885689	4.76e-07
1503885750	4.76e-07
1503885810	4.76e-07
1503885871	4.76e-07
1503885931	4.76e-07
1503885992	4.75e-07
1503886052	4.75e-07
1503886113	4.75e-07
1503886173	4.75e-07
1503886234	4.75e-07
1503886294	4.75e-07
1503886355	4.74e-07
1503886415	4.74e-07
1503886476	4.74e-07
1503886536	4.74e-07
1503886597	4.74e-07
1503886657	4.74e-07
1503886718	4.74e-07
1503886779	4.74e-07
1503886839	4.73e-07
1503886900	4.73e-07
1503886960	4.73e-07
1503887021	4.73e-07
1503887081	4.73e-07
1503887142	4.73e-07
1503887202	4.73e-07
1503887263	4.72e-07
1503887323	4.72e-07
1503887384	4.72e-07
1503887444	4.72e-07
1503887505	4.72e-07
1503887565	4.72e-07
1503887626	4.72e-07
1503887686	4.71e-07
1503887747	4.71e-07
1503887807	4.71e-07
1503887868	4.71e-07
1503887928	4.71e-07
1503887989	4.71e-07
1503888049	4.71e-07
1503888110	4.71e-07
1503888171	4.71e-07
1503888231	4.71e-07
1503888292	4.7e-07
1503888352	4.7e-07
1503888413	4.7e-07
1503888473	4.7e-07
1503888534	4.7e-07
1503888594	4.7e-07
1503888655	4.7e-07
1503888715	4.7e-07
1503888776	4.7e-07
1503888836	4.69e-07
1503888897	4.69e-07
1503888958	4.69e-07
1503889018	4.69e-07
1503889079	4.69e-07
1503889139	4.69e-07
1503889200	4.69e-07
1503889260	4.69e-07
1503889321	4.68e-07
1503889381	4.68e-07
1503889442	4.68e-07
1503889502	4.68e-07
1503889563	4.68e-07
1503889623	4.68e-07
1503889684	4.68e-07
1503889744	4.68e-07
1503889805	4.68e-07
1503889865	4.68e-07
1503889926	4.67e-07
1503889986	4.67e-07
1503890047	4.67e-07
1503890107	4.67e-07
1503890168	4.67e-07
1503890228	4.67e-07
1503890289	4.67e-07
1503890349	4.67e-07
1503890410	4.67e-07
1503890471	4.67e-07
1503890531	4.66e-07
1503890592	4.66e-07
1503890652	4.66e-07
1503890713	4.66e-07
1503890773	4.66e-07
1503890834	4.66e-07
1503890894	4.66e-07
1503890955	4.66e-07
1503891015	4.66e-07
1503891076	4.65e-07
1503891136	4.65e-07
1503891197	4.65e-07
1503891257	4.65e-07
1503891318	4.65e-07
1503891378	4.65e-07
1503891439	4.65e-07
1503891499	4.64e-07
1503891560	4.64e-07
1503891620	4.64e-07
1503891681	4.64e-07
1503891741	4.64e-07
1503891802	4.64e-07
1503891862	4.64e-07
1503891923	4.64e-07
1503891983	4.64e-07
1503892044	4.64e-07
1503892104	4.64e-07
1503892165	4.63e-07
1503892226	4.63e-07
1503892286	4.63e-07
1503892347	4.63e-07
1503892407	4.63e-07
1503892468	4.63e-07
1503892528	4.63e-07
1503892589	4.63e-07
1503892649	4.63e-07
1503892710	4.63e-07
1503892770	4.63e-07
1503892831	4.63e-07
1503892891	4.62e-07
1503892952	4.62e-07
1503893013	4.62e-07
1503893073	4.62e-07
1503893134	4.62e-07
1503893194	4.62e-07
1503893255	4.62e-07
1503893315	4.62e-07
1503893376	4.62e-07
1503893436	4.62e-07
1503893497	4.62e-07
1503893557	4.61e-07
1503893618	4.61e-07
1503893678	4.61e-07
1503893739	4.61e-07
1503893799	4.61e-07
1503893860	4.61e-07
1503893920	4.61e-07
1503893981	4.61e-07
1503894041	4.61e-07
1503894102	4.61e-07
1503894162	4.61e-07
1503894223	4.61e-07
1503894284	4.61e-07
1503894344	4.6e-07
1503894405	4.6e-07
1503894465	4.6e-07
1503894526	4.6e-07
1503894586	4.6e-07
1503894647	4.6e-07
1503894707	4.6e-07
1503894768	4.6e-07
1503894828	4.6e-07
1503894889	4.6e-07
1503894949	4.6e-07
1503895010	4.6e-07
1503895070	4.59e-07
1503895131	4.59e-07
1503895192	4.59e-07
1503895252	4.59e-07
1503895313	4.59e-07
1503895373	4.59e-07
1503895434	4.59e-07
1503895494	4.59e-07
1503895555	4.59e-07
1503895615	4.59e-07
1503895676	4.58e-07
1503895736	4.58e-07
1503895797	4.58e-07
1503895857	4.58e-07
1503895918	4.58e-07
1503895978	4.58e-07
1503896039	4.58e-07
1503896099	4.57e-07
1503896160	4.57e-07
1503896220	4.57e-07
1503896281	4.57e-07
1503896342	4.57e-07
1503896402	4.57e-07
1503896463	4.57e-07
1503896523	4.57e-07
1503896584	4.56e-07
1503896644	4.56e-07
1503896705	4.56e-07
1503896765	4.56e-07
1503896826	4.56e-07
1503896886	4.56e-07
1503896947	4.56e-07
1503897007	4.56e-07
1503897068	4.56e-07
1503897128	4.56e-07
1503897189	4.55e-07
1503897250	4.55e-07
1503897310	4.55e-07
1503897371	4.55e-07
1503897431	4.55e-07
1503897492	4.55e-07
1503897552	4.55e-07
1503897613	4.54e-07
1503897673	4.54e-07
1503897734	4.54e-07
1503897794	4.54e-07
1503897855	4.54e-07
1503897915	4.54e-07
1503897976	4.54e-07
1503898036	4.54e-07
1503898097	6.43e-07
1503898158	4.64e-07
1503898218	4.59e-07
1503898279	4.57e-07
1503898339	4.56e-07
1503898400	4.56e-07
1503898460	4.55e-07
1503898521	4.54e-07
1503898581	4.54e-07
1503898642	4.53e-07
1503898702	4.53e-07
1503898763	4.53e-07
1503898823	4.52e-07
1503898884	4.52e-07
1503898944	4.52e-07
1503899005	4.52e-07
1503899065	4.52e-07
1503899126	4.51e-07
1503899186	4.51e-07
1503899247	4.51e-07
1503899307	4.51e-07
1503899368	4.5e-07
1503899428	4.5e-07
1503899489	4.5e-07
1503899549	4.5e-07
1503899610	4.5e-07
1503899671	4.5e-07
1503899731	4.5e-07
1503899792	4.49e-07
1503899852	4.49e-07
1503899913	4.49e-07
1503899973	4.49e-07
1503900034	4.49e-07
1503900094	4.49e-07
1503900155	4.49e-07
1503900215	4.48e-07
1503900276	4.48e-07
1503900336	4.48e-07
1503900397	4.48e-07
1503900457	4.48e-07
1503900518	4.48e-07
1503900579	4.48e-07
1503900639	4.47e-07
1503900700	4.47e-07
1503900760	4.47e-07
1503900821	4.47e-07
1503900881	4.47e-07
1503900942	4.47e-07
1503901002	4.47e-07
1503901063	4.46e-07
1503901123	4.46e-07
1503901184	4.46e-07
1503901244	4.46e-07
1503901305	4.46e-07
1503901365	4.46e-07
1503901426	4.46e-07
1503901486	4.46e-07
1503901547	4.46e-07
1503901607	4.45e-07
1503901668	4.45e-07
1503901728	4.45e-07
1503901789	4.45e-07
1503901849	4.45e-07
1503901910	4.45e-07
1503901970	4.45e-07
1503902031	4.44e-07
1503902091	4.45e-07
1503902152	4.44e-07
1503902212	4.44e-07
1503902273	4.44e-07
1503902333	4.44e-07
1503902394	4.44e-07
1503902454	4.44e-07
1503902515	4.44e-07
1503902575	4.44e-07
1503902636	4.44e-07
1503902696	4.44e-07
1503902757	4.44e-07
1503902817	4.43e-07
1503902878	4.43e-07
1503902938	4.43e-07
1503902999	4.43e-07
1503903059	4.43e-07
1503903120	4.43e-07
1503903181	4.43e-07
1503903241	4.43e-07
1503903302	4.43e-07
1503903362	4.43e-07
1503903423	4.43e-07
1503903483	4.43e-07
1503903544	4.43e-07
1503903604	4.43e-07
1503903665	4.43e-07
1503903725	4.43e-07
1503903786	4.43e-07
1503903847	4.43e-07
1503903907	4.42e-07
1503903968	4.42e-07
1503904028	4.42e-07
1503904089	4.42e-07
1503904149	4.42e-07
1503904210	4.42e-07
1503904270	4.42e-07
1503904331	4.42e-07
1503904391	4.42e-07
1503904452	4.42e-07
1503904512	4.42e-07
1503904573	4.42e-07
1503904633	4.42e-07
1503904694	4.42e-07
1503904754	4.42e-07
1503904815	4.42e-07
1503904875	4.42e-07
1503904936	4.42e-07
1503904996	4.42e-07
1503905057	4.41e-07
1503905117	4.41e-07
1503905178	4.41e-07
1503905238	4.41e-07
1503905299	4.41e-07
1503905359	4.41e-07
1503905420	4.41e-07
1503905480	4.41e-07
1503905541	4.41e-07
1503905601	4.41e-07
1503905662	4.41e-07
1503905723	4.41e-07
1503905783	4.4e-07
1503905844	4.4e-07
1503905904	4.4e-07
1503905965	4.4e-07
1503906025	4.4e-07
1503906086	4.4e-07
1503906146	4.4e-07
1503906207	4.4e-07
1503906267	4.4e-07
1503906328	4.4e-07
1503906388	4.4e-07
1503906449	4.39e-07
1503906509	4.39e-07
1503906570	4.39e-07
1503906630	4.39e-07
1503906691	4.39e-07
1503906751	4.39e-07
1503906812	4.39e-07
1503906872	4.39e-07
1503906933	4.39e-07
1503906993	4.39e-07
1503907054	4.39e-07
1503907114	4.39e-07
1503907175	4.39e-07
1503907236	4.38e-07
1503907296	4.38e-07
1503907357	4.38e-07
1503907417	4.38e-07
1503907478	4.38e-07
1503907538	4.38e-07
1503907599	4.38e-07
1503907659	4.38e-07
1503907720	4.38e-07
1503907780	4.38e-07
1503907841	4.38e-07
1503907901	4.38e-07
1503907962	4.38e-07
1503908022	4.37e-07
1503908083	4.37e-07
1503908143	4.37e-07
1503908204	4.37e-07
1503908264	4.37e-07
1503908325	4.37e-07
1503908385	4.37e-07
1503908446	4.37e-07
1503908506	4.37e-07
1503908567	4.37e-07
1503908627	4.36e-07
1503908688	4.36e-07
1503908748	4.36e-07
1503908809	4.36e-07
1503908869	4.36e-07
1503908930	4.36e-07
1503908991	4.36e-07
1503909051	4.36e-07
1503909112	4.35e-07
1503909172	4.35e-07
1503909233	4.35e-07
1503909293	4.35e-07
1503909354	4.35e-07
1503909414	4.35e-07
1503909475	4.35e-07
1503909535	4.35e-07
1503909596	4.35e-07
1503909656	4.34e-07
1503909717	4.34e-07
1503909778	4.34e-07
1503909838	4.34e-07
1503909899	4.34e-07
1503909959	4.34e-07
1503910019	4.34e-07
1503910080	4.34e-07
1503910140	4.34e-07
1503910201	4.33e-07
1503910261	4.33e-07
1503910322	4.33e-07
1503910382	4.33e-07
1503910443	4.33e-07
1503910503	4.33e-07
1503910564	4.33e-07
1503910624	4.33e-07
1503910685	4.33e-07
1503910745	4.33e-07
1503910806	4.33e-07
1503910867	4.32e-07
1503910927	4.32e-07
1503910988	4.32e-07
1503911048	4.32e-07
1503911109	4.32e-07
1503911169	4.32e-07
1503911230	4.32e-07
1503911290	4.32e-07
1503911351	4.32e-07
1503911411	4.32e-07
1503911472	4.32e-07
1503911532	4.32e-07
1503911593	4.31e-07
1503911653	4.31e-07
1503911714	4.31e-07
1503911774	4.31e-07
1503911835	4.31e-07
1503911895	4.31e-07
1503911956	4.31e-07
1503912016	4.31e-07
1503912077	4.31e-07
1503912137	4.31e-07
1503912198	4.31e-07
1503912258	4.3e-07
1503912319	4.3e-07
1503912379	4.3e-07
1503912440	4.3e-07
1503912500	4.3e-07
1503912561	4.3e-07
1503912622	4.3e-07
1503912682	4.3e-07
1503912743	4.29e-07
1503912803	4.29e-07
1503912864	4.29e-07
1503912924	4.29e-07
1503912985	4.29e-07
1503913045	4.29e-07
1503913106	4.29e-07
1503913166	4.29e-07
1503913227	4.29e-07
1503913288	4.29e-07
1503913348	4.29e-07
1503913408	4.29e-07
1503913469	4.28e-07
1503913530	4.28e-07
1503913590	4.28e-07
1503913651	4.28e-07
1503913711	4.28e-07
1503913772	4.28e-07
1503913832	4.28e-07
1503913893	4.28e-07
1503913953	4.28e-07
1503914014	4.28e-07
1503914074	4.28e-07
1503914135	4.28e-07
1503914195	4.28e-07
1503914256	4.28e-07
1503914317	4.28e-07
1503914377	4.28e-07
1503914438	4.28e-07
1503914498	4.28e-07
1503914559	4.28e-07
1503914619	4.28e-07
1503914680	4.28e-07
1503914740	4.28e-07
1503914801	4.28e-07
1503914861	4.28e-07
1503914922	4.28e-07
1503914983	4.28e-07
1503915043	4.28e-07
1503915104	4.28e-07
1503915164	4.28e-07
1503915225	4.28e-07
1503915285	4.28e-07
1503915346	4.28e-07
1503915406	4.28e-07
1503915467	4.28e-07
1503915527	4.28e-07
1503915588	4.28e-07
1503915648	4.28e-07
1503915709	4.28e-07
1503915769	4.28e-07
1503915830	4.28e-07
1503915891	4.29e-07
1503915951	4.29e-07
1503916012	4.29e-07
1503916072	4.29e-07
1503916133	4.29e-07
1503916193	4.29e-07
1503916254	4.29e-07
1503916314	4.29e-07
1503916375	4.29e-07
1503916435	4.29e-07
1503916496	4.29e-07
1503916556	4.3e-07
1503916617	4.3e-07
1503916677	4.3e-07
1503916738	4.3e-07
1503916798	4.3e-07
1503916859	4.3e-07
1503916919	4.3e-07
1503916980	4.31e-07
1503917041	4.31e-07
1503917101	4.31e-07
1503917162	4.31e-07
1503917222	4.31e-07
1503917283	4.32e-07
1503917343	4.32e-07
1503917404	4.32e-07
1503917464	4.32e-07
1503917525	4.32e-07
1503917585	4.33e-07
1503917646	4.33e-07
1503917707	4.33e-07
1503917767	4.33e-07
1503917828	4.33e-07
1503917888	4.33e-07
1503917949	4.34e-07
1503918009	4.34e-07
1503918070	4.33e-07
1503918130	4.33e-07
1503918191	4.33e-07
1503918251	4.33e-07
1503918312	4.33e-07
1503918373	4.33e-07
1503918433	4.34e-07
1503918494	4.34e-07
1503918554	4.34e-07
1503918615	4.34e-07
1503918675	4.34e-07
1503918736	4.34e-07
1503918796	4.34e-07
1503918857	4.34e-07
1503918917	4.35e-07
1503918978	4.35e-07
1503919038	4.35e-07
1503919099	4.35e-07
1503919160	4.35e-07
1503919220	4.35e-07
1503919281	4.36e-07
1503919341	4.36e-07
1503919402	4.36e-07
1503919462	4.36e-07
1503919523	4.36e-07
1503919583	4.36e-07
1503919644	4.36e-07
1503919704	4.36e-07
1503919765	4.37e-07
1503919825	4.36e-07
1503919886	4.37e-07
1503919946	4.37e-07
1503920007	4.37e-07
1503920067	4.37e-07
1503920128	4.37e-07
1503920188	4.37e-07
1503920249	4.38e-07
1503920309	4.38e-07
1503920370	4.38e-07
1503920430	4.38e-07
1503920491	4.38e-07
1503920552	4.39e-07
1503920612	4.39e-07
1503920673	4.39e-07
1503920733	4.39e-07
1503920794	4.39e-07
1503920854	4.4e-07
1503920915	4.4e-07
1503920975	4.4e-07
1503921036	4.4e-07
1503921096	4.41e-07
1503921157	4.41e-07
1503921217	4.41e-07
1503921278	4.41e-07
1503921338	4.41e-07
1503921399	4.41e-07
1503921459	4.41e-07
1503921520	4.41e-07
1503921580	4.41e-07
1503921641	4.4e-07
1503921701	4.4e-07
1503921762	4.4e-07
1503921822	4.4e-07
1503921883	4.4e-07
1503921943	4.4e-07
1503922004	4.4e-07
1503922064	4.41e-07
1503922125	4.41e-07
1503922185	4.41e-07
1503922246	4.41e-07
1503922307	4.42e-07
1503922367	4.42e-07
1503922428	4.42e-07
1503922488	4.42e-07
1503922549	4.41e-07
1503922609	4.41e-07
1503922670	4.42e-07
1503922730	4.42e-07
1503922791	4.42e-07
1503922851	4.42e-07
1503922912	4.42e-07
1503922972	4.43e-07
1503923033	4.43e-07
1503923093	4.43e-07
1503923154	4.43e-07
1503923215	4.43e-07
1503923275	4.43e-07
1503923336	4.43e-07
1503923396	4.44e-07
1503923457	4.44e-07
1503923517	4.44e-07
1503923578	4.44e-07
1503923638	4.45e-07
1503923699	4.45e-07
1503923759	4.45e-07
1503923820	4.45e-07
1503923881	4.45e-07
1503923941	4.45e-07
1503924002	4.45e-07
1503924062	4.46e-07
1503924123	4.46e-07
1503924183	4.46e-07
1503924244	4.46e-07
1503924304	4.46e-07
1503924365	4.46e-07
1503924425	4.47e-07
1503924486	4.46e-07
1503924546	4.47e-07
1503924607	4.47e-07
1503924668	4.47e-07
1503924728	4.47e-07
1503924789	4.47e-07
1503924849	4.48e-07
1503924910	4.48e-07
1503924970	4.48e-07
1503925031	4.48e-07
1503925091	4.48e-07
1503925152	4.48e-07
1503925212	4.48e-07
1503925273	4.49e-07
1503925333	4.49e-07
1503925394	4.49e-07
1503925454	4.49e-07
1503925515	4.49e-07
1503925575	4.49e-07
1503925636	4.5e-07
1503925697	4.5e-07
1503925757	4.5e-07
1503925818	4.5e-07
1503925878	4.5e-07
1503925939	4.5e-07
1503925999	4.5e-07
1503926060	4.5e-07
1503926120	4.51e-07
1503926181	4.51e-07
1503926241	4.51e-07
1503926302	4.51e-07
1503926362	4.51e-07
1503926423	4.52e-07
1503926484	4.52e-07
1503926544	4.52e-07
1503926605	4.53e-07
1503926665	4.53e-07
1503926726	4.53e-07
1503926786	4.53e-07
1503926847	4.54e-07
1503926907	4.54e-07
1503926968	4.54e-07
1503927028	4.54e-07
1503927089	4.55e-07
1503927149	4.55e-07
1503927210	4.55e-07
1503927270	4.56e-07
1503927331	4.56e-07
1503927391	4.56e-07
1503927452	4.56e-07
1503927513	4.56e-07
1503927573	4.57e-07
1503927634	4.57e-07
1503927694	4.57e-07
1503927755	4.57e-07
1503927815	4.57e-07
1503927876	4.57e-07
1503927936	4.58e-07
1503927997	4.58e-07
1503928057	4.58e-07
1503928118	4.59e-07
1503928178	4.59e-07
1503928239	4.59e-07
1503928299	4.59e-07
1503928360	4.59e-07
1503928420	4.59e-07
1503928481	4.6e-07
1503928541	4.6e-07
1503928602	4.6e-07
1503928663	4.6e-07
1503928723	4.6e-07
1503928784	4.6e-07
1503928844	4.6e-07
1503928905	4.6e-07
1503928965	4.61e-07
1503929026	4.61e-07
1503929086	4.61e-07
1503929147	4.61e-07
1503929207	4.61e-07
1503929268	4.61e-07
1503929328	4.61e-07
1503929389	4.62e-07
1503929450	4.62e-07
1503929510	4.62e-07
1503929571	4.62e-07
1503929631	4.62e-07
1503929692	4.62e-07
1503929752	4.62e-07
1503929813	4.62e-07
1503929873	4.62e-07
1503929934	4.62e-07
1503929994	4.63e-07
1503930055	4.63e-07
1503930115	4.63e-07
1503930176	4.63e-07
1503930236	4.64e-07
1503930297	4.64e-07
1503930357	4.64e-07
1503930418	4.64e-07
1503930478	4.65e-07
1503930539	4.65e-07
1503930599	4.65e-07
1503930660	4.65e-07
1503930720	4.66e-07
1503930781	4.66e-07
1503930841	4.66e-07
1503930902	4.66e-07
1503930962	4.66e-07
1503931023	4.66e-07
1503931083	4.67e-07
1503931144	4.67e-07
1503931205	4.67e-07
1503931265	4.67e-07
1503931326	4.67e-07
1503931386	4.67e-07
1503931447	4.67e-07
1503931507	4.68e-07
1503931568	4.68e-07
1503931628	4.68e-07
1503931689	4.68e-07
1503931749	4.69e-07
1503931810	4.69e-07
1503931871	4.69e-07
1503931931	4.69e-07
1503931992	4.68e-07
1503932052	4.69e-07
1503932113	4.69e-07
1503932173	4.69e-07
1503932234	4.7e-07
1503932294	4.7e-07
1503932355	4.69e-07
1503932415	4.69e-07
1503932476	4.69e-07
1503932536	4.69e-07
1503932597	4.69e-07
1503932658	4.7e-07
1503932718	4.7e-07
1503932779	4.7e-07
1503932839	4.7e-07
1503932900	4.7e-07
1503932960	4.7e-07
1503933021	4.7e-07
1503933081	4.71e-07
1503933142	4.71e-07
1503933202	4.71e-07
1503933263	4.71e-07
1503933323	4.7e-07
1503933384	4.7e-07
1503933444	4.7e-07
1503933505	4.7e-07
1503933565	4.7e-07
1503933626	4.7e-07
1503933686	4.7e-07
1503933747	4.7e-07
1503933808	4.7e-07
1503933868	4.7e-07
1503933929	4.7e-07
1503933989	4.7e-07
1503934050	4.71e-07
1503934110	4.71e-07
1503934171	4.71e-07
1503934231	4.71e-07
1503934292	4.71e-07
1503934352	4.71e-07
1503934413	4.71e-07
1503934473	4.71e-07
1503934534	4.71e-07
1503934595	4.71e-07
1503934655	4.71e-07
1503934716	4.72e-07
1503934776	4.71e-07
1503934837	4.72e-07
1503934897	4.72e-07
1503934958	4.72e-07
1503935018	4.72e-07
1503935079	4.72e-07
1503935139	4.72e-07
1503935200	4.72e-07
1503935260	4.72e-07
1503935321	4.72e-07
1503935381	4.73e-07
1503935442	4.73e-07
1503935502	4.73e-07
1503935563	4.74e-07
1503935623	4.74e-07
1503935684	4.74e-07
1503935744	4.74e-07
1503935805	4.74e-07
1503935865	4.74e-07
1503935926	4.74e-07
1503935987	4.75e-07
1503936047	4.75e-07
1503936108	4.75e-07
1503936168	4.75e-07
1503936229	4.75e-07
1503936289	4.76e-07
1503936350	4.76e-07
1503936410	4.76e-07
1503936471	4.76e-07
1503936531	4.76e-07
1503936592	4.76e-07
1503936652	4.76e-07
1503936713	4.76e-07
1503936773	4.77e-07
1503936834	4.77e-07
1503936894	4.77e-07
1503936955	4.77e-07
1503937015	4.77e-07
1503937076	4.77e-07
1503937136	4.78e-07
1503937197	4.77e-07
1503937257	4.78e-07
1503937318	4.78e-07
1503937378	4.78e-07
1503937439	4.78e-07
1503937499	4.78e-07
1503937560	4.77e-07
1503937620	4.77e-07
1503937681	4.78e-07
1503937742	4.78e-07
1503937802	4.78e-07
1503937863	4.78e-07
1503937923	4.78e-07
1503937984	4.78e-07
1503938044	4.79e-07
1503938105	4.79e-07
1503938165	4.78e-07
1503938226	4.78e-07
1503938286	4.79e-07
1503938347	4.79e-07
1503938408	4.79e-07
1503938468	4.79e-07
1503938529	4.79e-07
1503938589	4.8e-07
1503938650	4.8e-07
1503938710	4.8e-07
1503938771	4.8e-07
1503938831	4.8e-07
1503938892	4.8e-07
1503938952	4.8e-07
1503939013	4.8e-07
1503939074	4.8e-07
1503939134	4.8e-07
1503939195	4.8e-07
1503939255	4.81e-07
1503939316	4.81e-07
1503939376	4.81e-07
1503939437	4.81e-07
1503939497	4.81e-07
1503939558	4.81e-07
1503939618	4.81e-07
1503939679	4.81e-07
1503939739	4.81e-07
1503939800	4.81e-07
1503939861	4.81e-07
1503939921	4.81e-07
1503939981	4.82e-07
1503940042	4.82e-07
1503940102	4.82e-07
1503940163	4.82e-07
1503940223	4.83e-07
1503940284	4.83e-07
1503940344	4.83e-07
1503940405	4.83e-07
1503940465	4.83e-07
1503940526	4.83e-07
1503940586	4.83e-07
1503940647	4.83e-07
1503940707	4.83e-07
1503940768	4.84e-07
1503940828	4.83e-07
1503940889	4.83e-07
1503940950	4.83e-07
1503941010	4.83e-07
1503941071	4.83e-07
1503941131	4.84e-07
1503941192	4.84e-07
1503941252	4.84e-07
1503941313	4.84e-07
1503941373	4.84e-07
1503941434	4.84e-07
1503941494	4.84e-07
1503941555	4.84e-07
1503941615	4.84e-07
1503941676	4.84e-07
1503941736	4.84e-07
1503941797	4.84e-07
1503941857	4.85e-07
1503941918	4.85e-07
1503941978	4.85e-07
1503942039	4.85e-07
1503942099	4.85e-07
1503942160	4.86e-07
1503942221	4.86e-07
1503942281	4.86e-07
1503942342	4.86e-07
1503942402	4.86e-07
1503942463	4.86e-07
1503942523	4.86e-07
1503942584	4.86e-07
1503942644	4.86e-07
1503942705	4.86e-07
1503942765	4.86e-07
1503942826	4.86e-07
1503942886	4.87e-07
1503942947	4.87e-07
1503943007	4.87e-07
1503943068	4.87e-07
1503943129	4.86e-07
1503943189	4.86e-07
1503943250	4.86e-07
1503943310	4.86e-07
1503943371	4.87e-07
1503943431	4.87e-07
1503943492	4.87e-07
1503943552	4.88e-07
1503943613	4.88e-07
1503943673	4.88e-07
1503943734	4.88e-07
1503943794	4.88e-07
1503943855	4.88e-07
1503943915	4.88e-07
1503943976	4.88e-07
1503944037	4.88e-07
1503944097	4.88e-07
1503944158	4.88e-07
1503944218	4.88e-07
1503944279	4.88e-07
1503944339	4.88e-07
1503944400	4.88e-07
1503944460	4.88e-07
1503944521	4.88e-07
1503944581	4.88e-07
1503944642	4.88e-07
1503944702	4.88e-07
1503944763	4.88e-07
1503944823	4.89e-07
1503944884	4.89e-07
1503944944	4.89e-07
1503945005	4.89e-07
1503945066	4.89e-07
1503945126	4.89e-07
1503945186	4.89e-07
1503945247	4.9e-07
1503945308	4.89e-07
1503945368	4.89e-07
1503945429	4.89e-07
1503945489	4.89e-07
1503945550	4.9e-07
1503945610	4.9e-07
1503945671	4.89e-07
1503945731	4.89e-07
1503945792	4.9e-07
1503945852	4.89e-07
1503945913	4.88e-07
1503945973	4.85e-07
1503946034	4.81e-07
1503946095	4.79e-07
1503946155	4.78e-07
1503946216	4.78e-07
1503946276	4.78e-07
1503946337	4.78e-07
1503946397	4.78e-07
1503946458	4.78e-07
1503946518	4.78e-07
1503946579	4.79e-07
1503946639	4.79e-07
1503946700	4.79e-07
1503946760	4.79e-07
1503946821	4.79e-07
1503946881	4.79e-07
1503946942	4.79e-07
1503947002	4.79e-07
1503947063	4.79e-07
1503947123	4.79e-07
1503947184	4.79e-07
1503947245	4.8e-07
1503947305	4.8e-07
1503947366	4.8e-07
1503947426	4.8e-07
1503947487	4.8e-07
1503947547	4.8e-07
1503947608	4.81e-07
1503947668	4.81e-07
1503947729	4.8e-07
1503947789	4.8e-07
1503947850	4.8e-07
1503947910	4.8e-07
1503947971	4.81e-07
1503948032	4.81e-07
1503948092	4.81e-07
1503948153	4.81e-07
1503948213	4.81e-07
1503948274	4.81e-07
1503948334	4.82e-07
1503948395	4.82e-07
1503948455	4.82e-07
1503948516	4.82e-07
1503948576	4.82e-07
1503948637	4.83e-07
1503948697	4.83e-07
1503948758	4.83e-07
1503948818	4.83e-07
1503948879	4.83e-07
1503948939	4.83e-07
1503949000	4.83e-07
1503949061	4.83e-07
1503949121	4.83e-07
1503949182	4.83e-07
1503949242	4.83e-07
1503949303	4.83e-07
1503949363	4.83e-07
1503949424	4.83e-07
1503949484	4.84e-07
1503949545	4.84e-07
1503949605	4.84e-07
1503949666	4.84e-07
1503949726	4.84e-07
1503949787	4.84e-07
1503949847	4.85e-07
1503949908	4.85e-07
1503949968	4.85e-07
1503950029	4.85e-07
1503950089	4.85e-07
1503950150	4.85e-07
1503950210	4.85e-07
1503950271	4.85e-07
1503950331	4.85e-07
1503950392	4.85e-07
1503950452	4.85e-07
1503950513	4.85e-07
1503950573	4.82e-07
1503950634	4.78e-07
1503950695	4.74e-07
1503950755	4.72e-07
1503950815	4.71e-07
1503950876	4.71e-07
1503950936	4.71e-07
1503950997	4.71e-07
1503951057	4.71e-07
1503951118	4.72e-07
1503951178	4.72e-07
1503951239	4.72e-07
1503951300	4.72e-07
1503951360	4.72e-07
1503951421	4.72e-07
1503951481	4.72e-07
1503951542	4.72e-07
1503951602	4.72e-07
1503951663	4.72e-07
1503951723	4.71e-07
1503951784	4.71e-07
1503951844	4.72e-07
1503951905	4.72e-07
1503951965	4.72e-07
1503952026	4.73e-07
1503952086	4.73e-07
1503952147	4.73e-07
1503952207	4.74e-07
1503952268	4.73e-07
1503952328	4.73e-07
1503952389	4.74e-07
1503952450	4.74e-07
1503952510	4.74e-07
1503952571	4.74e-07
1503952631	4.74e-07
1503952692	4.74e-07
1503952752	4.74e-07
1503952813	4.74e-07
1503952873	4.75e-07
1503952934	4.75e-07
1503952994	4.75e-07
1503953055	4.75e-07
1503953115	4.75e-07
1503953176	4.75e-07
1503953236	4.75e-07
1503953297	4.75e-07
1503953357	4.75e-07
1503953418	4.75e-07
1503953479	4.75e-07
1503953539	4.75e-07
1503953600	4.75e-07
1503953660	4.76e-07
1503953721	4.76e-07
1503953781	4.76e-07
1503953842	4.76e-07
1503953902	4.76e-07
1503953963	4.76e-07
1503954023	4.76e-07
1503954084	4.76e-07
1503954144	4.76e-07
1503954205	4.77e-07
1503954265	4.76e-07
1503954326	4.76e-07
1503954386	4.77e-07
1503954447	4.77e-07
1503954508	4.77e-07
1503954568	4.78e-07
1503954629	4.78e-07
1503954689	4.78e-07
1503954750	4.78e-07
1503954810	4.78e-07
1503954871	4.78e-07
1503954931	4.78e-07
1503954992	4.78e-07
1503955052	4.78e-07
1503955113	4.78e-07
1503955173	4.78e-07
1503955234	4.78e-07
1503955294	4.78e-07
1503955355	4.78e-07
1503955415	4.78e-07
1503955476	4.78e-07
1503955536	4.78e-07
1503955597	4.78e-07
1503955657	4.78e-07
1503955718	4.78e-07
1503955779	4.78e-07
1503955839	4.78e-07
1503955900	4.78e-07
1503955960	4.79e-07
1503956021	4.79e-07
1503956081	4.79e-07
1503956142	4.79e-07
1503956202	4.79e-07
1503956263	4.79e-07
1503956323	4.79e-07
1503956384	4.79e-07
1503956444	4.79e-07
1503956505	4.79e-07
1503956565	4.8e-07
1503956626	4.8e-07
1503956687	4.8e-07
1503956747	4.81e-07
1503956808	4.81e-07
1503956868	4.81e-07
1503956929	4.81e-07
1503956989	4.81e-07
1503957050	4.82e-07
1503957110	4.82e-07
1503957171	4.82e-07
1503957231	4.82e-07
1503957292	4.82e-07
1503957352	4.82e-07
1503957413	4.82e-07
1503957473	4.83e-07
1503957534	4.83e-07
1503957595	4.83e-07
1503957655	4.83e-07
1503957716	4.83e-07
1503957776	4.83e-07
1503957837	4.84e-07
1503957897	4.83e-07
1503957958	4.84e-07
1503958018	4.84e-07
1503958079	4.84e-07
1503958139	4.84e-07
1503958200	4.84e-07
1503958260	4.84e-07
1503958321	4.84e-07
1503958381	4.85e-07
1503958442	4.85e-07
1503958503	4.84e-07
1503958563	4.85e-07
1503958624	4.85e-07
1503958684	4.85e-07
1503958745	4.85e-07
1503958805	4.85e-07
1503958866	4.85e-07
1503958926	4.85e-07
1503958987	4.85e-07
1503959047	4.85e-07
1503959108	4.85e-07
1503959168	4.86e-07
1503959229	4.86e-07
1503959289	4.86e-07
1503959350	4.86e-07
1503959411	4.86e-07
1503959471	4.86e-07
1503959532	4.86e-07
1503959592	4.86e-07
1503959653	4.86e-07
1503959713	4.86e-07
1503959774	4.86e-07
1503959834	4.86e-07
1503959895	4.86e-07
1503959955	4.87e-07
1503960016	4.87e-07
1503960077	4.87e-07
1503960137	4.87e-07
1503960198	4.87e-07
1503960258	4.88e-07
1503960319	4.88e-07
1503960379	4.88e-07
1503960440	4.88e-07
1503960500	4.89e-07
1503960561	4.89e-07
1503960621	4.89e-07
1503960682	4.89e-07
1503960742	4.89e-07
1503960803	4.9e-07
1503960864	4.91e-07
1503960924	4.94e-07
1503960984	4.99e-07
1503961045	5.11e-07
1503961106	5.33e-07
1503961166	5.72e-07
1503961227	6.39e-07
1503961287	7.93e-07
1503961348	1.42e-06
1503961408	5.1e-06
1503961469	3.03e-05
1503961529	0.000198
1503961590	0.0013
1503961650	0.00485
1503961711	0.00972
1503961771	0.0135
1503961832	0.0158
1503961892	0.0173
1503961953	0.0182
1503962013	0.0187
