Pfeiffer read started at 2017-10-02 17:44:47 (EDT)
Time (s)	Pressure (Torr)
1506980689	8.3e-05
1506980750	2.13e-05
1506980810	1.37e-05
1506980871	1.21e-05
1506980931	1.14e-05
1506980992	1.1e-05
1506981052	1.08e-05
1506981113	1.07e-05
1506981173	1.05e-05
1506981233	1.05e-05
1506981294	1.04e-05
1506981355	1.03e-05
1506981415	1.03e-05
1506981476	1.03e-05
1506981536	1.02e-05
1506981597	1.02e-05
1506981657	1.02e-05
1506981718	1.02e-05
1506981778	1.01e-05
1506981839	1.01e-05
1506981899	1.01e-05
1506981960	1.01e-05
1506982020	1.01e-05
1506982081	1.01e-05
1506982141	1.01e-05
1506982202	1.01e-05
1506982262	1.01e-05
1506982323	1.01e-05
1506982383	1.01e-05
1506982444	1e-05
1506982504	1e-05
1506982565	9.98e-06
1506982625	9.94e-06
1506982686	9.9e-06
1506982746	9.87e-06
1506982807	9.86e-06
1506982867	9.86e-06
1506982928	9.86e-06
1506982988	9.86e-06
1506983049	9.86e-06
1506983109	9.86e-06
1506983170	9.85e-06
1506983230	9.85e-06
1506983291	9.85e-06
1506983351	9.85e-06
1506983412	9.85e-06
1506983472	9.85e-06
1506983533	9.85e-06
1506983593	9.85e-06
1506983654	9.85e-06
1506983714	9.85e-06
1506983775	9.85e-06
1506983835	9.85e-06
1506983896	9.85e-06
1506983956	9.85e-06
1506984017	9.85e-06
1506984077	9.85e-06
1506984138	9.85e-06
1506984199	9.86e-06
1506984259	9.85e-06
1506984320	9.86e-06
1506984380	9.86e-06
1506984441	9.86e-06
1506984501	9.86e-06
1506984562	9.86e-06
1506984622	9.86e-06
1506984683	9.87e-06
1506984743	9.87e-06
1506984804	9.86e-06
1506984864	9.82e-06
1506984925	9.78e-06
1506984985	9.76e-06
1506985046	9.73e-06
1506985106	9.71e-06
1506985167	9.71e-06
1506985227	9.72e-06
1506985288	9.72e-06
1506985348	9.72e-06
1506985409	9.72e-06
1506985469	9.72e-06
1506985530	9.73e-06
1506985590	9.73e-06
1506985650	9.73e-06
1506985711	9.73e-06
1506985771	9.73e-06
1506985832	9.73e-06
1506985892	9.74e-06
1506985953	9.74e-06
1506986013	9.74e-06
1506986074	9.74e-06
1506986134	9.74e-06
1506986195	9.74e-06
1506986255	9.75e-06
1506986316	9.75e-06
1506986376	9.75e-06
1506986437	9.75e-06
1506986497	9.75e-06
1506986558	9.76e-06
1506986618	9.76e-06
1506986679	9.76e-06
1506986739	9.76e-06
1506986800	9.77e-06
1506986860	9.77e-06
1506986921	9.76e-06
1506986981	9.72e-06
1506987042	9.69e-06
1506987102	9.66e-06
1506987163	9.63e-06
1506987223	9.61e-06
1506987284	9.61e-06
1506987344	9.62e-06
1506987405	9.62e-06
1506987465	9.62e-06
1506987526	9.62e-06
1506987586	9.62e-06
1506987647	9.63e-06
1506987707	9.63e-06
1506987768	9.63e-06
1506987828	9.63e-06
1506987889	9.64e-06
1506987950	9.64e-06
1506988010	9.64e-06
1506988071	9.64e-06
1506988131	9.64e-06
1506988192	9.65e-06
1506988252	9.65e-06
1506988313	9.65e-06
1506988373	9.65e-06
1506988433	9.65e-06
1506988494	9.66e-06
1506988554	9.66e-06
1506988615	9.66e-06
1506988676	9.66e-06
1506988736	9.67e-06
1506988797	9.67e-06
1506988857	9.67e-06
1506988917	9.67e-06
1506988978	9.68e-06
1506989038	9.68e-06
1506989099	9.65e-06
1506989159	9.61e-06
1506989220	9.58e-06
1506989280	9.55e-06
1506989341	9.52e-06
1506989401	9.51e-06
1506989462	9.52e-06
1506989522	9.52e-06
1506989583	9.53e-06
1506989643	9.53e-06
1506989704	9.53e-06
1506989765	9.53e-06
1506989825	9.53e-06
1506989886	9.54e-06
1506989946	9.54e-06
1506990007	9.54e-06
1506990067	9.55e-06
1506990128	9.55e-06
1506990188	9.55e-06
1506990249	9.55e-06
1506990309	9.55e-06
1506990370	9.55e-06
1506990430	9.56e-06
1506990491	9.56e-06
1506990551	9.56e-06
1506990612	9.56e-06
1506990672	9.57e-06
1506990733	9.57e-06
1506990793	9.57e-06
1506990854	9.57e-06
1506990914	9.57e-06
1506990975	9.57e-06
1506991035	9.58e-06
1506991096	9.58e-06
1506991156	9.58e-06
1506991217	9.58e-06
1506991277	9.6e-06
1506991338	9.6e-06
1506991398	9.6e-06
1506991459	9.58e-06
1506991519	9.54e-06
1506991580	9.51e-06
1506991640	9.48e-06
1506991701	9.45e-06
1506991761	9.45e-06
1506991822	9.45e-06
1506991882	9.46e-06
1506991943	9.46e-06
1506992003	9.46e-06
1506992064	9.46e-06
1506992124	9.46e-06
1506992185	9.47e-06
1506992245	9.47e-06
1506992306	9.44e-06
1506992366	9.45e-06
1506992427	9.45e-06
1506992487	9.45e-06
1506992548	9.45e-06
1506992608	9.45e-06
1506992669	9.45e-06
1506992729	9.46e-06
1506992790	9.46e-06
1506992851	9.46e-06
1506992911	9.46e-06
1506992971	9.46e-06
1506993032	9.46e-06
1506993092	9.46e-06
1506993153	9.46e-06
1506993214	9.46e-06
1506993274	9.46e-06
1506993335	9.46e-06
1506993395	9.46e-06
1506993455	9.46e-06
1506993516	9.46e-06
1506993576	9.47e-06
1506993637	9.47e-06
1506993697	9.47e-06
1506993758	9.47e-06
1506993818	9.47e-06
1506993879	9.48e-06
1506993939	9.48e-06
1506994000	9.48e-06
1506994060	9.48e-06
1506994121	9.49e-06
1506994181	9.49e-06
1506994242	9.49e-06
1506994302	9.49e-06
1506994363	9.5e-06
1506994423	9.5e-06
1506994484	9.5e-06
1506994544	9.51e-06
1506994605	9.51e-06
1506994665	9.51e-06
1506994726	9.51e-06
1506994786	9.52e-06
1506994847	9.52e-06
1506994907	9.52e-06
1506994968	9.53e-06
1506995028	9.53e-06
1506995089	9.53e-06
1506995149	9.53e-06
1506995210	9.54e-06
1506995270	9.54e-06
1506995331	9.55e-06
1506995391	9.55e-06
1506995452	9.55e-06
1506995512	9.56e-06
1506995573	9.56e-06
1506995633	9.56e-06
1506995694	9.57e-06
1506995754	9.57e-06
1506995815	9.57e-06
1506995875	9.58e-06
1506995936	9.6e-06
1506995996	9.6e-06
1506996057	9.59e-06
1506996117	9.61e-06
1506996178	9.62e-06
1506996238	9.62e-06
1506996299	9.62e-06
1506996359	9.63e-06
1506996420	9.64e-06
1506996480	9.64e-06
1506996541	9.64e-06
1506996601	9.65e-06
1506996662	9.65e-06
1506996722	9.65e-06
1506996783	9.66e-06
1506996843	9.66e-06
1506996904	9.67e-06
1506996964	9.67e-06
1506997025	9.67e-06
1506997085	9.68e-06
1506997146	9.68e-06
1506997207	9.68e-06
1506997267	9.69e-06
1506997328	9.69e-06
1506997388	9.7e-06
1506997449	9.7e-06
1506997509	9.7e-06
1506997570	9.71e-06
1506997630	9.71e-06
1506997691	9.71e-06
1506997751	9.72e-06
1506997812	9.72e-06
1506997872	9.73e-06
1506997933	9.73e-06
1506997993	9.73e-06
1506998054	9.74e-06
1506998114	9.74e-06
1506998175	9.74e-06
1506998235	9.75e-06
1506998296	9.75e-06
1506998356	9.76e-06
1506998417	9.76e-06
1506998477	9.77e-06
1506998538	9.77e-06
1506998599	9.77e-06
1506998659	9.78e-06
1506998720	9.78e-06
1506998780	9.78e-06
1506998841	9.79e-06
1506998901	9.8e-06
1506998962	9.8e-06
1506999022	9.8e-06
1506999083	9.8e-06
1506999143	9.81e-06
1506999204	9.81e-06
1506999264	9.82e-06
1506999325	9.82e-06
1506999385	9.83e-06
1506999446	9.83e-06
1506999506	9.83e-06
1506999567	9.8e-06
1506999627	9.76e-06
1506999688	9.73e-06
1506999748	9.71e-06
1506999809	9.71e-06
1506999869	9.71e-06
1506999930	9.71e-06
1506999990	9.72e-06
1507000051	9.72e-06
1507000111	9.73e-06
1507000172	9.73e-06
1507000232	9.73e-06
1507000293	9.73e-06
1507000353	9.73e-06
1507000414	9.73e-06
1507000474	9.74e-06
1507000535	9.74e-06
1507000595	9.74e-06
1507000656	9.74e-06
1507000716	9.74e-06
1507000777	9.74e-06
1507000837	9.75e-06
1507000898	9.75e-06
1507000958	9.75e-06
1507001019	9.75e-06
1507001079	9.75e-06
1507001140	9.75e-06
1507001200	9.76e-06
1507001261	9.76e-06
1507001322	9.76e-06
1507001382	9.76e-06
1507001443	9.76e-06
1507001503	9.76e-06
1507001564	9.76e-06
1507001624	9.76e-06
1507001685	9.77e-06
1507001745	9.77e-06
1507001806	9.77e-06
1507001866	9.77e-06
1507001927	9.77e-06
1507001987	9.78e-06
1507002048	9.78e-06
1507002108	9.78e-06
1507002169	9.78e-06
1507002229	9.78e-06
1507002290	9.78e-06
1507002350	9.79e-06
1507002411	9.79e-06
1507002471	9.79e-06
1507002532	9.79e-06
1507002592	9.8e-06
1507002653	9.8e-06
1507002713	9.8e-06
1507002774	9.8e-06
1507002834	9.81e-06
1507002895	9.81e-06
1507002955	9.81e-06
1507003016	9.81e-06
1507003076	9.82e-06
1507003137	9.82e-06
1507003197	9.82e-06
1507003258	9.82e-06
1507003318	9.83e-06
1507003379	9.83e-06
1507003439	9.83e-06
1507003500	9.83e-06
1507003560	9.83e-06
1507003621	9.79e-06
1507003681	9.76e-06
1507003742	9.73e-06
1507003802	9.7e-06
1507003863	9.7e-06
1507003923	9.7e-06
1507003984	9.71e-06
1507004044	9.71e-06
1507004105	9.71e-06
1507004165	9.72e-06
1507004226	9.72e-06
1507004286	9.72e-06
1507004347	9.72e-06
1507004407	9.72e-06
1507004468	9.72e-06
1507004528	9.72e-06
1507004589	9.72e-06
1507004649	9.72e-06
1507004710	9.72e-06
1507004770	9.73e-06
1507004831	9.73e-06
1507004891	9.73e-06
1507004952	9.73e-06
1507005012	9.73e-06
1507005073	9.73e-06
1507005133	9.73e-06
1507005194	9.73e-06
1507005255	9.73e-06
1507005315	9.73e-06
1507005376	9.73e-06
1507005436	9.73e-06
1507005497	9.74e-06
1507005557	9.73e-06
1507005618	9.73e-06
1507005678	9.74e-06
1507005739	9.74e-06
1507005799	9.74e-06
1507005860	9.74e-06
1507005920	9.74e-06
1507005981	9.74e-06
1507006041	9.74e-06
1507006102	9.75e-06
1507006162	9.75e-06
1507006223	9.75e-06
1507006283	9.75e-06
1507006344	9.75e-06
1507006404	9.75e-06
1507006465	9.75e-06
1507006525	9.76e-06
1507006586	9.76e-06
1507006646	9.7e-06
1507006707	9.7e-06
1507006767	9.7e-06
1507006828	9.71e-06
1507006889	9.71e-06
1507006949	9.71e-06
1507007010	9.71e-06
1507007070	9.71e-06
1507007131	9.72e-06
1507007191	9.72e-06
1507007252	9.72e-06
1507007312	9.72e-06
1507007373	9.73e-06
1507007433	9.7e-06
1507007494	9.66e-06
1507007554	9.62e-06
1507007615	9.59e-06
1507007675	9.58e-06
1507007736	9.58e-06
1507007796	9.58e-06
1507007857	9.59e-06
1507007917	9.59e-06
1507007978	9.59e-06
1507008038	9.59e-06
1507008099	9.59e-06
1507008159	9.59e-06
1507008220	9.59e-06
1507008280	9.59e-06
1507008341	9.59e-06
1507008401	9.6e-06
1507008462	9.6e-06
1507008522	9.6e-06
1507008583	9.6e-06
1507008643	9.6e-06
1507008704	9.6e-06
1507008764	9.6e-06
1507008825	9.6e-06
1507008885	9.6e-06
1507008946	9.6e-06
1507009006	9.6e-06
1507009067	9.6e-06
1507009127	9.6e-06
1507009188	9.6e-06
1507009248	9.61e-06
1507009309	9.61e-06
1507009369	9.61e-06
1507009430	9.61e-06
1507009490	9.61e-06
1507009551	9.61e-06
1507009612	9.61e-06
1507009672	9.61e-06
1507009732	9.61e-06
1507009793	9.61e-06
1507009853	9.61e-06
1507009914	9.61e-06
1507009974	9.62e-06
1507010035	9.62e-06
1507010095	9.62e-06
1507010156	9.62e-06
1507010216	9.62e-06
1507010277	9.62e-06
1507010337	9.62e-06
1507010398	9.62e-06
1507010458	9.63e-06
1507010519	9.63e-06
1507010579	9.63e-06
1507010640	9.63e-06
1507010700	9.63e-06
1507010761	9.64e-06
1507010821	9.64e-06
1507010882	9.64e-06
1507010942	9.64e-06
1507011003	9.65e-06
1507011063	9.65e-06
1507011124	9.65e-06
1507011184	9.65e-06
1507011245	9.66e-06
1507011305	9.66e-06
1507011366	9.66e-06
1507011426	9.66e-06
1507011487	9.66e-06
1507011547	9.67e-06
1507011608	9.67e-06
1507011668	9.67e-06
1507011729	9.67e-06
1507011789	9.68e-06
1507011850	9.68e-06
1507011910	9.68e-06
1507011971	9.68e-06
1507012031	9.69e-06
1507012092	9.69e-06
1507012152	9.69e-06
1507012213	9.7e-06
1507012273	9.7e-06
1507012334	9.7e-06
1507012394	9.7e-06
1507012455	9.71e-06
1507012516	9.71e-06
1507012576	9.71e-06
1507012637	9.72e-06
1507012697	9.72e-06
1507012757	9.72e-06
1507012818	9.72e-06
1507012878	9.73e-06
1507012939	9.73e-06
1507012999	9.73e-06
1507013060	9.74e-06
1507013120	9.73e-06
1507013181	9.74e-06
1507013241	9.73e-06
1507013302	9.69e-06
1507013362	9.66e-06
1507013423	9.63e-06
1507013483	9.61e-06
1507013544	9.6e-06
1507013604	9.61e-06
1507013665	9.62e-06
1507013725	9.61e-06
1507013786	9.62e-06
1507013846	9.62e-06
1507013907	9.62e-06
1507013967	9.62e-06
1507014028	9.62e-06
1507014088	9.62e-06
1507014149	9.62e-06
1507014209	9.62e-06
1507014270	9.62e-06
1507014330	9.62e-06
1507014391	9.63e-06
1507014451	9.62e-06
1507014512	9.63e-06
1507014572	9.63e-06
1507014633	9.63e-06
1507014693	9.63e-06
1507014754	9.63e-06
1507014814	9.63e-06
1507014875	9.63e-06
1507014935	9.63e-06
1507014996	9.63e-06
1507015056	9.63e-06
1507015117	9.63e-06
1507015177	9.63e-06
1507015238	9.63e-06
1507015298	9.63e-06
1507015359	9.63e-06
1507015419	9.63e-06
1507015480	9.63e-06
1507015540	9.63e-06
1507015601	9.63e-06
1507015661	9.63e-06
1507015722	9.64e-06
1507015782	9.64e-06
1507015843	9.64e-06
1507015903	9.64e-06
1507015964	9.64e-06
1507016024	9.64e-06
1507016085	9.64e-06
1507016145	9.64e-06
1507016206	9.64e-06
1507016266	9.64e-06
1507016327	9.64e-06
1507016387	9.64e-06
1507016448	9.64e-06
1507016508	9.64e-06
1507016569	9.64e-06
1507016629	9.64e-06
1507016690	9.65e-06
1507016750	9.65e-06
1507016811	9.65e-06
1507016871	9.65e-06
1507016932	9.65e-06
1507016992	9.65e-06
1507017053	9.65e-06
1507017113	9.65e-06
1507017174	9.65e-06
1507017234	9.66e-06
1507017295	9.65e-06
1507017355	9.66e-06
1507017416	9.66e-06
1507017476	9.66e-06
1507017537	9.66e-06
1507017597	9.66e-06
1507017658	9.66e-06
1507017718	9.67e-06
1507017779	9.66e-06
1507017839	9.67e-06
1507017900	9.67e-06
1507017960	9.66e-06
1507018021	9.67e-06
1507018081	9.67e-06
1507018142	9.67e-06
1507018202	9.67e-06
1507018263	9.67e-06
1507018323	9.67e-06
1507018384	9.67e-06
1507018444	9.68e-06
1507018505	9.68e-06
1507018565	9.68e-06
1507018626	9.68e-06
1507018686	9.68e-06
1507018747	9.68e-06
1507018807	9.68e-06
1507018868	9.68e-06
1507018928	9.68e-06
1507018988	9.69e-06
1507019049	9.69e-06
1507019109	9.69e-06
1507019170	9.69e-06
1507019230	9.69e-06
1507019291	9.69e-06
1507019351	9.69e-06
1507019412	9.69e-06
1507019472	9.69e-06
1507019533	9.69e-06
1507019593	9.69e-06
1507019654	9.69e-06
1507019714	9.7e-06
1507019775	9.7e-06
1507019835	9.7e-06
1507019896	9.7e-06
1507019956	9.7e-06
1507020017	9.7e-06
1507020077	9.7e-06
1507020138	9.7e-06
1507020198	9.71e-06
1507020259	9.7e-06
1507020319	9.71e-06
1507020380	9.71e-06
1507020440	9.71e-06
1507020501	9.71e-06
1507020561	9.71e-06
1507020622	9.71e-06
1507020682	9.71e-06
1507020743	9.71e-06
1507020803	9.71e-06
1507020864	9.71e-06
1507020924	9.72e-06
1507020985	9.72e-06
1507021046	9.72e-06
1507021106	9.72e-06
1507021167	9.72e-06
1507021227	9.72e-06
1507021288	9.72e-06
1507021348	9.72e-06
1507021409	9.72e-06
1507021469	9.73e-06
1507021530	9.73e-06
1507021590	9.73e-06
1507021651	9.73e-06
1507021711	9.73e-06
1507021772	9.73e-06
1507021832	9.73e-06
1507021893	9.74e-06
1507021953	9.74e-06
1507022014	9.74e-06
1507022074	9.74e-06
1507022135	9.74e-06
1507022195	9.74e-06
1507022255	9.74e-06
1507022316	9.75e-06
1507022376	9.75e-06
1507022437	9.75e-06
1507022497	9.75e-06
1507022558	9.75e-06
1507022618	9.75e-06
1507022679	9.75e-06
1507022739	9.75e-06
1507022800	9.75e-06
1507022860	9.75e-06
1507022921	9.76e-06
1507022981	9.75e-06
1507023042	9.76e-06
1507023102	9.76e-06
1507023163	9.76e-06
1507023223	9.76e-06
1507023284	9.76e-06
1507023344	9.72e-06
1507023405	9.68e-06
1507023465	9.65e-06
1507023526	9.63e-06
1507023586	9.64e-06
1507023647	9.64e-06
1507023707	9.64e-06
1507023768	9.64e-06
1507023828	9.64e-06
1507023889	9.64e-06
1507023949	9.64e-06
1507024010	9.64e-06
1507024070	9.64e-06
1507024131	9.64e-06
1507024191	9.64e-06
1507024252	9.64e-06
1507024312	9.64e-06
1507024373	9.64e-06
1507024433	9.64e-06
1507024494	9.64e-06
1507024554	9.63e-06
1507024615	9.64e-06
1507024675	9.64e-06
1507024736	9.63e-06
1507024796	9.63e-06
1507024857	9.63e-06
1507024917	9.63e-06
1507024978	9.63e-06
1507025038	9.63e-06
1507025099	9.63e-06
1507025159	9.63e-06
1507025220	9.63e-06
1507025280	9.63e-06
1507025341	9.63e-06
1507025401	9.62e-06
1507025462	9.62e-06
1507025522	9.62e-06
1507025583	9.62e-06
1507025643	9.62e-06
1507025704	9.62e-06
1507025764	9.62e-06
1507025825	9.62e-06
1507025885	9.62e-06
1507025946	9.62e-06
1507026006	9.62e-06
1507026067	9.62e-06
1507026128	9.62e-06
1507026188	9.62e-06
1507026249	9.62e-06
1507026309	9.62e-06
1507026370	9.62e-06
1507026430	9.62e-06
1507026491	9.62e-06
1507026551	9.62e-06
1507026612	9.62e-06
1507026672	9.62e-06
1507026733	9.62e-06
1507026793	9.62e-06
1507026854	9.62e-06
1507026914	9.63e-06
1507026975	9.62e-06
1507027035	9.63e-06
1507027096	9.63e-06
1507027156	9.63e-06
1507027217	9.63e-06
1507027277	9.63e-06
1507027338	9.63e-06
1507027398	9.63e-06
1507027459	9.63e-06
1507027519	9.64e-06
1507027580	9.64e-06
1507027640	9.64e-06
1507027701	9.64e-06
1507027761	9.64e-06
1507027822	9.64e-06
1507027882	9.65e-06
1507027943	9.65e-06
1507028003	9.65e-06
1507028064	9.65e-06
1507028124	9.65e-06
1507028185	9.66e-06
1507028245	9.66e-06
1507028306	9.66e-06
1507028366	9.66e-06
1507028427	9.66e-06
1507028487	9.67e-06
1507028548	9.67e-06
1507028608	9.67e-06
1507028669	9.67e-06
1507028729	9.67e-06
1507028790	9.68e-06
1507028850	9.68e-06
1507028911	9.68e-06
1507028971	9.68e-06
1507029032	9.68e-06
1507029092	9.68e-06
1507029153	9.69e-06
1507029213	9.69e-06
1507029274	9.69e-06
1507029334	9.65e-06
1507029395	9.61e-06
1507029455	9.59e-06
1507029516	9.56e-06
1507029576	9.54e-06
1507029637	9.52e-06
1507029698	9.49e-06
1507029758	9.47e-06
1507029819	9.44e-06
1507029879	9.41e-06
1507029940	9.39e-06
1507030000	9.36e-06
1507030060	9.34e-06
1507030121	9.32e-06
1507030181	9.29e-06
1507030242	9.26e-06
1507030302	9.24e-06
1507030363	9.22e-06
1507030423	9.23e-06
1507030484	9.23e-06
1507030544	9.23e-06
1507030605	9.22e-06
1507030665	9.23e-06
1507030726	9.22e-06
1507030786	9.22e-06
1507030846	9.22e-06
1507030907	9.21e-06
1507030967	9.21e-06
1507031028	9.21e-06
1507031088	9.21e-06
1507031149	9.2e-06
1507031210	9.2e-06
1507031270	9.2e-06
1507031331	9.19e-06
1507031391	9.19e-06
1507031452	9.19e-06
1507031512	9.19e-06
1507031573	9.18e-06
1507031633	9.18e-06
1507031694	9.18e-06
1507031754	9.17e-06
1507031814	9.17e-06
1507031875	9.17e-06
1507031936	9.16e-06
1507031996	9.16e-06
1507032057	9.16e-06
1507032117	9.16e-06
1507032178	9.16e-06
1507032238	9.16e-06
1507032299	9.15e-06
1507032359	9.15e-06
1507032420	9.15e-06
1507032480	9.15e-06
1507032541	9.15e-06
1507032601	9.15e-06
1507032662	9.15e-06
1507032722	9.14e-06
1507032783	9.15e-06
1507032843	9.14e-06
1507032904	9.15e-06
1507032964	9.14e-06
1507033025	9.14e-06
1507033085	9.15e-06
1507033146	9.15e-06
1507033206	9.15e-06
1507033267	9.15e-06
1507033327	9.15e-06
1507033388	9.15e-06
1507033448	9.15e-06
1507033509	9.16e-06
1507033569	9.16e-06
1507033630	9.16e-06
1507033690	9.16e-06
1507033751	9.16e-06
1507033811	9.17e-06
1507033872	9.17e-06
1507033932	9.17e-06
1507033993	9.17e-06
1507034053	9.18e-06
1507034114	9.18e-06
1507034174	9.18e-06
1507034234	9.19e-06
1507034295	9.19e-06
1507034355	9.19e-06
1507034416	9.2e-06
1507034477	9.2e-06
1507034537	9.21e-06
1507034598	9.21e-06
1507034658	9.21e-06
1507034719	9.22e-06
1507034779	9.22e-06
1507034840	9.23e-06
1507034900	9.23e-06
1507034961	9.24e-06
1507035021	9.24e-06
1507035082	9.23e-06
1507035142	9.19e-06
1507035203	9.16e-06
1507035263	9.14e-06
1507035324	9.12e-06
1507035384	9.12e-06
1507035445	9.13e-06
1507035505	9.14e-06
1507035566	9.14e-06
1507035626	9.15e-06
1507035687	9.15e-06
1507035747	9.15e-06
1507035808	9.16e-06
1507035868	9.16e-06
1507035929	9.17e-06
1507035989	9.17e-06
1507036050	9.18e-06
1507036110	9.18e-06
1507036171	9.18e-06
1507036231	9.19e-06
1507036292	9.19e-06
1507036352	9.2e-06
1507036413	9.2e-06
1507036473	9.2e-06
1507036534	9.21e-06
1507036594	9.21e-06
1507036655	9.22e-06
1507036715	9.22e-06
1507036776	9.23e-06
1507036836	9.23e-06
1507036897	9.23e-06
1507036957	9.24e-06
1507037018	9.24e-06
1507037078	9.25e-06
1507037139	9.25e-06
1507037199	9.26e-06
1507037260	9.26e-06
1507037320	9.27e-06
1507037381	9.27e-06
1507037442	9.26e-06
1507037502	9.22e-06
1507037563	9.19e-06
1507037623	9.17e-06
1507037683	9.15e-06
1507037744	9.15e-06
1507037804	9.16e-06
1507037865	9.16e-06
1507037925	9.17e-06
1507037986	9.17e-06
1507038046	9.18e-06
1507038107	9.18e-06
1507038167	9.18e-06
1507038228	9.19e-06
1507038289	9.19e-06
1507038349	9.2e-06
1507038410	9.2e-06
1507038470	9.21e-06
1507038530	9.21e-06
1507038591	9.21e-06
1507038651	9.21e-06
1507038712	9.22e-06
1507038773	9.23e-06
1507038833	9.23e-06
1507038894	9.23e-06
1507038954	9.24e-06
1507039015	9.24e-06
1507039075	9.24e-06
1507039136	9.25e-06
1507039196	9.25e-06
1507039257	9.26e-06
1507039317	9.26e-06
1507039378	9.27e-06
1507039438	9.27e-06
1507039499	9.27e-06
1507039559	9.28e-06
1507039620	9.28e-06
1507039680	9.29e-06
1507039741	9.3e-06
1507039802	9.3e-06
1507039862	9.3e-06
1507039923	9.31e-06
1507039983	9.31e-06
1507040044	9.32e-06
1507040104	9.32e-06
1507040165	9.31e-06
1507040225	9.27e-06
1507040286	9.23e-06
1507040346	9.21e-06
1507040407	9.18e-06
1507040467	9.18e-06
1507040528	9.19e-06
1507040588	9.2e-06
1507040649	9.2e-06
1507040709	9.21e-06
1507040770	9.21e-06
1507040830	9.22e-06
1507040891	9.22e-06
1507040951	9.23e-06
1507041012	9.23e-06
1507041072	9.23e-06
1507041133	9.24e-06
1507041193	9.24e-06
1507041254	9.24e-06
1507041314	9.25e-06
1507041375	9.25e-06
1507041435	9.26e-06
1507041496	9.26e-06
1507041556	9.26e-06
1507041617	9.27e-06
1507041677	9.27e-06
1507041738	9.27e-06
1507041798	9.28e-06
1507041859	9.28e-06
1507041919	9.29e-06
1507041980	9.29e-06
1507042040	9.29e-06
1507042101	9.3e-06
1507042161	9.3e-06
1507042222	9.3e-06
1507042283	9.31e-06
1507042343	9.31e-06
1507042403	9.32e-06
1507042464	9.32e-06
1507042524	9.33e-06
1507042585	9.33e-06
1507042645	9.33e-06
1507042706	9.34e-06
1507042766	9.34e-06
1507042827	9.35e-06
1507042887	9.33e-06
1507042948	9.29e-06
1507043008	9.26e-06
1507043069	9.23e-06
1507043129	9.22e-06
1507043190	9.22e-06
1507043250	9.23e-06
1507043311	9.24e-06
1507043371	9.24e-06
1507043432	9.25e-06
1507043492	9.25e-06
1507043553	9.25e-06
1507043613	9.26e-06
1507043674	9.26e-06
1507043734	9.26e-06
1507043795	9.27e-06
1507043855	9.27e-06
1507043916	9.27e-06
1507043976	9.28e-06
1507044037	9.28e-06
1507044097	9.29e-06
1507044158	9.29e-06
1507044218	9.29e-06
1507044279	9.3e-06
1507044339	9.3e-06
1507044400	9.3e-06
1507044460	9.31e-06
1507044521	9.31e-06
1507044581	9.32e-06
1507044642	9.29e-06
1507044703	9.25e-06
1507044763	9.22e-06
1507044824	9.2e-06
1507044884	9.18e-06
1507044945	9.15e-06
1507045005	9.16e-06
1507045066	9.16e-06
1507045126	9.17e-06
1507045186	9.17e-06
1507045247	9.17e-06
1507045307	9.18e-06
1507045368	9.18e-06
1507045428	9.18e-06
1507045489	9.19e-06
1507045550	9.19e-06
1507045610	9.19e-06
1507045671	9.2e-06
1507045731	9.2e-06
1507045792	9.2e-06
1507045852	9.2e-06
1507045912	9.21e-06
1507045973	9.21e-06
1507046034	9.21e-06
1507046094	9.22e-06
1507046155	9.22e-06
1507046215	9.22e-06
1507046276	9.23e-06
1507046336	9.23e-06
1507046397	9.23e-06
1507046457	9.23e-06
1507046518	9.24e-06
1507046578	9.24e-06
1507046639	9.24e-06
1507046699	9.25e-06
1507046760	9.25e-06
1507046820	9.25e-06
1507046881	9.26e-06
1507046941	9.26e-06
1507047002	9.27e-06
1507047062	9.27e-06
1507047123	9.27e-06
1507047183	9.28e-06
1507047244	9.28e-06
1507047304	9.26e-06
1507047365	9.22e-06
1507047425	9.19e-06
1507047486	9.17e-06
1507047546	9.15e-06
1507047607	9.15e-06
1507047667	9.16e-06
1507047728	9.16e-06
1507047788	9.17e-06
1507047849	9.17e-06
1507047909	9.18e-06
1507047970	9.18e-06
1507048031	9.18e-06
1507048091	9.19e-06
1507048152	9.19e-06
1507048212	9.2e-06
1507048273	9.2e-06
1507048333	9.21e-06
1507048394	9.21e-06
1507048454	9.21e-06
1507048515	9.21e-06
1507048575	9.22e-06
1507048636	9.22e-06
1507048696	9.23e-06
1507048757	9.23e-06
1507048817	9.23e-06
1507048878	9.24e-06
1507048938	9.24e-06
1507048999	9.24e-06
1507049059	9.25e-06
1507049120	9.25e-06
1507049180	9.26e-06
1507049241	9.26e-06
1507049301	9.27e-06
1507049362	9.27e-06
1507049422	9.28e-06
1507049483	9.28e-06
1507049543	9.28e-06
1507049604	9.26e-06
1507049664	9.22e-06
1507049725	9.19e-06
1507049785	9.16e-06
1507049846	9.14e-06
1507049906	9.13e-06
1507049967	9.14e-06
1507050027	9.15e-06
1507050088	9.15e-06
1507050148	9.16e-06
1507050209	9.16e-06
1507050269	9.16e-06
1507050330	9.17e-06
1507050390	9.17e-06
1507050451	9.17e-06
1507050511	9.18e-06
1507050572	9.18e-06
1507050632	9.19e-06
1507050693	9.19e-06
1507050753	9.19e-06
1507050814	9.2e-06
1507050874	9.2e-06
1507050935	9.2e-06
1507050995	9.21e-06
1507051056	9.21e-06
1507051116	9.21e-06
1507051177	9.22e-06
1507051237	9.22e-06
1507051298	9.22e-06
1507051358	9.23e-06
1507051419	9.23e-06
1507051479	9.24e-06
1507051540	9.24e-06
1507051600	9.24e-06
1507051661	9.25e-06
1507051721	9.25e-06
1507051782	9.26e-06
1507051842	9.26e-06
1507051903	9.26e-06
1507051963	9.27e-06
1507052024	9.23e-06
1507052084	9.2e-06
1507052145	9.17e-06
1507052205	9.14e-06
1507052266	9.13e-06
1507052326	9.13e-06
1507052387	9.14e-06
1507052447	9.15e-06
1507052508	9.15e-06
1507052568	9.15e-06
1507052629	9.16e-06
1507052689	9.16e-06
1507052750	9.16e-06
1507052810	9.17e-06
1507052871	9.17e-06
1507052931	9.18e-06
1507052992	9.18e-06
1507053052	9.18e-06
1507053113	9.19e-06
1507053173	9.19e-06
1507053234	9.19e-06
1507053294	9.2e-06
1507053355	9.2e-06
1507053415	9.2e-06
1507053476	9.21e-06
1507053536	9.21e-06
1507053597	9.21e-06
1507053658	9.21e-06
1507053718	9.22e-06
1507053779	9.22e-06
1507053839	9.23e-06
1507053900	9.23e-06
1507053960	9.23e-06
1507054021	9.24e-06
1507054081	9.24e-06
1507054142	9.25e-06
1507054202	9.23e-06
1507054263	9.2e-06
1507054323	9.17e-06
1507054384	9.14e-06
1507054444	9.12e-06
1507054505	9.1e-06
1507054565	9.09e-06
1507054626	9.09e-06
1507054686	9.1e-06
1507054747	9.1e-06
1507054807	9.11e-06
1507054868	9.11e-06
1507054928	9.11e-06
1507054989	9.12e-06
1507055049	9.12e-06
1507055109	9.12e-06
1507055170	9.13e-06
1507055231	9.13e-06
1507055291	9.13e-06
1507055352	9.14e-06
1507055412	9.14e-06
1507055473	9.14e-06
1507055533	9.15e-06
1507055594	9.15e-06
1507055654	9.16e-06
1507055715	9.16e-06
1507055775	9.16e-06
1507055836	9.16e-06
1507055896	9.17e-06
1507055957	9.17e-06
1507056017	9.17e-06
1507056078	9.18e-06
1507056138	9.18e-06
1507056199	9.18e-06
1507056259	9.19e-06
1507056320	9.19e-06
1507056380	9.19e-06
1507056441	9.2e-06
1507056502	9.19e-06
1507056562	9.15e-06
1507056622	9.12e-06
1507056683	9.09e-06
1507056744	9.07e-06
1507056804	9.05e-06
1507056865	9.05e-06
1507056925	9.06e-06
1507056986	9.06e-06
1507057046	9.06e-06
1507057107	9.07e-06
1507057167	9.07e-06
1507057228	9.08e-06
1507057288	9.08e-06
1507057349	9.08e-06
1507057409	9.09e-06
1507057470	9.09e-06
1507057530	9.09e-06
1507057591	9.1e-06
1507057651	9.1e-06
1507057712	9.1e-06
1507057773	9.11e-06
1507057833	9.11e-06
1507057893	9.11e-06
1507057954	9.11e-06
1507058014	9.12e-06
1507058075	9.12e-06
1507058135	9.13e-06
1507058196	9.13e-06
1507058256	9.13e-06
1507058317	9.14e-06
1507058377	9.14e-06
1507058438	9.14e-06
1507058499	9.15e-06
1507058559	9.13e-06
1507058620	9.09e-06
1507058680	9.06e-06
1507058741	9.03e-06
1507058801	9.01e-06
1507058861	9.01e-06
1507058922	9.02e-06
1507058982	9.02e-06
1507059043	9.03e-06
1507059103	9.03e-06
1507059164	9.03e-06
1507059224	9.04e-06
1507059285	9.04e-06
1507059345	9.04e-06
1507059406	9.05e-06
1507059466	9.05e-06
1507059527	9.05e-06
1507059587	9.05e-06
1507059648	9.06e-06
1507059708	9.06e-06
1507059769	9.07e-06
1507059829	9.07e-06
1507059890	9.07e-06
1507059950	9.07e-06
1507060011	9.08e-06
1507060071	9.08e-06
1507060132	9.08e-06
1507060192	9.09e-06
1507060253	9.09e-06
1507060313	9.1e-06
1507060374	9.1e-06
1507060434	9.1e-06
1507060495	9.11e-06
1507060555	9.11e-06
1507060616	9.08e-06
1507060676	9.04e-06
1507060737	9.02e-06
1507060797	8.99e-06
1507060858	8.97e-06
1507060918	8.96e-06
1507060979	8.97e-06
1507061039	8.98e-06
1507061100	8.98e-06
1507061160	8.98e-06
1507061221	8.99e-06
1507061281	8.99e-06
1507061342	9e-06
1507061402	9e-06
1507061463	9e-06
1507061523	9.01e-06
1507061584	9.01e-06
1507061644	9.01e-06
1507061705	9.02e-06
1507061765	9.02e-06
1507061826	9.02e-06
1507061886	9.03e-06
1507061947	9.03e-06
1507062008	9.03e-06
1507062068	9.04e-06
1507062129	9.04e-06
1507062189	9.04e-06
1507062250	9.05e-06
1507062310	9.05e-06
1507062370	9.06e-06
1507062431	9.06e-06
1507062492	9.06e-06
1507062552	9.06e-06
1507062612	9.02e-06
1507062673	8.98e-06
1507062734	8.95e-06
1507062794	8.93e-06
1507062854	8.91e-06
1507062915	8.92e-06
1507062976	8.93e-06
1507063036	8.93e-06
1507063097	8.93e-06
1507063157	8.94e-06
1507063218	8.94e-06
1507063278	8.95e-06
1507063339	8.95e-06
1507063399	8.95e-06
1507063460	8.96e-06
1507063520	8.96e-06
1507063581	8.96e-06
1507063641	8.96e-06
1507063702	8.97e-06
1507063762	8.97e-06
1507063823	8.97e-06
1507063883	8.98e-06
1507063944	8.98e-06
1507064004	8.98e-06
1507064065	8.99e-06
1507064125	8.99e-06
1507064186	9e-06
1507064246	9e-06
1507064307	9e-06
1507064367	9.01e-06
1507064428	9.01e-06
1507064489	9.01e-06
1507064549	9.02e-06
1507064610	8.99e-06
1507064670	8.96e-06
1507064731	8.93e-06
1507064791	8.9e-06
1507064851	8.88e-06
1507064912	8.87e-06
1507064972	8.88e-06
1507065033	8.89e-06
1507065094	8.89e-06
1507065154	8.89e-06
1507065215	8.9e-06
1507065275	8.9e-06
1507065336	8.9e-06
1507065396	8.91e-06
1507065457	8.91e-06
1507065517	8.92e-06
1507065578	8.92e-06
1507065638	8.92e-06
1507065699	8.93e-06
1507065759	8.93e-06
1507065820	8.93e-06
1507065880	8.94e-06
1507065941	8.94e-06
1507066001	8.94e-06
1507066062	8.95e-06
1507066122	8.95e-06
1507066183	8.96e-06
1507066243	8.96e-06
1507066304	8.96e-06
1507066364	8.97e-06
1507066425	8.97e-06
1507066485	8.97e-06
1507066546	8.98e-06
1507066606	8.98e-06
1507066667	8.99e-06
1507066727	8.99e-06
1507066788	8.99e-06
1507066848	8.95e-06
1507066909	8.92e-06
1507066969	8.89e-06
1507067030	8.87e-06
1507067090	8.86e-06
1507067151	8.87e-06
1507067212	8.87e-06
1507067272	8.88e-06
1507067332	8.88e-06
1507067393	8.88e-06
1507067453	8.89e-06
1507067514	8.89e-06
1507067574	8.9e-06
1507067635	8.9e-06
1507067695	8.91e-06
1507067756	8.91e-06
1507067816	8.91e-06
1507067877	8.92e-06
1507067938	8.92e-06
1507067998	8.93e-06
1507068058	8.93e-06
1507068119	8.94e-06
1507068179	8.94e-06
1507068240	8.97e-06
1507068300	8.95e-06
1507068361	8.95e-06
1507068421	8.95e-06
1507068482	8.96e-06
1507068542	8.96e-06
1507068603	8.97e-06
1507068663	8.97e-06
1507068724	8.97e-06
1507068784	8.98e-06
1507068845	8.98e-06
1507068905	8.99e-06
1507068966	8.99e-06
1507069026	8.99e-06
1507069087	9e-06
1507069147	9e-06
1507069208	8.99e-06
1507069268	8.95e-06
1507069329	8.92e-06
1507069389	8.9e-06
1507069450	8.87e-06
1507069510	8.88e-06
1507069571	8.88e-06
1507069631	8.89e-06
1507069692	8.89e-06
1507069752	8.9e-06
1507069813	8.9e-06
1507069873	8.91e-06
1507069934	8.91e-06
1507069994	8.91e-06
1507070055	8.92e-06
1507070115	8.92e-06
1507070176	8.93e-06
1507070237	8.93e-06
1507070297	8.94e-06
1507070358	8.94e-06
1507070418	8.94e-06
1507070479	8.95e-06
1507070539	8.95e-06
1507070600	8.96e-06
1507070660	8.96e-06
1507070721	8.96e-06
1507070781	8.97e-06
1507070842	8.97e-06
1507070902	8.98e-06
1507070963	8.98e-06
1507071023	8.98e-06
1507071084	8.99e-06
1507071144	8.99e-06
1507071205	8.99e-06
1507071265	8.96e-06
1507071326	8.92e-06
1507071386	8.89e-06
1507071447	8.87e-06
1507071507	8.85e-06
1507071568	8.85e-06
1507071628	8.86e-06
1507071689	8.86e-06
1507071749	8.87e-06
1507071810	8.87e-06
1507071870	8.87e-06
1507071931	8.88e-06
1507071991	8.88e-06
1507072052	8.88e-06
1507072112	8.89e-06
1507072173	8.89e-06
1507072233	8.89e-06
1507072294	8.89e-06
1507072354	8.9e-06
1507072415	8.9e-06
1507072475	8.9e-06
1507072536	8.9e-06
1507072596	8.91e-06
1507072657	8.91e-06
1507072717	8.91e-06
1507072778	8.91e-06
1507072838	8.92e-06
1507072899	8.92e-06
1507072959	8.92e-06
1507073020	8.92e-06
1507073080	8.93e-06
1507073141	8.93e-06
1507073201	8.93e-06
1507073262	8.93e-06
1507073322	8.94e-06
1507073383	8.94e-06
1507073443	8.94e-06
1507073504	8.94e-06
1507073564	8.95e-06
1507073625	8.95e-06
1507073685	8.95e-06
1507073746	8.96e-06
1507073806	8.96e-06
1507073867	8.96e-06
1507073927	8.95e-06
1507073988	8.92e-06
1507074048	8.89e-06
1507074109	8.86e-06
1507074169	8.84e-06
1507074230	8.82e-06
1507074290	8.82e-06
1507074351	8.83e-06
1507074411	8.83e-06
1507074472	8.84e-06
1507074532	8.84e-06
1507074593	8.84e-06
1507074653	8.85e-06
1507074714	8.85e-06
1507074774	8.85e-06
1507074835	8.85e-06
1507074895	8.86e-06
1507074956	8.86e-06
1507075016	8.86e-06
1507075077	8.86e-06
1507075138	8.87e-06
1507075198	8.86e-06
1507075258	8.87e-06
1507075319	8.87e-06
1507075379	8.87e-06
1507075440	8.87e-06
1507075500	8.88e-06
1507075561	8.88e-06
1507075621	8.88e-06
1507075682	8.88e-06
1507075742	8.88e-06
1507075803	8.88e-06
1507075863	8.89e-06
1507075924	8.89e-06
1507075984	8.89e-06
1507076045	8.89e-06
1507076105	8.89e-06
1507076166	8.9e-06
1507076226	8.9e-06
1507076287	8.9e-06
1507076347	8.9e-06
1507076408	8.91e-06
1507076468	8.91e-06
1507076529	8.91e-06
1507076589	8.92e-06
1507076650	8.92e-06
1507076710	8.93e-06
1507076771	8.93e-06
1507076831	8.93e-06
1507076892	8.94e-06
1507076952	8.94e-06
1507077013	8.94e-06
1507077074	8.95e-06
1507077134	8.95e-06
1507077194	8.96e-06
1507077255	8.96e-06
1507077316	8.96e-06
1507077376	8.97e-06
1507077436	8.97e-06
1507077497	8.98e-06
1507077558	8.98e-06
1507077618	8.99e-06
1507077679	8.99e-06
1507077739	9e-06
1507077800	9e-06
1507077860	9.01e-06
1507077921	9.01e-06
1507077981	9.01e-06
1507078042	8.99e-06
1507078102	8.96e-06
1507078163	8.93e-06
1507078223	8.9e-06
1507078284	8.88e-06
1507078344	8.89e-06
1507078405	8.9e-06
1507078466	8.9e-06
1507078526	8.91e-06
1507078586	8.92e-06
1507078647	8.92e-06
1507078708	8.92e-06
1507078768	8.93e-06
1507078829	8.93e-06
1507078889	8.94e-06
1507078950	8.94e-06
1507079010	8.95e-06
1507079071	8.95e-06
1507079131	8.95e-06
1507079192	8.96e-06
1507079252	8.96e-06
1507079313	8.96e-06
1507079373	8.97e-06
1507079433	8.97e-06
1507079494	8.98e-06
1507079554	8.98e-06
1507079615	8.98e-06
1507079676	8.99e-06
1507079736	8.99e-06
1507079797	9e-06
1507079857	9e-06
1507079918	9e-06
1507079978	9e-06
1507080039	8.96e-06
1507080099	8.93e-06
1507080160	8.9e-06
1507080220	8.88e-06
1507080281	8.88e-06
1507080341	8.89e-06
1507080402	8.89e-06
1507080462	8.9e-06
1507080523	8.9e-06
1507080583	8.91e-06
1507080644	8.91e-06
1507080704	8.92e-06
1507080765	8.92e-06
1507080825	8.92e-06
1507080886	8.92e-06
1507080946	8.92e-06
1507081007	8.93e-06
1507081067	8.93e-06
1507081128	8.93e-06
1507081188	8.94e-06
1507081249	8.94e-06
1507081310	8.94e-06
1507081370	8.94e-06
1507081430	8.95e-06
1507081491	8.95e-06
1507081551	8.95e-06
1507081612	8.96e-06
1507081672	8.96e-06
1507081733	8.96e-06
1507081793	8.96e-06
1507081854	8.97e-06
1507081914	8.97e-06
1507081975	8.97e-06
1507082035	8.98e-06
1507082096	8.98e-06
1507082156	8.98e-06
1507082217	8.98e-06
1507082277	8.99e-06
1507082338	8.99e-06
1507082398	8.99e-06
1507082459	9e-06
1507082519	8.99e-06
1507082580	8.96e-06
1507082640	8.93e-06
1507082701	8.9e-06
1507082761	8.87e-06
1507082822	8.86e-06
1507082882	8.86e-06
1507082943	8.87e-06
1507083003	8.87e-06
1507083064	8.88e-06
1507083124	8.88e-06
1507083185	8.89e-06
1507083245	8.89e-06
1507083306	8.89e-06
1507083366	8.89e-06
1507083427	8.89e-06
1507083487	8.9e-06
1507083548	8.9e-06
1507083608	8.9e-06
1507083669	8.9e-06
1507083729	8.9e-06
1507083790	8.91e-06
1507083850	8.91e-06
1507083911	8.91e-06
1507083971	8.91e-06
1507084032	8.91e-06
1507084092	8.91e-06
1507084153	8.92e-06
1507084213	8.92e-06
1507084274	8.92e-06
1507084334	8.92e-06
1507084395	8.92e-06
1507084455	8.93e-06
1507084516	8.93e-06
1507084576	8.93e-06
1507084637	8.93e-06
1507084697	8.93e-06
1507084758	8.94e-06
1507084818	8.94e-06
1507084879	8.94e-06
1507084939	8.95e-06
1507085000	8.95e-06
1507085060	8.95e-06
1507085121	8.95e-06
1507085181	8.96e-06
1507085242	8.96e-06
1507085302	8.96e-06
1507085363	8.97e-06
1507085423	8.97e-06
1507085484	8.97e-06
1507085544	8.98e-06
1507085605	8.98e-06
1507085666	8.98e-06
1507085726	8.99e-06
1507085787	8.99e-06
1507085847	8.99e-06
1507085907	9e-06
1507085968	9e-06
1507086028	9e-06
1507086089	9.01e-06
1507086149	9.01e-06
1507086210	9.01e-06
1507086270	9.02e-06
1507086331	9.02e-06
1507086391	9.02e-06
1507086452	9e-06
1507086512	8.96e-06
1507086573	8.93e-06
1507086633	8.9e-06
1507086694	8.88e-06
1507086754	8.89e-06
1507086815	8.9e-06
1507086875	8.9e-06
1507086936	8.91e-06
1507086996	8.91e-06
1507087057	8.91e-06
1507087117	8.92e-06
1507087178	8.92e-06
1507087238	8.92e-06
1507087299	8.92e-06
1507087359	8.93e-06
1507087420	8.93e-06
1507087480	8.93e-06
1507087541	8.93e-06
1507087601	8.94e-06
1507087662	8.94e-06
1507087722	8.94e-06
1507087783	8.94e-06
1507087843	8.95e-06
1507087904	8.95e-06
1507087964	8.95e-06
1507088025	8.95e-06
1507088085	8.95e-06
1507088146	8.95e-06
1507088206	8.96e-06
1507088267	8.96e-06
1507088327	8.96e-06
1507088388	8.96e-06
1507088449	8.96e-06
1507088509	8.97e-06
1507088570	8.97e-06
1507088630	8.97e-06
1507088691	8.97e-06
1507088751	8.97e-06
1507088812	8.98e-06
1507088872	8.98e-06
1507088932	8.99e-06
1507088993	8.99e-06
1507089053	8.99e-06
1507089114	8.99e-06
1507089174	9e-06
1507089235	9e-06
1507089295	9e-06
1507089356	9e-06
1507089417	9.01e-06
1507089477	9.01e-06
1507089538	9.01e-06
1507089598	9.02e-06
1507089659	9.02e-06
1507089719	9.02e-06
1507089780	9.03e-06
1507089840	9.03e-06
1507089901	9.03e-06
1507089961	9.04e-06
1507090022	9.04e-06
1507090082	9.04e-06
1507090142	9.05e-06
1507090203	9.02e-06
1507090264	8.98e-06
1507090324	8.95e-06
1507090385	8.92e-06
1507090445	8.92e-06
1507090506	8.92e-06
1507090566	8.93e-06
1507090626	8.93e-06
1507090687	8.93e-06
1507090747	8.94e-06
1507090808	8.94e-06
1507090868	8.94e-06
1507090929	8.94e-06
1507090989	8.95e-06
1507091050	8.95e-06
1507091110	8.95e-06
1507091171	8.95e-06
1507091231	8.95e-06
1507091292	8.96e-06
1507091352	8.96e-06
1507091413	8.96e-06
1507091473	8.96e-06
1507091534	8.96e-06
1507091594	8.96e-06
1507091655	8.97e-06
1507091715	8.97e-06
1507091776	8.97e-06
1507091836	8.97e-06
1507091897	8.97e-06
1507091957	8.98e-06
1507092018	8.98e-06
1507092078	8.98e-06
1507092139	8.98e-06
1507092199	8.98e-06
1507092260	8.99e-06
1507092320	8.99e-06
1507092381	8.99e-06
1507092441	8.99e-06
1507092502	9e-06
1507092562	9e-06
1507092623	9e-06
1507092683	9e-06
1507092744	9.01e-06
1507092804	9.01e-06
1507092865	9.01e-06
1507092925	9.01e-06
1507092986	9.02e-06
1507093046	9.02e-06
1507093107	9.02e-06
1507093167	9.02e-06
1507093228	9e-06
1507093288	8.96e-06
1507093349	8.93e-06
1507093409	8.9e-06
1507093470	8.89e-06
1507093530	8.9e-06
1507093591	8.9e-06
1507093651	8.9e-06
1507093712	8.91e-06
1507093772	8.91e-06
1507093833	8.91e-06
1507093893	8.91e-06
1507093954	8.92e-06
1507094014	8.92e-06
1507094075	8.92e-06
1507094135	8.92e-06
1507094196	8.92e-06
1507094256	8.92e-06
1507094317	8.93e-06
1507094377	8.93e-06
1507094438	8.93e-06
1507094498	8.93e-06
1507094559	8.93e-06
1507094619	8.93e-06
1507094680	8.93e-06
1507094741	8.93e-06
1507094801	8.94e-06
1507094862	8.94e-06
1507094922	8.94e-06
1507094983	8.94e-06
1507095043	8.95e-06
1507095104	8.95e-06
1507095164	8.95e-06
1507095225	8.95e-06
1507095285	8.95e-06
1507095346	8.95e-06
1507095406	8.96e-06
1507095467	8.96e-06
1507095527	8.96e-06
1507095588	8.96e-06
1507095649	8.96e-06
1507095709	8.96e-06
1507095769	8.97e-06
1507095830	8.97e-06
1507095890	8.97e-06
1507095951	8.97e-06
1507096011	8.98e-06
1507096072	8.98e-06
1507096132	8.98e-06
1507096193	8.99e-06
1507096253	8.99e-06
1507096314	8.99e-06
1507096374	8.99e-06
1507096435	9e-06
1507096496	9e-06
1507096556	9e-06
1507096617	9.01e-06
1507096677	9.01e-06
1507096738	9.01e-06
1507096798	9.02e-06
1507096859	8.98e-06
1507096919	8.95e-06
1507096980	8.92e-06
1507097040	8.9e-06
1507097101	8.88e-06
1507097161	8.88e-06
1507097222	8.89e-06
1507097282	8.89e-06
1507097343	8.89e-06
1507097403	8.9e-06
1507097464	8.9e-06
1507097524	8.9e-06
1507097585	8.9e-06
1507097645	8.91e-06
1507097706	8.91e-06
1507097766	8.91e-06
1507097827	8.91e-06
1507097887	8.91e-06
1507097948	8.91e-06
1507098009	8.92e-06
1507098069	8.92e-06
1507098130	8.92e-06
1507098190	8.92e-06
1507098251	8.92e-06
1507098311	8.93e-06
1507098372	8.93e-06
1507098432	8.93e-06
1507098493	8.93e-06
1507098553	8.93e-06
1507098614	8.93e-06
1507098674	8.94e-06
1507098735	8.94e-06
1507098795	8.94e-06
1507098856	8.94e-06
1507098916	8.94e-06
1507098977	8.95e-06
1507099037	8.95e-06
1507099098	8.95e-06
1507099158	8.95e-06
1507099219	8.95e-06
1507099279	8.95e-06
1507099340	8.96e-06
1507099400	8.96e-06
1507099460	8.96e-06
1507099521	8.96e-06
1507099581	8.97e-06
1507099642	8.97e-06
1507099702	8.97e-06
1507099763	8.98e-06
1507099824	8.98e-06
1507099884	8.98e-06
1507099945	8.98e-06
1507100005	8.98e-06
1507100066	8.99e-06
1507100126	8.99e-06
1507100187	8.98e-06
1507100247	8.94e-06
1507100307	8.91e-06
1507100368	8.89e-06
1507100428	8.86e-06
1507100489	8.86e-06
1507100549	8.86e-06
1507100610	8.87e-06
1507100670	8.87e-06
1507100731	8.88e-06
1507100791	8.88e-06
1507100852	8.88e-06
1507100913	8.88e-06
1507100973	8.88e-06
1507101034	8.88e-06
1507101094	8.89e-06
1507101155	8.89e-06
1507101215	8.89e-06
1507101276	8.89e-06
1507101336	8.9e-06
1507101397	8.9e-06
1507101457	8.9e-06
1507101518	8.9e-06
1507101578	8.9e-06
1507101639	8.9e-06
1507101699	8.91e-06
1507101760	8.91e-06
1507101820	8.91e-06
1507101881	8.91e-06
1507101941	8.91e-06
1507102002	8.92e-06
1507102062	8.91e-06
1507102123	8.92e-06
1507102183	8.92e-06
1507102244	8.92e-06
1507102304	8.92e-06
1507102365	8.92e-06
1507102425	8.93e-06
1507102486	8.93e-06
1507102547	8.93e-06
1507102607	8.93e-06
1507102668	8.94e-06
1507102728	8.94e-06
1507102789	8.94e-06
1507102849	8.94e-06
1507102910	8.94e-06
1507102970	8.95e-06
1507103031	8.95e-06
1507103091	8.95e-06
1507103152	8.96e-06
1507103212	8.96e-06
1507103273	8.96e-06
1507103333	8.96e-06
1507103394	8.96e-06
1507103454	8.97e-06
1507103515	8.97e-06
1507103575	8.97e-06
1507103636	8.97e-06
1507103696	8.98e-06
1507103757	8.98e-06
1507103817	8.99e-06
1507103878	8.99e-06
1507103938	8.99e-06
1507103999	9e-06
1507104059	9e-06
1507104120	9e-06
1507104180	9.01e-06
1507104241	9.01e-06
1507104301	9.01e-06
1507104362	9.02e-06
1507104422	9.02e-06
1507104483	9.02e-06
1507104543	9.02e-06
1507104604	8.99e-06
1507104664	8.95e-06
1507104725	8.92e-06
1507104785	8.9e-06
1507104846	8.88e-06
1507104906	8.88e-06
1507104967	8.89e-06
1507105027	8.89e-06
1507105088	8.9e-06
1507105148	8.9e-06
1507105209	8.9e-06
1507105269	8.91e-06
1507105330	8.91e-06
1507105390	8.91e-06
1507105451	8.91e-06
1507105511	8.91e-06
1507105572	8.92e-06
1507105632	8.92e-06
1507105693	8.92e-06
1507105753	8.92e-06
1507105814	8.92e-06
1507105874	8.93e-06
1507105935	8.93e-06
1507105995	8.93e-06
1507106056	8.93e-06
1507106116	8.93e-06
1507106177	8.93e-06
1507106237	8.93e-06
1507106298	8.94e-06
1507106358	8.94e-06
1507106419	8.94e-06
1507106479	8.94e-06
1507106540	8.94e-06
1507106600	8.94e-06
1507106661	8.94e-06
1507106721	8.95e-06
1507106782	8.95e-06
1507106842	8.95e-06
1507106903	8.95e-06
1507106963	8.96e-06
1507107024	8.96e-06
1507107084	8.96e-06
1507107145	8.96e-06
1507107205	8.97e-06
1507107266	8.97e-06
1507107327	8.97e-06
1507107387	8.97e-06
1507107448	8.97e-06
1507107508	8.98e-06
1507107569	8.98e-06
1507107629	8.98e-06
1507107690	8.98e-06
1507107750	8.99e-06
1507107811	8.99e-06
1507107871	8.99e-06
1507107932	8.99e-06
1507107992	9e-06
1507108053	9e-06
1507108113	9e-06
1507108174	9.01e-06
1507108234	9.01e-06
1507108295	9.01e-06
1507108355	9.01e-06
1507108416	9.02e-06
1507108476	9.02e-06
1507108537	9.02e-06
1507108597	9.03e-06
1507108658	9.03e-06
1507108718	9.01e-06
1507108779	8.97e-06
1507108839	8.94e-06
1507108900	8.92e-06
1507108960	8.9e-06
1507109021	8.89e-06
1507109081	8.9e-06
1507109142	8.9e-06
1507109202	8.91e-06
1507109263	8.91e-06
1507109323	8.91e-06
1507109384	8.92e-06
1507109444	8.92e-06
1507109505	8.92e-06
1507109565	8.92e-06
1507109626	8.92e-06
1507109686	8.93e-06
1507109747	8.93e-06
1507109808	8.93e-06
1507109868	8.93e-06
1507109929	8.93e-06
1507109989	8.94e-06
1507110050	8.94e-06
1507110110	8.94e-06
1507110171	8.94e-06
1507110231	8.94e-06
1507110292	8.94e-06
1507110352	8.94e-06
1507110413	8.95e-06
1507110473	8.95e-06
1507110534	8.95e-06
1507110594	8.95e-06
1507110655	8.95e-06
1507110715	8.95e-06
1507110776	8.95e-06
1507110836	8.96e-06
1507110897	8.96e-06
1507110957	8.96e-06
1507111018	8.96e-06
1507111078	8.96e-06
1507111139	8.96e-06
1507111199	8.96e-06
1507111260	8.97e-06
1507111320	8.97e-06
1507111381	8.97e-06
1507111441	8.97e-06
1507111502	8.98e-06
1507111562	8.98e-06
1507111623	8.98e-06
1507111683	8.98e-06
1507111744	8.99e-06
1507111804	8.99e-06
1507111865	8.99e-06
1507111925	8.99e-06
1507111986	8.99e-06
1507112046	9e-06
1507112107	9e-06
1507112167	9e-06
1507112228	9.01e-06
1507112289	9.01e-06
1507112349	9.01e-06
1507112410	9.02e-06
1507112470	8.99e-06
1507112531	8.95e-06
1507112591	8.92e-06
1507112652	8.9e-06
1507112712	8.88e-06
1507112773	8.88e-06
1507112833	8.89e-06
1507112893	8.89e-06
1507112954	8.89e-06
1507113015	8.9e-06
1507113075	8.9e-06
1507113136	8.9e-06
1507113196	8.9e-06
1507113257	8.9e-06
1507113317	8.9e-06
1507113378	8.91e-06
1507113438	8.91e-06
1507113499	8.91e-06
1507113559	8.91e-06
1507113619	8.91e-06
1507113680	8.91e-06
1507113740	8.91e-06
1507113801	8.92e-06
1507113861	8.92e-06
1507113922	8.92e-06
1507113982	8.92e-06
1507114043	8.92e-06
1507114103	8.92e-06
1507114164	8.92e-06
1507114224	8.92e-06
1507114285	8.92e-06
1507114345	8.92e-06
1507114406	8.93e-06
1507114466	8.93e-06
1507114527	8.93e-06
1507114587	8.93e-06
1507114648	8.93e-06
1507114708	8.93e-06
1507114769	8.93e-06
1507114829	8.93e-06
1507114890	8.94e-06
1507114950	8.94e-06
1507115011	8.94e-06
1507115071	8.94e-06
1507115132	8.94e-06
1507115192	8.94e-06
1507115253	8.95e-06
1507115314	8.95e-06
1507115374	8.95e-06
1507115435	8.95e-06
1507115495	8.95e-06
1507115556	8.95e-06
1507115616	8.96e-06
1507115677	8.96e-06
1507115737	8.96e-06
1507115798	8.96e-06
1507115858	8.97e-06
1507115919	8.96e-06
1507115979	8.93e-06
1507116040	8.89e-06
1507116100	8.87e-06
1507116161	8.84e-06
1507116221	8.82e-06
1507116282	8.81e-06
1507116342	8.81e-06
1507116403	8.82e-06
1507116463	8.82e-06
1507116524	8.83e-06
1507116584	8.83e-06
1507116645	8.83e-06
1507116705	8.83e-06
1507116766	8.83e-06
1507116826	8.8e-06
1507116887	8.77e-06
1507116947	8.75e-06
1507117008	8.72e-06
1507117068	8.7e-06
1507117129	8.68e-06
1507117189	8.68e-06
1507117250	8.69e-06
1507117310	8.69e-06
1507117371	8.69e-06
1507117431	8.69e-06
1507117492	8.69e-06
1507117552	8.69e-06
1507117613	8.69e-06
1507117673	8.69e-06
1507117734	8.69e-06
1507117794	8.69e-06
1507117855	8.69e-06
1507117915	8.69e-06
1507117976	8.69e-06
1507118036	8.69e-06
1507118097	8.69e-06
1507118157	8.69e-06
1507118217	8.69e-06
1507118278	8.68e-06
1507118339	8.68e-06
1507118399	8.68e-06
1507118460	8.68e-06
1507118520	8.68e-06
1507118581	8.68e-06
1507118641	8.68e-06
1507118702	8.68e-06
1507118762	8.68e-06
1507118823	8.68e-06
1507118883	8.68e-06
1507118944	8.68e-06
1507119004	8.66e-06
1507119065	8.61e-06
1507119125	8.58e-06
1507119186	8.56e-06
1507119246	8.54e-06
1507119307	8.54e-06
1507119368	8.55e-06
1507119428	8.55e-06
1507119489	8.55e-06
1507119549	8.56e-06
1507119610	8.56e-06
1507119670	8.56e-06
1507119731	8.56e-06
1507119791	8.56e-06
1507119852	8.56e-06
1507119912	8.57e-06
1507119973	8.57e-06
1507120033	8.57e-06
1507120094	8.57e-06
1507120154	8.57e-06
1507120215	8.57e-06
1507120275	8.58e-06
1507120336	8.58e-06
1507120396	8.58e-06
1507120457	8.58e-06
1507120517	8.59e-06
1507120578	8.59e-06
1507120638	8.59e-06
1507120699	8.6e-06
1507120759	8.6e-06
1507120820	8.6e-06
1507120880	8.6e-06
1507120941	8.61e-06
1507121001	8.61e-06
1507121062	8.61e-06
1507121122	8.6e-06
1507121183	8.57e-06
1507121243	8.54e-06
1507121304	8.51e-06
1507121364	8.49e-06
1507121425	8.47e-06
1507121485	8.47e-06
1507121546	8.48e-06
1507121606	8.48e-06
1507121667	8.49e-06
1507121727	8.49e-06
1507121788	8.49e-06
1507121848	8.5e-06
1507121909	8.5e-06
1507121969	8.51e-06
1507122030	8.51e-06
1507122090	8.51e-06
1507122151	8.52e-06
1507122212	8.52e-06
1507122272	8.53e-06
1507122332	8.53e-06
1507122393	8.53e-06
1507122453	8.54e-06
1507122514	8.54e-06
1507122574	8.55e-06
1507122635	8.55e-06
1507122695	8.55e-06
1507122756	8.56e-06
1507122816	8.56e-06
1507122877	8.56e-06
1507122937	8.54e-06
1507122998	8.51e-06
1507123058	8.48e-06
1507123119	8.46e-06
1507123179	8.44e-06
1507123240	8.42e-06
1507123300	8.42e-06
1507123361	8.43e-06
1507123421	8.43e-06
1507123482	8.43e-06
1507123542	8.44e-06
1507123603	8.44e-06
1507123663	8.45e-06
1507123724	8.45e-06
1507123784	8.46e-06
1507123845	8.46e-06
1507123905	8.46e-06
1507123966	8.46e-06
1507124026	8.47e-06
1507124087	8.47e-06
1507124147	8.47e-06
1507124208	8.48e-06
1507124268	8.48e-06
1507124329	8.48e-06
1507124389	8.49e-06
1507124450	8.49e-06
1507124510	8.49e-06
1507124571	8.5e-06
1507124632	8.5e-06
1507124692	8.51e-06
1507124752	8.51e-06
1507124813	8.51e-06
1507124873	8.51e-06
1507124934	8.52e-06
1507124995	8.52e-06
1507125055	8.53e-06
1507125116	8.53e-06
1507125176	8.53e-06
1507125236	8.54e-06
1507125297	8.54e-06
1507125358	8.55e-06
1507125418	8.52e-06
1507125479	8.48e-06
1507125539	8.46e-06
1507125600	8.44e-06
1507125660	8.41e-06
1507125721	8.4e-06
1507125781	8.39e-06
1507125842	8.4e-06
1507125902	8.4e-06
1507125963	8.41e-06
1507126023	8.41e-06
1507126084	8.42e-06
1507126144	8.42e-06
1507126204	8.43e-06
1507126265	8.43e-06
1507126325	8.44e-06
1507126386	8.44e-06
1507126447	8.45e-06
1507126507	8.45e-06
1507126568	8.45e-06
1507126628	8.46e-06
1507126689	8.46e-06
1507126749	8.46e-06
1507126810	8.47e-06
1507126870	8.47e-06
1507126931	8.48e-06
1507126991	8.48e-06
1507127052	8.48e-06
1507127112	8.49e-06
1507127173	8.49e-06
1507127233	8.49e-06
1507127294	8.5e-06
1507127354	8.51e-06
1507127415	8.51e-06
1507127475	8.51e-06
1507127536	8.48e-06
1507127596	8.45e-06
1507127657	8.42e-06
1507127717	8.4e-06
1507127778	8.39e-06
1507127838	8.38e-06
1507127899	8.39e-06
1507127959	8.39e-06
1507128020	8.4e-06
1507128080	8.41e-06
1507128141	8.41e-06
1507128201	8.41e-06
1507128262	8.42e-06
1507128322	8.42e-06
1507128383	8.43e-06
1507128444	8.43e-06
1507128504	8.43e-06
1507128565	8.44e-06
1507128625	8.44e-06
1507128686	8.45e-06
1507128746	8.45e-06
1507128807	8.46e-06
1507128867	8.46e-06
1507128928	8.46e-06
1507128988	8.47e-06
1507129049	8.47e-06
1507129109	8.48e-06
1507129170	8.48e-06
1507129230	8.49e-06
1507129291	8.49e-06
1507129351	8.49e-06
1507129412	8.5e-06
1507129472	8.49e-06
1507129533	8.45e-06
1507129593	8.42e-06
1507129654	8.4e-06
1507129714	8.38e-06
1507129775	8.37e-06
1507129835	8.38e-06
1507129896	8.39e-06
1507129957	8.39e-06
1507130017	8.4e-06
1507130078	8.41e-06
1507130138	8.41e-06
1507130198	8.41e-06
1507130259	8.42e-06
1507130319	8.42e-06
1507130380	8.43e-06
1507130441	8.43e-06
1507130501	8.44e-06
1507130562	8.44e-06
1507130622	8.44e-06
1507130683	8.45e-06
1507130743	8.45e-06
1507130804	8.46e-06
1507130864	8.46e-06
1507130925	8.46e-06
1507130985	8.47e-06
1507131046	8.47e-06
1507131106	8.48e-06
1507131167	8.48e-06
1507131227	8.48e-06
1507131288	8.49e-06
1507131348	8.49e-06
1507131409	8.5e-06
1507131469	8.5e-06
1507131530	8.51e-06
1507131591	8.51e-06
1507131651	8.52e-06
1507131712	8.52e-06
1507131772	8.53e-06
1507131833	8.53e-06
1507131893	8.53e-06
1507131954	8.54e-06
1507132014	8.55e-06
1507132075	8.54e-06
1507132135	8.5e-06
1507132196	8.48e-06
1507132256	8.45e-06
1507132317	8.43e-06
1507132377	8.41e-06
1507132438	8.41e-06
1507132498	8.42e-06
1507132559	8.43e-06
1507132619	8.43e-06
1507132680	8.44e-06
1507132740	8.44e-06
1507132801	8.45e-06
1507132861	8.45e-06
1507132922	8.46e-06
1507132982	8.46e-06
1507133043	8.47e-06
1507133103	8.47e-06
1507133164	8.48e-06
1507133224	8.48e-06
1507133285	8.48e-06
1507133345	8.49e-06
1507133406	8.49e-06
1507133466	8.5e-06
1507133527	8.5e-06
1507133587	8.5e-06
1507133648	8.51e-06
1507133708	8.51e-06
1507133769	8.52e-06
1507133830	8.52e-06
1507133890	8.53e-06
1507133950	8.53e-06
1507134011	8.54e-06
1507134071	8.54e-06
1507134132	8.54e-06
1507134193	8.55e-06
1507134253	8.56e-06
1507134314	8.56e-06
1507134374	8.56e-06
1507134435	8.57e-06
1507134495	8.58e-06
1507134556	8.57e-06
1507134616	8.55e-06
1507134677	8.52e-06
1507134737	8.49e-06
1507134798	8.47e-06
1507134858	8.46e-06
1507134919	8.45e-06
1507134979	8.45e-06
1507135040	8.46e-06
1507135100	8.47e-06
1507135161	8.47e-06
1507135221	8.48e-06
1507135282	8.48e-06
1507135342	8.49e-06
1507135403	8.49e-06
1507135463	8.49e-06
1507135524	8.5e-06
1507135584	8.51e-06
1507135645	8.51e-06
1507135705	8.51e-06
1507135766	8.52e-06
1507135826	8.53e-06
1507135887	8.53e-06
1507135947	8.53e-06
1507136008	8.54e-06
1507136068	8.55e-06
1507136129	8.55e-06
1507136189	8.55e-06
1507136250	8.56e-06
1507136310	8.56e-06
1507136371	8.57e-06
1507136431	8.57e-06
1507136492	8.58e-06
1507136552	8.58e-06
1507136613	8.58e-06
1507136673	8.56e-06
1507136734	8.52e-06
1507136794	8.5e-06
1507136855	8.48e-06
1507136915	8.46e-06
1507136976	8.45e-06
1507137037	8.46e-06
1507137097	8.47e-06
1507137158	8.47e-06
1507137218	8.48e-06
1507137279	8.48e-06
1507137339	8.49e-06
1507137400	8.49e-06
1507137460	8.5e-06
1507137521	8.5e-06
1507137581	8.51e-06
1507137642	8.51e-06
1507137702	8.52e-06
1507137763	8.52e-06
1507137823	8.53e-06
1507137884	8.53e-06
1507137944	8.53e-06
1507138005	8.54e-06
1507138065	8.54e-06
1507138126	8.54e-06
1507138186	8.55e-06
1507138246	8.56e-06
1507138307	8.56e-06
1507138368	8.56e-06
1507138428	8.57e-06
1507138489	8.57e-06
1507138549	8.58e-06
1507138610	8.58e-06
1507138670	8.59e-06
1507138731	8.56e-06
1507138791	8.53e-06
1507138852	8.5e-06
1507138912	8.48e-06
1507138972	8.46e-06
1507139033	8.46e-06
1507139093	8.46e-06
1507139154	8.47e-06
1507139214	8.48e-06
1507139275	8.48e-06
1507139336	8.48e-06
1507139396	8.49e-06
1507139457	8.49e-06
1507139517	8.5e-06
1507139578	8.5e-06
1507139638	8.51e-06
1507139699	8.51e-06
1507139759	8.52e-06
1507139820	8.52e-06
1507139880	8.52e-06
1507139941	8.53e-06
1507140001	8.53e-06
1507140062	8.53e-06
1507140122	8.54e-06
1507140183	8.54e-06
1507140243	8.55e-06
1507140304	8.55e-06
1507140364	8.55e-06
1507140425	8.56e-06
1507140485	8.54e-06
1507140546	8.5e-06
1507140606	8.47e-06
1507140667	8.45e-06
1507140727	8.43e-06
1507140788	8.42e-06
1507140848	8.43e-06
1507140909	8.44e-06
1507140969	8.44e-06
1507141030	8.45e-06
1507141090	8.45e-06
1507141151	8.46e-06
1507141211	8.46e-06
1507141272	8.46e-06
1507141332	8.47e-06
1507141393	8.47e-06
1507141453	8.48e-06
1507141514	8.48e-06
1507141574	8.48e-06
1507141635	8.49e-06
1507141695	8.49e-06
1507141756	8.49e-06
1507141816	8.5e-06
1507141877	8.5e-06
1507141937	8.5e-06
1507141998	8.51e-06
1507142058	8.51e-06
1507142119	8.52e-06
1507142180	8.51e-06
1507142240	8.48e-06
1507142301	8.45e-06
1507142361	8.43e-06
1507142421	8.41e-06
1507142482	8.39e-06
1507142542	8.39e-06
1507142603	8.4e-06
1507142663	8.41e-06
1507142724	8.41e-06
1507142784	8.41e-06
1507142845	8.42e-06
1507142905	8.42e-06
1507142966	8.43e-06
1507143026	8.43e-06
1507143087	8.43e-06
1507143147	8.44e-06
1507143208	8.44e-06
1507143268	8.45e-06
1507143329	8.45e-06
1507143389	8.46e-06
1507143450	8.46e-06
1507143510	8.47e-06
1507143571	8.47e-06
1507143631	8.47e-06
1507143692	8.47e-06
1507143752	8.48e-06
1507143813	8.49e-06
1507143873	8.47e-06
1507143934	8.43e-06
1507143994	8.4e-06
1507144055	8.38e-06
1507144115	8.36e-06
1507144176	8.35e-06
1507144236	8.35e-06
1507144297	8.36e-06
1507144358	8.36e-06
1507144418	8.37e-06
1507144479	8.37e-06
1507144539	8.37e-06
1507144600	8.38e-06
1507144660	8.38e-06
1507144721	8.39e-06
1507144781	8.39e-06
1507144842	8.39e-06
1507144902	8.4e-06
1507144963	8.4e-06
1507145023	8.41e-06
1507145084	8.41e-06
1507145144	8.41e-06
1507145205	8.42e-06
1507145265	8.42e-06
1507145326	8.43e-06
1507145386	8.43e-06
1507145447	8.42e-06
1507145507	8.39e-06
1507145568	8.36e-06
1507145629	8.33e-06
1507145689	8.31e-06
1507145750	8.29e-06
1507145810	8.29e-06
1507145871	8.29e-06
1507145931	8.3e-06
1507145992	8.31e-06
1507146052	8.31e-06
1507146113	2.15e-05
1507146173	3.11e-05
1507146234	3.76e-05
1507146294	4.24e-05
1507146355	4.59e-05
1507146415	4.86e-05
1507146476	5.08e-05
1507146536	5.25e-05
1507146597	5.38e-05
1507146657	5.5e-05
1507146718	5.59e-05
1507146778	5.67e-05
1507146839	5.74e-05
1507146899	5.79e-05
1507146960	5.84e-05
1507147020	5.88e-05
1507147081	5.92e-05
1507147141	5.95e-05
1507147202	5.98e-05
1507147262	5.98e-05
1507147323	5.97e-05
1507147383	5.96e-05
1507147444	5.95e-05
1507147504	5.94e-05
1507147565	5.95e-05
1507147625	5.97e-05
1507147686	5.99e-05
1507147746	6.01e-05
1507147807	6.03e-05
1507147867	6.05e-05
1507147928	6.06e-05
1507147988	6.07e-05
1507148049	6.08e-05
1507148109	6.09e-05
1507148170	6.1e-05
1507148230	6.11e-05
1507148291	6.12e-05
1507148351	6.13e-05
1507148412	6.14e-05
1507148472	6.15e-05
1507148533	6.15e-05
1507148593	6.15e-05
1507151604	0.0
1507151665	1.35e-05
1507151725	1.09e-05
1507151786	1e-05
1507151847	9.54e-06
1507151907	9.26e-06
1507151968	9.09e-06
1507152028	8.99e-06
1507152089	8.91e-06
1507152149	8.85e-06
1507152210	8.8e-06
1507152270	8.77e-06
1507152331	8.73e-06
1507152391	8.71e-06
1507152452	8.68e-06
1507152512	8.67e-06
1507152573	8.65e-06
1507152633	8.64e-06
1507152694	8.62e-06
1507152754	8.61e-06
1507152815	8.6e-06
1507152875	8.59e-06
1507152936	8.59e-06
1507152996	8.58e-06
1507153057	8.58e-06
1507153117	8.57e-06
1507153178	8.56e-06
1507153238	8.55e-06
1507153299	8.52e-06
1507153359	8.48e-06
1507153420	8.44e-06
1507153480	8.41e-06
1507153541	8.39e-06
1507153601	8.38e-06
1507153662	8.38e-06
1507153722	8.38e-06
1507153783	8.38e-06
1507153843	8.38e-06
1507153904	8.38e-06
1507153964	8.38e-06
1507154025	8.38e-06
1507154085	8.38e-06
1507154146	8.38e-06
1507154206	8.38e-06
1507154267	8.39e-06
1507154327	8.39e-06
1507154388	8.39e-06
1507154448	8.39e-06
1507154509	8.39e-06
1507154569	8.39e-06
1507154630	8.39e-06
1507154690	8.39e-06
1507154751	8.39e-06
1507154811	8.4e-06
1507154872	8.4e-06
1507154932	8.4e-06
1507154993	8.4e-06
1507155053	8.4e-06
1507155114	8.41e-06
1507155174	8.4e-06
1507155235	8.36e-06
1507155295	8.33e-06
1507155356	8.31e-06
1507155416	8.29e-06
1507155477	8.27e-06
1507155537	8.27e-06
1507155598	8.28e-06
1507155658	8.28e-06
1507155719	8.28e-06
1507155779	8.29e-06
1507155840	8.29e-06
1507155900	8.29e-06
1507155961	8.3e-06
1507156021	8.3e-06
1507156082	8.3e-06
1507156142	8.31e-06
1507156203	8.31e-06
1507156263	8.31e-06
1507156324	8.32e-06
1507156385	8.32e-06
1507156445	8.32e-06
1507156505	8.33e-06
1507156566	8.33e-06
1507156627	8.33e-06
1507156687	8.34e-06
1507156748	8.34e-06
1507156808	8.35e-06
1507156869	8.34e-06
1507156929	8.31e-06
1507156990	8.28e-06
1507157050	8.25e-06
1507157111	8.23e-06
1507157171	8.21e-06
1507157232	8.21e-06
1507157292	8.22e-06
1507157353	8.22e-06
1507157413	8.23e-06
1507157474	8.23e-06
1507157534	8.23e-06
1507157595	8.24e-06
1507157655	8.24e-06
1507157716	8.24e-06
1507157776	8.24e-06
1507157837	8.25e-06
1507157897	8.25e-06
1507157958	8.25e-06
1507158018	8.26e-06
1507158079	8.26e-06
1507158139	8.26e-06
1507158200	8.26e-06
1507158260	8.27e-06
1507158321	8.27e-06
1507158381	8.27e-06
1507158442	8.25e-06
1507158502	8.22e-06
1507158563	8.19e-06
1507158623	8.17e-06
1507158684	8.15e-06
1507158745	8.14e-06
1507158805	8.15e-06
1507158866	8.15e-06
1507158926	8.15e-06
1507158987	8.16e-06
1507159047	8.16e-06
1507159108	8.16e-06
1507159168	8.17e-06
1507159229	8.17e-06
1507159289	8.17e-06
1507159350	8.17e-06
1507159410	8.18e-06
1507159471	8.18e-06
1507159531	8.18e-06
1507159592	8.19e-06
1507159652	8.19e-06
1507159713	8.19e-06
1507159773	8.19e-06
1507159834	8.2e-06
1507159894	8.2e-06
1507159955	8.2e-06
1507160015	8.21e-06
1507160076	8.21e-06
1507160136	8.21e-06
1507160197	8.22e-06
1507160257	8.22e-06
1507160318	8.19e-06
1507160378	8.16e-06
1507160439	8.13e-06
1507160499	8.11e-06
1507160560	8.09e-06
1507160620	8.09e-06
1507160681	8.09e-06
1507160741	8.1e-06
1507160802	8.1e-06
1507160863	8.11e-06
1507160923	8.11e-06
1507160984	8.11e-06
1507161044	8.12e-06
1507161105	8.12e-06
1507161165	8.13e-06
1507161226	8.13e-06
1507161286	8.13e-06
1507161347	8.14e-06
1507161407	8.14e-06
1507161468	8.15e-06
1507161528	8.15e-06
1507161589	8.16e-06
1507161649	8.16e-06
1507161710	8.16e-06
1507161770	8.17e-06
1507161831	8.16e-06
1507161891	8.13e-06
1507161952	8.1e-06
1507162012	8.08e-06
1507162073	8.06e-06
1507162133	8.04e-06
1507162194	8.04e-06
1507162254	8.05e-06
1507162315	8.06e-06
1507162376	8.06e-06
1507162436	8.07e-06
1507162497	8.07e-06
1507162557	8.07e-06
1507162618	8.08e-06
1507162678	8.08e-06
1507162739	8.08e-06
1507162799	8.09e-06
1507162860	8.09e-06
1507162920	8.1e-06
1507162981	8.1e-06
1507163041	8.1e-06
1507163102	8.1e-06
1507163162	8.11e-06
1507163223	8.11e-06
1507163283	8.11e-06
1507163344	8.12e-06
1507163404	8.12e-06
1507163465	8.13e-06
1507163525	8.13e-06
1507163585	8.13e-06
1507163646	8.13e-06
1507163706	8.11e-06
1507163767	8.08e-06
1507163827	8.06e-06
1507163888	8.03e-06
1507163948	8.01e-06
1507164009	8e-06
1507164069	8.01e-06
1507164130	8.01e-06
1507164190	8.02e-06
1507164251	8.02e-06
1507164311	8.02e-06
1507164372	8.03e-06
1507164432	8.03e-06
1507164493	8.04e-06
1507164553	8.04e-06
1507164614	8.04e-06
1507164674	8.05e-06
1507164735	8.05e-06
1507164795	8.06e-06
1507164856	8.06e-06
1507164916	8.06e-06
1507164977	8.06e-06
1507165037	8.07e-06
1507165098	8.07e-06
1507165158	8.07e-06
1507165219	8.08e-06
1507165279	8.08e-06
1507165340	8.08e-06
1507165400	8.09e-06
1507165461	8.09e-06
1507165521	8.1e-06
1507165582	8.1e-06
1507165642	8.1e-06
1507165703	8.11e-06
1507165763	8.1e-06
1507165824	8.07e-06
1507165884	8.04e-06
1507165945	8.02e-06
1507166005	8e-06
1507166066	7.98e-06
1507166126	7.99e-06
1507166187	7.99e-06
1507166247	8e-06
1507166308	8e-06
1507166368	8e-06
1507166429	8.01e-06
1507166489	8.01e-06
1507166550	8.02e-06
1507166610	8.02e-06
1507166671	8.02e-06
1507166731	8.03e-06
1507166792	8.03e-06
1507166852	8.03e-06
1507166913	8.04e-06
1507166973	8.04e-06
1507167034	8.04e-06
1507167094	8.05e-06
1507167155	8.05e-06
1507167215	8.06e-06
1507167276	8.06e-06
1507167336	8.06e-06
1507167397	8.06e-06
1507167457	8.07e-06
1507167518	8.07e-06
1507167578	8.08e-06
1507167639	8.08e-06
1507167699	8.08e-06
1507167760	8.09e-06
1507167820	8.09e-06
1507167881	8.09e-06
1507167941	8.1e-06
1507168002	8.1e-06
1507168062	8.1e-06
1507168123	8.11e-06
1507168183	8.09e-06
1507168244	8.06e-06
1507168304	8.03e-06
1507168365	8.01e-06
1507168425	7.99e-06
1507168486	7.99e-06
1507168546	7.99e-06
1507168607	8e-06
1507168667	8e-06
1507168728	8.01e-06
1507168788	8.01e-06
1507168849	8.02e-06
1507168909	8.02e-06
1507168970	8.03e-06
1507169031	8.03e-06
1507169091	8.03e-06
1507169152	8.04e-06
1507169212	8.04e-06
1507169273	8.04e-06
1507169333	8.05e-06
1507169394	8.05e-06
1507169454	8.06e-06
1507169515	8.06e-06
1507169575	8.06e-06
1507169636	8.07e-06
1507169696	8.07e-06
1507169757	8.07e-06
1507169817	8.07e-06
1507169878	8.08e-06
1507169938	8.08e-06
1507169999	8.09e-06
1507170059	8.09e-06
1507170120	8.09e-06
1507170180	8.1e-06
1507170241	8.1e-06
1507170301	8.11e-06
1507170362	8.11e-06
1507170422	8.11e-06
1507170483	8.12e-06
1507170543	8.12e-06
1507170604	8.13e-06
1507170664	8.13e-06
1507170725	8.13e-06
1507170785	8.14e-06
1507170846	8.14e-06
1507170906	8.15e-06
1507170967	8.16e-06
1507171027	8.16e-06
1507171088	8.16e-06
1507171148	8.17e-06
1507171209	8.15e-06
1507171269	8.12e-06
1507171330	8.1e-06
1507171390	8.07e-06
1507171451	8.06e-06
1507171511	8.06e-06
1507171572	8.06e-06
1507171633	8.07e-06
1507171693	8.08e-06
1507171754	8.08e-06
1507171814	8.09e-06
1507171875	8.09e-06
1507171935	8.1e-06
1507171996	8.1e-06
1507172056	8.1e-06
1507172117	8.11e-06
1507172177	8.12e-06
1507172238	8.12e-06
1507172298	8.12e-06
1507172359	8.13e-06
1507172419	8.13e-06
1507172480	8.14e-06
1507172540	8.14e-06
1507172601	8.14e-06
1507172661	8.15e-06
1507172722	8.15e-06
1507172782	8.16e-06
1507172843	8.16e-06
1507172904	8.16e-06
1507172964	8.17e-06
1507173025	8.16e-06
1507173085	8.17e-06
1507173146	8.17e-06
1507173206	8.18e-06
1507173267	8.18e-06
1507173327	8.18e-06
1507173388	8.19e-06
1507173448	8.19e-06
1507173509	8.2e-06
1507173569	8.2e-06
1507173630	8.21e-06
1507173690	8.21e-06
1507173751	8.22e-06
1507173811	8.22e-06
1507173872	8.22e-06
1507173932	8.23e-06
1507173993	8.23e-06
1507174053	8.24e-06
1507174114	8.24e-06
1507174174	8.25e-06
1507174235	8.25e-06
1507174295	8.26e-06
1507174356	8.26e-06
1507174416	8.27e-06
1507174477	8.27e-06
1507174537	8.28e-06
1507174597	8.28e-06
1507174658	8.29e-06
1507174719	8.29e-06
1507174779	8.3e-06
1507174840	8.29e-06
1507174900	8.25e-06
1507174961	8.23e-06
1507175021	8.21e-06
1507175082	8.2e-06
1507175142	8.18e-06
1507175203	8.18e-06
1507175263	8.18e-06
1507175324	8.19e-06
1507175384	8.19e-06
1507175445	8.2e-06
1507175505	8.2e-06
1507175566	8.21e-06
1507175626	8.21e-06
1507175686	8.22e-06
1507175747	8.22e-06
1507175807	8.22e-06
1507175868	8.23e-06
1507175928	8.23e-06
1507175989	8.24e-06
1507176049	8.24e-06
1507176110	8.25e-06
1507176170	8.25e-06
1507176231	8.25e-06
1507176291	8.26e-06
1507176352	8.26e-06
1507176412	8.26e-06
1507176473	8.27e-06
1507176533	8.27e-06
1507176594	8.27e-06
1507176654	8.28e-06
1507176715	8.28e-06
1507176775	8.29e-06
1507176836	8.29e-06
1507176896	8.29e-06
1507176957	8.3e-06
1507177017	8.3e-06
1507177078	8.31e-06
1507177138	8.31e-06
1507177199	8.31e-06
1507177259	8.32e-06
1507177320	8.32e-06
1507177380	8.33e-06
1507177441	8.33e-06
1507177502	8.33e-06
1507177562	8.34e-06
1507177623	8.34e-06
1507177683	8.35e-06
1507177744	8.35e-06
1507177804	8.36e-06
1507177865	8.36e-06
1507177925	8.36e-06
1507177986	8.37e-06
1507178046	8.37e-06
1507178107	8.38e-06
1507178167	8.38e-06
1507178227	8.39e-06
1507178288	8.39e-06
1507178349	8.4e-06
1507178409	8.4e-06
1507178470	8.41e-06
1507178530	8.41e-06
1507178591	8.41e-06
1507178651	8.39e-06
1507178712	8.36e-06
1507178772	8.34e-06
1507178833	8.32e-06
1507178893	8.3e-06
1507178954	8.28e-06
1507179014	8.29e-06
1507179075	8.3e-06
1507179136	8.3e-06
1507179196	8.31e-06
1507179257	8.31e-06
1507179317	8.32e-06
1507179377	8.32e-06
1507179438	8.33e-06
1507179499	8.33e-06
1507179559	8.33e-06
1507179620	8.34e-06
1507179680	8.34e-06
1507179741	8.35e-06
1507179801	8.35e-06
1507179862	8.35e-06
1507179922	8.36e-06
1507179983	8.36e-06
1507180043	8.36e-06
1507180104	8.37e-06
1507180164	8.37e-06
1507180225	8.37e-06
1507180285	8.37e-06
1507180346	8.38e-06
1507180406	8.38e-06
1507180467	8.38e-06
1507180527	8.39e-06
1507180588	8.39e-06
1507180648	8.39e-06
1507180709	8.4e-06
1507180769	8.4e-06
1507180830	8.4e-06
1507180890	8.4e-06
1507180951	8.41e-06
1507181011	8.41e-06
1507181072	8.41e-06
1507181132	8.42e-06
1507181193	8.42e-06
1507181253	8.43e-06
1507181314	8.43e-06
1507181374	8.43e-06
1507181435	8.44e-06
1507181495	8.44e-06
1507181556	8.45e-06
1507181616	8.45e-06
1507181677	8.45e-06
1507181737	8.46e-06
1507181798	8.46e-06
1507181858	8.46e-06
1507181919	8.44e-06
1507181979	8.41e-06
1507182040	8.38e-06
1507182100	8.37e-06
1507182161	8.34e-06
1507182221	8.33e-06
1507182282	8.32e-06
1507182342	8.33e-06
1507182403	8.33e-06
1507182463	8.34e-06
1507182524	8.34e-06
1507182585	8.35e-06
1507182645	8.35e-06
1507182706	8.35e-06
1507182766	8.36e-06
1507182827	8.36e-06
1507182887	8.36e-06
1507182948	8.37e-06
1507183008	8.37e-06
1507183068	8.37e-06
1507183129	8.38e-06
1507183189	8.38e-06
1507183250	8.38e-06
1507183310	8.38e-06
1507183371	8.39e-06
1507183431	8.39e-06
1507183492	8.39e-06
1507183552	8.39e-06
1507183613	8.4e-06
1507183673	8.4e-06
1507183734	8.4e-06
1507183794	8.4e-06
1507183855	8.41e-06
1507183915	8.41e-06
1507183976	8.41e-06
1507184036	8.41e-06
1507184097	8.42e-06
1507184157	8.42e-06
1507184218	8.42e-06
1507184278	8.42e-06
1507184339	8.43e-06
1507184399	8.43e-06
1507184460	8.43e-06
1507184521	8.44e-06
1507184581	8.44e-06
1507184641	8.44e-06
1507184702	8.45e-06
1507184763	8.45e-06
1507184823	8.46e-06
1507184884	8.46e-06
1507184944	8.46e-06
1507185005	8.46e-06
1507185065	8.47e-06
1507185126	8.47e-06
1507185186	8.47e-06
1507185247	8.48e-06
1507185307	8.48e-06
1507185368	8.49e-06
1507185428	8.47e-06
1507185489	8.43e-06
1507185549	8.4e-06
1507185610	8.38e-06
1507185670	8.36e-06
1507185731	8.34e-06
1507185791	8.34e-06
1507185852	8.35e-06
1507185912	8.35e-06
1507185973	8.36e-06
1507186033	8.36e-06
1507186094	8.37e-06
1507186154	8.37e-06
1507186215	8.37e-06
1507186275	8.38e-06
1507186336	8.38e-06
1507186396	8.38e-06
1507186457	8.38e-06
1507186517	8.39e-06
1507186578	8.39e-06
1507186638	8.39e-06
1507186699	8.39e-06
1507186759	8.4e-06
1507186820	8.4e-06
1507186880	8.4e-06
1507186941	8.4e-06
1507187001	8.41e-06
1507187062	8.41e-06
1507187122	8.41e-06
1507187183	8.41e-06
1507187243	8.42e-06
1507187304	8.42e-06
1507187364	8.42e-06
1507187425	8.42e-06
1507187486	8.43e-06
1507187546	8.43e-06
1507187607	8.43e-06
1507187667	8.43e-06
1507187728	8.44e-06
1507187788	8.44e-06
1507187849	8.44e-06
1507187909	8.44e-06
1507187970	8.45e-06
1507188030	8.45e-06
1507188091	8.46e-06
1507188151	8.46e-06
1507188212	8.46e-06
1507188272	8.46e-06
1507188333	8.47e-06
1507188393	8.47e-06
1507188454	8.47e-06
1507188514	8.48e-06
1507188575	8.48e-06
1507188635	8.48e-06
1507188696	8.49e-06
1507188756	8.49e-06
1507188817	8.5e-06
1507188877	8.5e-06
1507188938	8.5e-06
1507188998	8.51e-06
1507189059	8.48e-06
1507189119	8.45e-06
1507189180	8.42e-06
1507189240	8.4e-06
1507189301	8.38e-06
1507189361	8.37e-06
1507189422	8.38e-06
1507189482	8.38e-06
1507189543	8.39e-06
1507189603	8.39e-06
1507189664	8.39e-06
1507189724	8.4e-06
1507189785	8.4e-06
1507189845	8.4e-06
1507189906	8.41e-06
1507189966	8.41e-06
1507190027	8.41e-06
1507190087	8.42e-06
1507190148	8.42e-06
1507190208	8.42e-06
1507190269	8.42e-06
1507190330	8.43e-06
1507190390	8.43e-06
1507190450	8.43e-06
1507190511	8.43e-06
1507190571	8.43e-06
1507190632	8.44e-06
1507190692	8.44e-06
1507190753	8.44e-06
1507190814	8.45e-06
1507190874	8.45e-06
1507190935	8.45e-06
1507190995	8.45e-06
1507191055	8.46e-06
1507191116	8.46e-06
1507191177	8.46e-06
1507191237	8.46e-06
1507191297	8.46e-06
1507191358	8.47e-06
1507191419	8.47e-06
1507191479	8.47e-06
1507191540	8.48e-06
1507191600	8.48e-06
1507191661	8.48e-06
1507191721	8.49e-06
1507191782	8.49e-06
1507191842	8.5e-06
1507191903	8.5e-06
1507191963	8.5e-06
1507192024	8.51e-06
1507192084	8.51e-06
1507192145	8.51e-06
1507192205	8.52e-06
1507192266	8.52e-06
1507192326	8.52e-06
1507192387	8.53e-06
1507192447	8.53e-06
1507192508	8.54e-06
1507192569	8.53e-06
1507192629	8.49e-06
1507192690	8.46e-06
1507192750	8.43e-06
1507192811	8.41e-06
1507192871	8.39e-06
1507192932	8.39e-06
1507192992	8.39e-06
1507193053	8.4e-06
1507193113	8.4e-06
1507193174	8.41e-06
1507193234	8.41e-06
1507193295	8.41e-06
1507193355	8.41e-06
1507193415	8.42e-06
1507193476	8.42e-06
1507193536	8.42e-06
1507193597	8.42e-06
1507193657	8.43e-06
1507193718	8.43e-06
1507193778	8.43e-06
1507193839	8.43e-06
1507193899	8.44e-06
1507193960	8.44e-06
1507194020	8.44e-06
1507194081	8.44e-06
1507194141	8.44e-06
1507194202	8.44e-06
1507194262	8.45e-06
1507194323	8.45e-06
1507194383	8.45e-06
1507194444	8.45e-06
1507194504	8.46e-06
1507194565	8.46e-06
1507194626	8.46e-06
1507194686	8.46e-06
1507194747	8.46e-06
1507194807	8.46e-06
1507194868	8.47e-06
1507194928	8.47e-06
1507194989	8.47e-06
1507195049	8.47e-06
1507195110	8.47e-06
1507195170	8.47e-06
1507195231	8.47e-06
1507195291	8.48e-06
1507195352	8.48e-06
1507195412	8.48e-06
1507195473	8.49e-06
1507195533	8.49e-06
1507195594	8.49e-06
1507195654	8.5e-06
1507195715	8.5e-06
1507195775	8.5e-06
1507195836	8.5e-06
1507195896	8.51e-06
1507195957	8.51e-06
1507196017	8.52e-06
1507196078	8.52e-06
1507196138	8.52e-06
1507196199	8.52e-06
1507196259	8.51e-06
1507196320	8.48e-06
1507196380	8.45e-06
1507196441	8.43e-06
1507196501	8.41e-06
1507196562	8.39e-06
1507196622	8.38e-06
1507196683	8.39e-06
1507196743	8.39e-06
1507196804	8.39e-06
1507196864	8.4e-06
1507196925	8.4e-06
1507196985	8.41e-06
1507197046	8.41e-06
1507197106	8.41e-06
1507197167	8.41e-06
1507197227	8.42e-06
1507197288	8.42e-06
1507197348	8.42e-06
1507197409	8.42e-06
1507197469	8.43e-06
1507197530	8.43e-06
1507197590	8.43e-06
1507197651	8.43e-06
1507197711	8.44e-06
1507197772	8.44e-06
1507197832	8.44e-06
1507197893	8.44e-06
1507197953	8.44e-06
1507198014	8.45e-06
1507198074	8.45e-06
1507198135	8.45e-06
1507198195	8.45e-06
1507198256	8.46e-06
1507198316	8.46e-06
1507198377	8.46e-06
1507198438	8.47e-06
1507198498	8.46e-06
1507198558	8.47e-06
1507198619	8.47e-06
1507198679	8.47e-06
1507198740	8.47e-06
1507198800	8.48e-06
1507198861	8.48e-06
1507198921	8.48e-06
1507198982	8.49e-06
1507199042	8.49e-06
1507199103	8.49e-06
1507199163	8.49e-06
1507199224	8.5e-06
1507199284	8.5e-06
1507199345	8.51e-06
1507199405	8.51e-06
1507199466	8.51e-06
1507199526	8.51e-06
1507199587	8.52e-06
1507199647	8.52e-06
1507199707	8.52e-06
1507199768	8.53e-06
1507199828	8.53e-06
1507199889	8.53e-06
1507199950	8.53e-06
1507200010	8.49e-06
1507200071	8.46e-06
1507200131	8.44e-06
1507200191	8.42e-06
1507200252	8.4e-06
1507200312	8.39e-06
1507200373	8.4e-06
1507200433	8.4e-06
1507200494	8.41e-06
1507200554	8.41e-06
1507200615	8.42e-06
1507200675	8.42e-06
1507200736	8.42e-06
1507200796	8.43e-06
1507200857	8.43e-06
1507200917	8.43e-06
1507200978	8.43e-06
1507201038	8.43e-06
1507201099	8.44e-06
1507201159	8.44e-06
1507201220	8.44e-06
1507201280	8.44e-06
1507201341	8.44e-06
1507201401	8.45e-06
1507201462	8.45e-06
1507201522	8.45e-06
1507201583	8.45e-06
1507201643	8.45e-06
1507201704	8.46e-06
1507201764	8.46e-06
1507201825	8.46e-06
1507201885	8.46e-06
1507201946	8.47e-06
1507202006	8.47e-06
1507202067	8.47e-06
1507202127	8.47e-06
1507202188	8.48e-06
1507202248	8.48e-06
1507202309	8.48e-06
1507202369	8.48e-06
1507202430	8.48e-06
1507202490	8.49e-06
1507202551	8.49e-06
1507202611	8.49e-06
1507202672	8.49e-06
1507202732	8.5e-06
1507202793	8.5e-06
1507202853	8.5e-06
1507202914	8.51e-06
1507202974	8.51e-06
1507203035	8.51e-06
1507203095	8.51e-06
1507203156	8.52e-06
1507203216	8.52e-06
1507203277	8.52e-06
1507203337	8.53e-06
1507203398	8.53e-06
1507203458	8.53e-06
1507203519	8.54e-06
1507203579	8.54e-06
1507203640	8.54e-06
1507203700	8.55e-06
1507203761	8.55e-06
1507203821	8.56e-06
1507203882	8.56e-06
1507203942	8.56e-06
1507204003	8.57e-06
1507204063	8.57e-06
1507204124	8.57e-06
1507204184	8.58e-06
1507204245	8.58e-06
1507204305	8.59e-06
1507204366	8.59e-06
1507204426	8.59e-06
1507204487	8.6e-06
1507204547	8.6e-06
1507204608	8.59e-06
1507204668	8.56e-06
1507204729	8.53e-06
1507204789	8.51e-06
1507204850	8.48e-06
1507204910	8.46e-06
1507204971	8.45e-06
1507205031	8.44e-06
1507205092	8.45e-06
1507205152	8.45e-06
1507205213	8.46e-06
1507205273	8.46e-06
1507205334	8.46e-06
1507205394	8.47e-06
1507205455	8.47e-06
1507205515	8.48e-06
1507205576	8.48e-06
1507205636	8.48e-06
1507205697	8.48e-06
1507205757	8.49e-06
1507205818	8.49e-06
1507205879	8.49e-06
1507205939	8.49e-06
1507206000	8.49e-06
1507206060	8.5e-06
1507206120	8.5e-06
1507206181	8.5e-06
1507206241	8.5e-06
1507206302	8.51e-06
1507206362	8.51e-06
1507206423	8.51e-06
1507206483	8.51e-06
1507206544	8.52e-06
1507206604	8.52e-06
1507206665	8.52e-06
1507206725	8.52e-06
1507206786	8.53e-06
1507206846	8.53e-06
1507206907	8.53e-06
1507206967	8.53e-06
1507207028	8.51e-06
1507207088	8.47e-06
1507207149	8.45e-06
1507207209	8.42e-06
1507207270	8.4e-06
1507207330	8.39e-06
1507207391	8.4e-06
1507207451	8.41e-06
1507207512	8.41e-06
1507207572	8.41e-06
1507207633	8.42e-06
1507207693	8.42e-06
1507207754	8.42e-06
1507207814	8.43e-06
1507207875	8.43e-06
1507207935	8.43e-06
1507207996	8.44e-06
1507208056	8.44e-06
1507208117	8.44e-06
1507208177	8.45e-06
1507208238	8.45e-06
1507208298	8.45e-06
1507208359	8.46e-06
1507208419	8.46e-06
1507208480	8.46e-06
1507208540	8.47e-06
1507208600	8.47e-06
1507208661	8.47e-06
1507208721	8.47e-06
1507208782	8.48e-06
1507208843	8.48e-06
1507208903	8.48e-06
1507208963	8.45e-06
1507209024	8.41e-06
1507209085	8.39e-06
1507209145	8.37e-06
1507209206	8.35e-06
1507209266	8.34e-06
1507209327	8.35e-06
1507209387	8.35e-06
1507209448	8.36e-06
1507209508	8.36e-06
1507209569	8.36e-06
1507209629	8.37e-06
1507209690	8.37e-06
1507209750	8.38e-06
1507209811	8.38e-06
1507209871	8.38e-06
1507209932	8.39e-06
1507209992	8.39e-06
1507210053	8.39e-06
1507210113	8.4e-06
1507210174	8.4e-06
1507210235	8.4e-06
1507210295	8.41e-06
1507210356	8.41e-06
1507210416	8.41e-06
1507210477	8.42e-06
1507210537	8.42e-06
1507210598	8.41e-06
1507210658	8.38e-06
1507210719	8.35e-06
1507210779	8.32e-06
1507210840	8.3e-06
1507210900	8.28e-06
1507210961	8.28e-06
1507211021	8.29e-06
1507211082	8.29e-06
1507211142	8.3e-06
1507211203	8.3e-06
1507211263	8.31e-06
1507211324	8.31e-06
1507211384	8.31e-06
1507211445	8.32e-06
1507211505	8.32e-06
1507211566	8.32e-06
1507211626	8.33e-06
1507211687	8.33e-06
1507211747	8.34e-06
1507211808	8.34e-06
1507211868	8.34e-06
1507211929	8.35e-06
1507211989	8.35e-06
1507212050	8.35e-06
1507212110	8.35e-06
1507212171	8.35e-06
1507212231	8.31e-06
1507212292	8.29e-06
1507212352	8.26e-06
1507212413	8.24e-06
1507212473	8.22e-06
1507212534	8.22e-06
1507212594	8.22e-06
1507212655	8.23e-06
1507212715	8.23e-06
1507212776	8.24e-06
1507212836	8.24e-06
1507212897	8.24e-06
1507212957	8.24e-06
1507213018	8.25e-06
1507213079	8.25e-06
1507213139	8.26e-06
1507213200	8.26e-06
1507213260	8.26e-06
1507213321	8.27e-06
1507213381	8.27e-06
1507213442	8.27e-06
1507213502	8.28e-06
1507213563	8.28e-06
1507213623	8.28e-06
1507213684	8.29e-06
1507213744	8.29e-06
1507213805	8.27e-06
1507213865	8.24e-06
1507213926	8.21e-06
1507213986	8.19e-06
1507214047	8.16e-06
1507214107	8.16e-06
1507214168	8.16e-06
1507214228	8.17e-06
1507214289	8.17e-06
1507214349	8.18e-06
1507214410	8.18e-06
1507214470	8.18e-06
1507214531	8.19e-06
1507214592	8.19e-06
1507214652	8.19e-06
1507214713	8.2e-06
1507214773	8.2e-06
1507214834	8.21e-06
1507214894	8.21e-06
1507214955	8.21e-06
1507215015	8.22e-06
1507215076	8.22e-06
1507215136	8.22e-06
1507215197	8.23e-06
1507215257	8.23e-06
1507215318	8.23e-06
1507215378	8.24e-06
1507215439	8.24e-06
1507215499	8.21e-06
1507215560	8.18e-06
1507215620	8.15e-06
1507215680	8.13e-06
1507215741	8.11e-06
1507215801	8.11e-06
1507215862	8.12e-06
1507215923	8.13e-06
1507215983	8.13e-06
1507216044	8.14e-06
1507216104	8.14e-06
1507216165	8.15e-06
1507216225	8.15e-06
1507216286	8.15e-06
1507216346	8.16e-06
1507216407	8.16e-06
1507216467	8.17e-06
1507216528	8.17e-06
1507216588	8.17e-06
1507216649	8.18e-06
1507216709	8.18e-06
1507216770	8.19e-06
1507216830	8.19e-06
1507216891	8.19e-06
1507216951	8.16e-06
1507217012	8.13e-06
1507217072	8.11e-06
1507217133	8.09e-06
1507217193	8.07e-06
1507217254	8.07e-06
1507217314	8.08e-06
1507217375	8.09e-06
1507217435	8.09e-06
1507217496	8.1e-06
1507217556	8.1e-06
1507217617	8.11e-06
1507217677	8.11e-06
1507217738	8.11e-06
1507217798	8.12e-06
1507217859	8.12e-06
1507217919	8.13e-06
1507217979	8.13e-06
1507218040	8.14e-06
1507218100	8.14e-06
1507218161	8.14e-06
1507218221	8.15e-06
1507218282	8.14e-06
1507218342	8.11e-06
1507218403	8.08e-06
1507218463	8.06e-06
1507218524	8.03e-06
1507218584	8.02e-06
1507218645	8.02e-06
1507218705	8.02e-06
1507218766	8.03e-06
1507218827	8.04e-06
1507218887	8.04e-06
1507218947	8.05e-06
1507219008	8.05e-06
1507219068	8.05e-06
1507219129	8.06e-06
1507219189	8.06e-06
1507219250	8.07e-06
1507219310	8.07e-06
1507219371	8.07e-06
1507219431	8.08e-06
1507219492	8.08e-06
1507219552	8.08e-06
1507219613	8.09e-06
1507219673	8.09e-06
1507219734	8.1e-06
1507219795	8.1e-06
1507219855	8.09e-06
1507219915	8.06e-06
1507219976	8.03e-06
1507220036	8.01e-06
1507220097	7.99e-06
1507220157	7.97e-06
1507220218	7.97e-06
1507220278	7.97e-06
1507220339	7.98e-06
1507220399	7.98e-06
1507220460	7.99e-06
1507220521	8e-06
1507220581	8e-06
1507220642	8e-06
1507220702	8.01e-06
1507220763	8.01e-06
1507220823	8.02e-06
1507220884	8.02e-06
1507220944	8.03e-06
1507221005	8.03e-06
1507221065	8.04e-06
1507221126	8.04e-06
1507221186	8.05e-06
1507221247	8.05e-06
1507221307	8.02e-06
1507221368	7.99e-06
1507221428	7.97e-06
1507221489	7.95e-06
1507221549	7.93e-06
1507221610	7.91e-06
1507221670	7.91e-06
1507221731	7.91e-06
1507221791	7.92e-06
1507221852	7.93e-06
1507221912	7.93e-06
1507221973	7.94e-06
1507222033	7.94e-06
1507222094	7.95e-06
1507222154	7.95e-06
1507222215	7.96e-06
1507222275	7.96e-06
1507222336	7.96e-06
1507222396	7.97e-06
1507222457	7.97e-06
1507222517	7.98e-06
1507222578	7.96e-06
1507222638	7.93e-06
1507222699	7.91e-06
1507222759	7.88e-06
1507222820	7.87e-06
1507222880	7.85e-06
1507222941	7.83e-06
1507223001	7.83e-06
1507223062	7.84e-06
1507223122	7.84e-06
1507223183	7.85e-06
1507223243	7.85e-06
1507223304	7.86e-06
1507223364	7.86e-06
1507223425	7.87e-06
1507223485	7.87e-06
1507223546	7.88e-06
1507223606	7.88e-06
1507223667	7.89e-06
1507223727	7.89e-06
1507223788	7.89e-06
1507223848	7.9e-06
1507223909	7.9e-06
1507223969	7.87e-06
1507224030	7.84e-06
1507224090	7.82e-06
1507224151	7.8e-06
1507224211	7.79e-06
1507224272	7.77e-06
1507224332	7.77e-06
1507224393	7.78e-06
1507224453	7.78e-06
1507224514	7.79e-06
1507224574	7.79e-06
1507224635	7.8e-06
1507224695	7.8e-06
1507224756	7.81e-06
1507224816	7.81e-06
1507224877	7.82e-06
1507224937	7.82e-06
1507224998	7.82e-06
1507225058	7.83e-06
1507225119	7.83e-06
1507225179	7.8e-06
1507225240	7.77e-06
1507225300	7.75e-06
1507225361	7.74e-06
1507225421	7.72e-06
1507225482	7.7e-06
1507225542	7.7e-06
1507225603	7.7e-06
1507225663	7.71e-06
1507225724	7.71e-06
1507225784	7.72e-06
1507225845	7.72e-06
1507225905	7.73e-06
1507225966	7.73e-06
1507226026	7.74e-06
1507226087	7.74e-06
1507226147	7.75e-06
1507226208	7.75e-06
1507226268	7.76e-06
1507226329	7.76e-06
1507226389	7.76e-06
1507226449	7.73e-06
1507226510	7.71e-06
1507226571	7.69e-06
1507226631	7.67e-06
1507226691	7.65e-06
1507226752	7.64e-06
1507226812	7.64e-06
1507226873	7.64e-06
1507226934	7.64e-06
1507226994	7.65e-06
1507227055	7.65e-06
1507227115	7.66e-06
1507227175	7.66e-06
1507227236	7.67e-06
1507227296	7.68e-06
1507227357	7.68e-06
1507227417	7.69e-06
1507227478	7.69e-06
1507227538	7.7e-06
1507227599	7.69e-06
1507227659	7.66e-06
1507227720	7.64e-06
1507227780	7.62e-06
1507227841	7.6e-06
1507227902	7.59e-06
1507227962	7.57e-06
1507228023	7.58e-06
1507228083	7.58e-06
1507228144	7.58e-06
1507228204	7.59e-06
1507228264	7.59e-06
1507228325	7.6e-06
1507228385	7.6e-06
1507228446	7.61e-06
1507228507	7.61e-06
1507228567	7.62e-06
1507228627	7.63e-06
1507228688	7.63e-06
1507228749	7.64e-06
1507228809	7.62e-06
1507228870	7.59e-06
1507228930	7.57e-06
1507228991	7.55e-06
1507229051	7.54e-06
1507229112	7.52e-06
1507229172	7.51e-06
1507229233	7.51e-06
1507229293	7.51e-06
1507229354	7.52e-06
1507229414	7.52e-06
1507229474	7.53e-06
1507229535	7.53e-06
1507229596	7.54e-06
1507229656	7.55e-06
1507229717	7.55e-06
1507229777	7.56e-06
1507229838	7.57e-06
1507229898	7.57e-06
1507229959	7.57e-06
1507230019	7.54e-06
1507230080	7.52e-06
1507230140	7.5e-06
1507230201	7.49e-06
1507230261	7.47e-06
1507230322	7.46e-06
1507230382	7.45e-06
1507230443	7.45e-06
1507230503	7.46e-06
1507230564	7.46e-06
1507230624	7.48e-06
1507230685	7.47e-06
1507230745	7.48e-06
1507230806	7.49e-06
1507230866	1.86e-05
1507230927	2.67e-05
1507230987	3.24e-05
1507231048	3.66e-05
1507231108	3.99e-05
1507231169	4.23e-05
1507231229	4.41e-05
1507231290	4.55e-05
1507231350	4.65e-05
1507231411	4.74e-05
1507231471	4.81e-05
1507231532	4.87e-05
1507231592	4.94e-05
1507231653	4.99e-05
1507231713	5.04e-05
1507231774	5.09e-05
1507231834	5.13e-05
1507231895	5.17e-05
1507231955	5.2e-05
1507232016	5.23e-05
1507232076	5.26e-05
1507232137	5.29e-05
1507232197	5.31e-05
1507232258	5.33e-05
1507232318	5.35e-05
1507232379	5.34e-05
1507232439	5.33e-05
1507232500	5.32e-05
1507232560	5.3e-05
1507232621	5.3e-05
1507232681	5.29e-05
1507232742	5.29e-05
1507232802	5.3e-05
1507232863	5.31e-05
1507232923	5.32e-05
1507232984	5.34e-05
1507233044	5.35e-05
1507233105	5.37e-05
1507233165	5.38e-05
1507233226	5.39e-05
1507233286	5.4e-05
1507233347	5.41e-05
1507233407	5.42e-05
1507233467	5.43e-05
1507233528	5.44e-05
1507233588	5.43e-05
1507233649	5.41e-05
1507233709	5.39e-05
1507233770	5.37e-05
1507233831	5.35e-05
1507233891	5.34e-05
1507233952	5.33e-05
1507234012	5.33e-05
1507234073	5.33e-05
1507234133	5.34e-05
1507234194	5.36e-05
1507234254	5.37e-05
1507234315	5.38e-05
1507234375	5.39e-05
1507234436	5.4e-05
1507234496	5.41e-05
1507234557	5.41e-05
1507234617	5.42e-05
1507234678	5.43e-05
1507234738	5.44e-05
1507234799	5.42e-05
1507234859	5.4e-05
1507234920	5.37e-05
1507234980	5.35e-05
1507235041	5.34e-05
1507235101	5.33e-05
1507235162	5.33e-05
1507235222	5.34e-05
