Temperature read started at 2017-07-11 11:09:37 (EDT)
Time (s)	Ambient (C)	Plate (C)	Sample (C)
1499785868	30.43		-0.41		22.99
1499785942	30.31		-1.03		22.87
1499786016	30.04		-1.35		22.76
1499786090	29.92		-0.88		22.58
1499786164	29.73		-1.52		22.49
1499786238	29.65		-1.06		22.64
1499786312	29.65		-1.76		22.52
1499786386	29.65		-1.38		22.49
1499786460	29.61		-1.17		22.49
1499786534	29.77		-1.38		22.64
1499786609	29.77		-1.32		22.40
1499786683	29.84		-1.20		22.70
1499786757	29.96		-1.29		22.61
1499786831	29.96		-1.14		22.79
1499786905	30.04		-0.91		22.87
1499786979	30.00		-0.73		22.90
1499787053	30.04		-1.41		22.87
1499787127	30.16		-0.97		22.93
1499787201	30.27		-1.11		22.96
1499787275	30.23		-0.79		23.05
1499787349	30.35		-1.06		23.08
1499787423	30.47		-1.03		22.99
1499787497	30.51		-0.73		23.08
1499787571	30.51		-0.82		23.02
1499787645	30.51		-1.06		23.11
1499787719	30.70		-0.26		23.31
1499787793	30.63		-0.56		23.28
1499787867	30.63		-0.59		23.20
1499787941	30.78		-0.32		23.23
1499788015	30.78		-0.65		23.37
1499788089	30.94		-0.41		23.26
1499788163	30.94		-0.06		23.46
1499788237	30.98		-0.03		23.46
1499788311	31.06		0.09		23.64
1499788385	30.98		-0.26		23.70
1499788459	30.86		-0.15		23.46
1499788533	30.66		0.29		23.34
1499788607	30.47		-0.35		23.26
1499788681	30.27		-0.03		23.11
1499788755	30.00		-1.50		22.99
1499788829	29.92		-3.08		22.67
1499788903	29.88		-5.37		22.67
1499788977	29.84		-8.65		22.49
1499789051	29.88		-11.99		22.14
1499789125	29.84		-13.61		22.02
1499789199	29.88		-15.57		21.91
1499789273	29.92		-18.45		21.70
1499789347	29.96		-19.77		21.58
1499789421	29.96		-20.18		21.61
1499789495	30.12		-20.50		21.44
1499789569	30.16		-21.06		21.47
1499789643	30.27		-21.44		21.41
1499789717	30.20		-21.11		21.41
1499789791	30.35		-21.17		21.38
1499789865	30.43		-20.67		21.38
1499789939	30.43		-20.73		21.41
1499790013	30.59		-20.88		21.29
1499790087	30.55		-21.09		21.38
1499790161	30.55		-20.88		21.64
1499790235	30.51		-21.00		21.55
1499790310	30.27		-20.91		21.38
1499790384	30.12		-21.35		21.29
1499790458	29.84		-20.73		21.23
1499790532	29.80		-21.09		21.17
1499790606	29.65		-20.85		21.11
1499790680	29.61		-20.56		20.97
1499790754	29.65		-20.88		21.06
1499790828	29.53		-20.56		21.06
1499790902	29.61		-20.18		21.14
1499790976	29.69		-20.38		21.03
1499791050	29.65		-20.35		20.91
1499791124	29.73		-19.85		21.06
1499791198	29.88		-19.77		21.03
1499791272	29.88		-19.85		20.97
1499791346	29.88		-19.71		21.09
1499791420	30.04		-19.68		21.06
1499791494	30.08		-19.18		21.06
1499791568	30.12		-19.09		21.11
1499791642	30.27		-18.68		21.09
1499791716	30.23		-18.91		21.11
1499791790	30.23		-18.56		21.29
1499791864	30.43		-17.98		21.17
1499791938	30.43		-18.12		21.29
1499792012	30.55		-18.01		21.32
1499792086	30.66		-17.86		21.35
1499792160	30.66		-17.65		21.41
1499796306	30.66		-17.10		21.55
1499796380	29.88		-18.30		21.09
1499796454	29.88		-18.80		21.09
1499796528	30.00		-18.83		20.88
1499796602	30.16		-18.68		20.91
1499796676	30.27		-19.21		21.11
1499796750	30.31		-18.56		21.32
1499796824	30.39		-18.71		20.97
1499796898	30.43		-18.36		21.29
1499796972	30.55		-18.83		21.38
1499797046	30.63		-19.27		21.32
1499797120	30.59		-18.83		21.47
1499797194	30.47		-18.89		21.44
1499797268	30.31		-18.91		21.52
1499797342	30.08		-18.94		21.44
1499797416	29.92		-19.06		21.32
1499797490	29.65		-19.06		21.23
1499797564	29.65		-18.56		21.20
1499797638	29.61		-18.86		21.17
1499797712	29.57		-19.24		21.06
1499797786	29.61		-20.18		20.94
1499797860	29.61		-21.58		20.85
1499797934	29.65		-23.08		20.82
1499798008	29.73		-25.07		20.62
1499798082	29.73		-27.33		20.59
1499798156	29.88		-29.82		20.53
1499798230	29.84		-31.99		20.44
1499798304	30.04		-33.34		20.35
1499798378	30.08		-35.28		20.26
1499798452	30.16		-37.42		20.21
1499798526	30.27		-37.65		20.06
1499798600	30.39		-39.24		20.06
1499798674	30.35		-39.85		19.97
1499798748	30.51		-39.33		20.06
1499798822	30.59		-40.21		20.00
1499798896	30.59		-39.65		20.06
1499798970	30.59		-39.74		19.91
1499799044	30.20		-39.97		19.94
1499799118	30.16		-40.12		19.79
1499799192	29.92		-40.53		19.77
1499799266	29.73		-39.94		19.65
1499799340	29.65		-40.67		19.53
1499799414	29.57		-38.91		19.71
1499799488	29.57		-39.30		19.65
1499799562	29.53		-39.59		19.68
1499802671	29.65		-40.03		19.53
1499802745	30.59		-38.62		20.15
1499802819	30.70		-38.50		20.21
1499802893	30.39		-38.45		19.91
1499802967	30.35		-38.77		19.94
1499803041	30.04		-38.01		19.85
1499803115	29.88		-37.77		19.79
1499803189	29.73		-38.04		19.77
1499803263	29.65		-38.18		19.74
1499803337	29.65		-37.77		19.97
1499803411	29.61		-37.95		19.79
1499803485	29.77		-38.42		19.85
1499803559	29.73		-37.77		19.85
1499803633	29.61		-38.30		19.88
1499803707	29.88		-38.39		19.94
1499803781	29.96		-38.30		20.00
1499803855	29.96		-38.33		19.94
1499803929	30.12		-37.77		20.12
1499804003	30.16		-38.33		20.12
1499804077	30.23		-38.15		20.21
1499804151	30.23		-38.24		20.23
1499804225	30.35		-38.12		20.23
1499804299	30.43		-38.18		20.18
1499804373	30.47		-39.30		20.18
1499804447	30.47		-40.94		20.09
1499804521	30.55		-43.64		20.15
1499804596	30.55		-46.22		19.97
1499804670	30.63		-49.38		19.85
1499804744	30.74		-52.76		19.82
1499804818	30.74		-57.24		19.68
1499804892	30.78		-59.94		19.59
1499804966	30.78		-59.91		19.65
1499805040	30.90		-60.70		19.44
1499805114	30.90		-60.18		19.41
1499805188	30.94		-60.38		19.44
1499805262	30.98		-59.88		19.44
1499805336	31.02		-60.41		19.53
1499805410	30.78		-60.29		19.47
1499805484	30.47		-59.74		19.27
1499805558	30.31		-60.03		19.21
1499805632	30.12		-60.53		19.27
1499805706	30.00		-60.29		19.24
1499805780	29.84		-59.91		19.06
1499805854	29.80		-60.09		18.97
1499805928	29.77		-60.09		18.97
1499806002	29.69		-60.29		19.00
1499806076	29.77		-59.35		18.91
1499806150	29.77		-58.86		19.00
1499806224	29.84		-58.56		18.89
1499806298	30.00		-58.83		19.06
1499806372	29.96		-58.53		19.12
1499806446	30.16		-57.07		19.21
1499806520	30.20		-57.01		19.18
1499806594	30.16		-56.63		19.30
1499806668	30.35		-55.75		19.30
1499806742	30.43		-55.92		19.27
1499806816	30.47		-54.11		19.33
1499806890	30.59		-54.13		19.27
1499806964	30.63		-54.13		19.44
1499807038	30.63		-54.02		19.38
1499807112	30.66		-54.08		19.38
1499807186	30.82		-55.22		19.38
1499807260	30.86		-56.80		19.50
1499807334	30.82		-56.92		19.44
1499807408	30.74		-57.77		19.47
1499807482	30.82		-57.68		19.41
1499807556	30.82		-58.27		19.47
1499807630	30.86		-58.71		19.50
1499807704	30.90		-58.77		19.50
1499807778	30.90		-58.89		19.53
1499807852	30.86		-58.77		19.38
1499807926	30.90		-59.06		19.50
1499808000	30.90		-58.62		19.50
1499808074	30.94		-59.38		19.62
1499808148	30.90		-58.71		19.65
1499808223	31.02		-59.44		19.79
1499808297	30.94		-58.36		19.82
1499808371	31.02		-57.51		19.85
1499808445	31.02		-58.56		19.82
1499808519	31.02		-58.39		19.91
1499808593	30.98		-57.74		19.79
1499808667	30.78		-57.24		19.88
1499808741	30.59		-57.45		19.97
1499808815	30.27		-57.33		19.88
1499808889	30.04		-56.48		19.77
1499808963	29.80		-57.30		19.50
1499809037	29.77		-57.13		19.38
1499809111	29.61		-57.01		19.33
1499809185	29.61		-57.04		19.35
1499809259	29.69		-57.68		19.27
1499809333	29.57		-57.51		19.27
1499809407	29.57		-57.18		19.18
1499809481	29.65		-57.54		19.21
1499809555	29.73		-58.42		19.27
1499809629	29.88		-57.89		19.24
1499809703	29.88		-58.71		19.30
1499809777	29.92		-58.15		19.12
1499809851	29.96		-59.00		19.24
1499809925	30.08		-58.68		19.18
1499809999	30.12		-57.98		19.15
1499810073	30.20		-57.98		19.18
1499810147	30.23		-58.48		19.18
1499810221	30.27		-59.15		19.27
1499810295	30.31		-60.67		19.27
1499810369	30.35		-63.84		19.24
1499810443	30.43		-67.62		19.21
1499810517	30.35		-70.94		19.18
1499810591	30.51		-72.90		19.03
1499810665	30.51		-76.16		19.03
1499810739	30.51		-78.53		19.00
1499810813	30.51		-78.89		18.86
1499810887	30.59		-79.79		18.86
1499810961	30.66		-80.06		18.83
1499811035	30.63		-80.44		18.91
1499811109	30.74		-80.32		18.86
1499811183	30.63		-79.94		18.91
1499811257	30.70		-79.53		18.74
1499811331	30.78		-79.68		18.80
1499811405	30.86		-79.68		18.80
1499811479	30.86		-78.91		18.97
1499811553	30.86		-79.27		18.97
1499811627	30.90		-78.77		18.91
1499811701	30.98		-78.42		18.97
1499811775	30.86		-78.04		19.06
1499811850	30.94		-77.24		19.06
1499811924	30.98		-77.83		19.00
1499811998	31.09		-76.07		19.03
1499812072	30.98		-75.13		19.12
1499812146	31.02		-75.78		19.21
1499812220	30.90		-74.96		19.09
1499812294	30.74		-73.96		19.06
1499812368	30.31		-74.19		18.97
1499812442	30.16		-74.96		18.86
1499812516	29.84		-75.13		18.59
1499812590	29.69		-76.57		18.53
1499812664	29.45		-76.74		18.48
1499812738	29.41		-78.12		18.36
1499812812	29.37		-79.06		18.24
1499812886	29.37		-79.30		18.24
1499812960	29.41		-79.21		18.30
1499813034	29.45		-79.12		18.33
1499813108	29.41		-78.56		18.30
1499813182	29.45		-78.45		18.33
1499813256	29.57		-79.33		18.36
1499813330	29.69		-78.15		18.36
1499813404	29.73		-77.89		18.39
1499813478	29.80		-77.95		18.27
1499813552	29.92		-78.21		18.56
1499813626	29.84		-77.86		18.33
1499813700	30.00		-76.69		18.71
1499813774	30.08		-76.74		18.65
1499813848	30.08		-76.01		18.80
1499813922	30.20		-76.04		18.83
1499813996	30.27		-76.13		18.94
1499814070	30.23		-76.48		18.86
1499814144	30.39		-76.92		18.94
1499814218	30.39		-77.62		19.09
1499814292	30.47		-77.92		19.09
1499814366	30.47		-77.54		19.21
1499814440	30.55		-79.30		19.09
1499814514	30.59		-79.44		19.06
1499814588	30.55		-82.67		19.03
1499814662	30.63		-86.69		18.91
1499814736	30.55		-92.26		18.80
1499814810	30.66		-93.05		18.77
1499814884	30.63		-97.10		18.71
1499814958	30.74		-98.65		18.53
1499815032	30.74		-98.56		18.59
1499815106	30.82		-99.15		18.68
1499815180	30.86		-99.38		18.56
1499815254	30.86		-99.09		18.56
1499815328	30.82		-99.30		18.56
1499815402	30.98		-99.21		18.56
1499815476	30.90		-99.44		18.65
1499815551	31.06		-99.27		18.59
1499815625	31.02		-98.42		18.59
1499815699	31.02		-97.39		18.71
1499815773	31.02		-98.12		18.62
1499815847	30.74		-96.54		18.59
1499815921	30.47		-97.65		18.65
1499815995	30.23		-95.95		18.39
1499816069	29.92		-94.52		18.21
1499816143	29.73		-94.34		18.18
1499816217	29.65		-94.22		18.15
1499816291	29.49		-94.78		18.01
1499816365	29.53		-95.16		17.89
1499816439	29.41		-96.13		17.86
1499816513	29.41		-98.42		17.83
1499816587	29.45		-98.62		17.83
1499816661	29.49		-98.65		17.83
1499816735	29.61		-98.24		17.89
1499816809	29.65		-99.18		17.74
1499816883	29.65		-98.12		17.83
1499816957	29.77		-97.71		17.89
1499817031	29.88		-97.95		17.92
1499817105	29.96		-98.30		17.74
1499817179	30.04		-97.95		17.95
1499817253	30.04		-97.24		18.12
1499817327	30.12		-96.77		18.09
1499817401	30.20		-95.01		18.18
1499817475	30.27		-94.99		18.15
1499817549	30.39		-95.57		18.39
1499817623	30.43		-95.72		18.27
1499817697	30.47		-95.69		18.45
1499817771	30.51		-96.28		18.48
1499817845	30.55		-97.48		18.65
1499817919	30.51		-98.36		18.62
1499817993	30.55		-98.48		18.50
1499818067	30.55		-97.89		18.62
1499818141	30.20		-98.12		18.65
1499818215	30.04		-98.83		18.53
1499818289	29.84		-98.53		18.39
1499818363	29.61		-98.15		18.21
1499818437	29.45		-97.95		18.09
1499818511	29.37		-96.83		18.04
1499818585	29.45		-96.48		17.89
1499818659	29.34		-96.80		18.01
1499818733	29.26		-96.83		17.80
1499818807	29.37		-96.74		17.86
1499818881	29.45		-96.25		17.83
1499818955	29.57		-96.28		17.80
1499819029	29.61		-95.75		17.89
1499819103	29.73		-96.86		17.89
1499819177	29.69		-96.63		17.95
1499819252	29.80		-96.33		17.92
1499819326	29.88		-96.54		17.80
1499819400	29.96		-95.10		17.92
1499819474	30.00		-96.16		17.98
1499819548	30.04		-96.33		17.98
1499819622	30.23		-94.96		17.95
1499819696	30.23		-95.63		17.95
1499819770	30.31		-94.57		18.01
1499819844	30.35		-95.37		18.18
1499819918	30.47		-95.43		18.12
1499819992	30.43		-95.66		18.24
1499820066	30.55		-94.11		18.09
1499820140	30.47		-94.28		18.18
1499820214	30.27		-94.52		18.21
1499820288	30.04		-94.63		18.04
1499820362	29.69		-94.63		17.95
1499820436	29.61		-93.99		17.89
1499820510	29.45		-93.49		17.77
1499820584	29.26		-94.19		17.68
1499829836	29.22		-93.14		17.77
1499829910	29.88		-78.83		18.97
1499829984	29.96		-79.27		18.80
1499830058	30.00		-79.24		18.62
1499830132	30.12		-79.03		18.65
1499830206	30.12		-79.15		18.68
1499830280	30.16		-78.77		18.68
1499830354	30.31		-78.45		18.71
1499830428	30.31		-78.27		18.77
1499830502	30.35		-78.01		18.71
1499830576	30.43		-78.94		18.77
1499830650	30.39		-78.42		18.68
1499830724	30.47		-78.09		18.74
1499830798	30.51		-77.48		18.74
1499830872	30.55		-78.01		18.74
1499830946	30.55		-77.62		18.77
1499831020	30.55		-77.65		18.86
1499831094	30.70		-76.98		18.86
1499831168	30.70		-77.60		18.77
1499831242	30.66		-76.72		18.83
1499831316	30.74		-76.95		19.00
1499831390	30.70		-77.27		19.12
1499831464	30.78		-77.71		18.91
1499831538	30.86		-76.42		19.00
1499842863	30.86		-76.16		18.91
1499842937	30.98		-60.88		19.71
1499843011	30.98		-60.79		19.94
1499843085	30.94		-61.20		19.62
1499843159	30.94		-61.61		19.44
1499843233	30.94		-60.15		19.50
1499843307	30.98		-60.38		19.59
1499843381	30.98		-59.88		19.91
1499843455	31.02		-60.62		19.62
1499843529	31.02		-61.00		19.18
1499843603	31.02		-59.82		19.97
1499843677	30.98		-59.50		19.79
1499843751	31.02		-59.56		19.82
1499843825	30.98		-58.91		19.88
