Pfeiffer read started at 2017-07-19 13:20:57 (EDT)
Time (s)	Pressure (Torr)
1500484859	5.28e-06
1500484920	5.16e-06
1500484980	5.16e-06
1500485040	5.15e-06
1500485101	5.15e-06
1500485161	5.15e-06
1500485222	5.15e-06
1500485282	5.15e-06
1500485343	5.15e-06
1500485403	5.15e-06
1500485464	5.15e-06
1500485524	5.15e-06
1500485584	5.15e-06
1500485645	5.42e-06
1500485705	5.37e-06
1500485766	5.35e-06
1500485826	5.33e-06
1500485887	5.31e-06
1500485947	5.28e-06
1500486008	5.08e-06
1500486068	4.96e-06
1500486128	4.92e-06
1500486189	5.32e-06
Pfeiffer read started at 2017-07-19 15:33:46 (EDT)
Time (s)	Pressure (Torr)
Pfeiffer read started at 2017-07-19 15:39:43 (EDT)
Time (s)	Pressure (Torr)
1500493185	3.59e-06
1500493245	3.72e-06
1500493306	3.7e-06
1500493366	3.57e-06
1500493427	3.71e-06
1500493487	3.85e-06
1500493547	3.83e-06
Pfeiffer read started at 2017-07-19 15:51:58 (EDT)
Time (s)	Pressure (Torr)
1500493920	5.16e-06
Pfeiffer read started at 2017-07-19 15:56:26 (EDT)
Time (s)	Pressure (Torr)
1500494188	4.46e-06
1500494248	4.44e-06
1500494309	4.4e-06
1500494369	4.37e-06
1500494429	4.36e-06
1500494490	4.34e-06
1500494550	4.33e-06
1500494611	4.31e-06
1500494671	4.31e-06
1500494732	4.3e-06
1500494792	4.29e-06
1500494853	4.28e-06
1500494913	4.27e-06
Pfeiffer read started at 2017-07-19 16:11:27 (EDT)
Time (s)	Pressure (Torr)
1500495089	4.26e-06
1500495150	4.25e-06
Pfeiffer read started at 2017-07-19 16:28:58 (EDT)
Time (s)	Pressure (Torr)
Pfeiffer read started at 2017-07-19 16:43:58 (EDT)
Time (s)	Pressure (Torr)
