Pfeiffer read started at 2017-07-06 15:07:07 (EDT)
Time (s)	Pressure (Torr)
1499368029	6e-08
1499368089	5.94e-08
1499368150	5.88e-08
1499368210	5.84e-08
1499368270	5.84e-08
1499368331	5.85e-08
1499368391	5.85e-08
1499368452	5.86e-08
1499368512	5.87e-08
1499368573	5.87e-08
1499368633	5.88e-08
1499368694	5.88e-08
1499368754	5.89e-08
1499368814	5.89e-08
1499368875	5.9e-08
1499368935	5.9e-08
1499368996	5.91e-08
1499369056	5.91e-08
1499369117	5.92e-08
1499369177	5.92e-08
1499369238	5.92e-08
1499369298	5.93e-08
1499369358	5.93e-08
1499369419	5.94e-08
1499369479	5.94e-08
1499369540	5.94e-08
1499369600	5.95e-08
1499369661	5.95e-08
1499369721	5.95e-08
1499369782	5.96e-08
1499369842	5.9e-08
1499369903	5.84e-08
1499369963	5.79e-08
1499370023	5.75e-08
1499370084	5.73e-08
1499370144	5.74e-08
1499370205	5.74e-08
1499370265	5.75e-08
1499370326	5.77e-08
1499370386	5.77e-08
1499370447	5.78e-08
1499370507	5.78e-08
1499370567	5.79e-08
1499370628	5.8e-08
1499370688	5.8e-08
1499370749	5.81e-08
1499370809	5.81e-08
1499370870	5.82e-08
1499370930	5.82e-08
1499370991	5.83e-08
1499371051	5.83e-08
1499371111	5.84e-08
1499371172	5.83e-08
1499371232	5.84e-08
1499371293	5.85e-08
1499371353	5.86e-08
1499371414	5.86e-08
1499371474	5.86e-08
1499371535	5.87e-08
1499371595	5.87e-08
1499371655	5.88e-08
1499371716	5.88e-08
1499371776	5.87e-08
1499371837	5.81e-08
1499371897	5.76e-08
1499371958	5.7e-08
1499372018	5.69e-08
1499372079	5.69e-08
1499372139	5.7e-08
1499372199	5.7e-08
1499372260	5.71e-08
1499372320	5.72e-08
1499372381	5.73e-08
1499372441	5.74e-08
1499372502	5.75e-08
1499372562	5.75e-08
1499372623	5.76e-08
1499372683	5.77e-08
1499372744	5.78e-08
1499372804	5.78e-08
1499372864	5.78e-08
1499372925	5.79e-08
1499372985	5.8e-08
1499373046	5.8e-08
1499373106	5.8e-08
1499373167	5.81e-08
1499373227	5.82e-08
1499373288	5.82e-08
1499373348	5.83e-08
1499373408	5.84e-08
1499373469	5.82e-08
1499373529	5.76e-08
1499373590	5.7e-08
1499373650	5.65e-08
1499373711	5.64e-08
1499373771	5.64e-08
1499373832	5.64e-08
1499373892	5.65e-08
1499373952	5.66e-08
1499374013	5.67e-08
1499374073	5.68e-08
1499374134	5.68e-08
1499374194	5.69e-08
1499374255	5.69e-08
1499374315	5.7e-08
1499374376	5.7e-08
1499374436	5.71e-08
1499374496	5.71e-08
1499374557	5.72e-08
1499374617	5.73e-08
1499374678	5.73e-08
1499374738	5.73e-08
1499374799	5.74e-08
1499374859	5.74e-08
1499374920	5.75e-08
1499374980	5.75e-08
1499375040	5.76e-08
1499375101	5.76e-08
1499375161	5.77e-08
1499375222	5.77e-08
1499375282	5.76e-08
1499375343	5.71e-08
1499375403	5.64e-08
1499375464	5.6e-08
1499375524	5.58e-08
1499375584	5.58e-08
1499375645	5.59e-08
1499375705	5.6e-08
1499375766	5.6e-08
1499375826	5.61e-08
1499375887	5.62e-08
1499375947	5.62e-08
1499376008	5.64e-08
1499376068	5.64e-08
1499376129	5.65e-08
1499429118	6.14e-08
1499429182	6.14e-08
1499429242	6.14e-08
1499429302	6.14e-08
1499429363	6.14e-08
1499429423	6.15e-08
1499429484	6.14e-08
1499429544	6.15e-08
1499429605	6.15e-08
1499429665	6.15e-08
1499429726	6.15e-08
1499429786	6.15e-08
1499429846	6.15e-08
1499429907	6.15e-08
1499429967	6.15e-08
1499430028	6.15e-08
1499430088	6.15e-08
1499430149	6.15e-08
1499430209	6.15e-08
1499430270	6.15e-08
1499430330	6.15e-08
1499430391	6.15e-08
1499430451	6.15e-08
1499430511	6.15e-08
1499430572	6.15e-08
1499430632	6.15e-08
1499430693	6.15e-08
1499430753	6.15e-08
1499430814	6.15e-08
1499430874	6.16e-08
1499444575	5.8e-08
1499444635	5.8e-08
1499444695	5.8e-08
1499444756	5.8e-08
1499444816	5.81e-08
1499444877	5.82e-08
1499444937	5.82e-08
1499444998	5.82e-08
1499445058	5.82e-08
1499445119	5.79e-08
1499445179	5.73e-08
1499445239	5.68e-08
1499445300	5.64e-08
1499445360	5.61e-08
1499445421	5.6e-08
1499445481	5.61e-08
1499445542	5.61e-08
1499445602	5.62e-08
1499445663	5.64e-08
1499445723	5.64e-08
1499445783	5.65e-08
1499445844	5.65e-08
1499445904	5.66e-08
1499445965	5.67e-08
1499446025	5.67e-08
1499446086	5.68e-08
1499446146	5.69e-08
1499446207	5.69e-08
1499446267	5.7e-08
1499446327	5.71e-08
1499446388	5.7e-08
1499446448	5.71e-08
1499446509	5.72e-08
1499446569	5.72e-08
1499446630	5.73e-08
1499446690	5.73e-08
1499446751	5.75e-08
1499446811	5.74e-08
1499446872	5.75e-08
1499446932	5.75e-08
1499446992	5.76e-08
1499447053	5.76e-08
1499447113	5.77e-08
1499447174	5.74e-08
1499447234	5.69e-08
1499447295	5.64e-08
1499447355	5.6e-08
1499447416	5.57e-08
1499447476	5.56e-08
1499447536	5.56e-08
1499447597	5.58e-08
1499447657	5.58e-08
1499447718	5.59e-08
1499447778	5.6e-08
1499447839	5.61e-08
1499447899	5.61e-08
1499447960	5.62e-08
1499448020	5.62e-08
1499448080	5.63e-08
1499448141	5.64e-08
1499448201	5.64e-08
1499448262	5.65e-08
1499448322	5.65e-08
1499448383	5.66e-08
1499448443	5.66e-08
1499448504	5.67e-08
1499448564	5.67e-08
1499448624	5.68e-08
1499448685	5.68e-08
1499448745	5.68e-08
1499448806	5.69e-08
1499448866	5.7e-08
1499448927	5.7e-08
1499448987	5.71e-08
1499449048	5.71e-08
1499449108	5.72e-08
1499449168	5.72e-08
1499449229	5.73e-08
1499449289	5.73e-08
1499449350	5.71e-08
1499449410	5.66e-08
1499449471	5.6e-08
1499449531	5.56e-08
1499449592	5.53e-08
1499449652	5.52e-08
1499449712	5.53e-08
1499449773	5.53e-08
1499449833	5.54e-08
1499449894	5.55e-08
1499449954	5.56e-08
1499450015	5.56e-08
1499450075	5.57e-08
1499450136	5.58e-08
1499450196	5.58e-08
1499450257	5.59e-08
1499450317	5.6e-08
1499450377	5.6e-08
1499450438	5.61e-08
1499450498	5.61e-08
1499450559	5.62e-08
1499450619	5.62e-08
1499450680	5.63e-08
1499450740	5.63e-08
1499450801	5.64e-08
1499450861	5.64e-08
1499450921	5.65e-08
1499450982	5.66e-08
1499451042	5.66e-08
1499451103	5.66e-08
1499451163	5.67e-08
1499451224	5.67e-08
1499451284	5.68e-08
1499451345	5.68e-08
1499451405	5.68e-08
1499451465	5.68e-08
1499451526	5.65e-08
1499451586	5.59e-08
1499451647	5.54e-08
1499451707	5.5e-08
1499451768	5.49e-08
1499451828	5.48e-08
1499451889	5.48e-08
1499451949	5.49e-08
1499452009	5.5e-08
1499452070	5.51e-08
1499452130	5.52e-08
1499452191	5.52e-08
1499452251	5.53e-08
1499452312	5.54e-08
1499452372	5.55e-08
1499452433	5.56e-08
1499452493	5.56e-08
1499452553	5.56e-08
1499452614	5.57e-08
1499452674	5.58e-08
1499452735	5.58e-08
1499452795	5.59e-08
1499452856	5.6e-08
1499452916	5.6e-08
1499452977	5.6e-08
1499453037	5.61e-08
1499453098	5.62e-08
1499453158	5.62e-08
1499453218	5.63e-08
1499453279	5.63e-08
1499453339	5.64e-08
1499453400	5.64e-08
1499453460	5.65e-08
1499453521	5.65e-08
1499453581	5.66e-08
1499453642	5.64e-08
1499453702	5.59e-08
1499453762	5.54e-08
1499453823	5.49e-08
1499453883	5.47e-08
1499453944	5.46e-08
1499454004	5.47e-08
1499454065	5.48e-08
1499454125	5.49e-08
1499454186	5.49e-08
1499454246	5.5e-08
1499454306	5.51e-08
1499454367	5.52e-08
1499454427	5.52e-08
1499454488	5.53e-08
1499454548	5.54e-08
1499454609	5.54e-08
1499454669	5.55e-08
1499454730	5.56e-08
1499454790	5.56e-08
1499454851	5.57e-08
1499454911	5.57e-08
1499454971	5.57e-08
1499455032	5.58e-08
1499455092	5.59e-08
1499455153	5.59e-08
1499455213	5.6e-08
1499455274	5.61e-08
1499455334	5.61e-08
1499455395	5.61e-08
1499455455	5.62e-08
1499455515	5.62e-08
1499455576	5.63e-08
1499455636	5.64e-08
1499455697	5.64e-08
1499455757	5.61e-08
1499455818	5.56e-08
1499455878	5.51e-08
1499455939	5.47e-08
1499455999	5.45e-08
1499456060	5.45e-08
1499456120	5.45e-08
1499456180	5.47e-08
1499456241	5.48e-08
1499456301	5.48e-08
1499456362	5.49e-08
1499456422	5.5e-08
1499456483	5.5e-08
1499456543	5.51e-08
1499456604	5.52e-08
1499456664	5.53e-08
1499456724	5.54e-08
1499456785	5.54e-08
1499456845	5.55e-08
1499456906	5.55e-08
1499456966	5.56e-08
1499457027	5.57e-08
1499457087	5.57e-08
1499457148	5.57e-08
1499457208	5.58e-08
1499457268	5.59e-08
1499457329	5.59e-08
1499457389	5.6e-08
1499457450	5.6e-08
1499457510	5.61e-08
1499457571	5.61e-08
1499457631	5.61e-08
1499457692	5.62e-08
1499457752	5.63e-08
1499457812	5.63e-08
1499457873	5.64e-08
1499457933	5.64e-08
1499457994	5.61e-08
1499458054	5.55e-08
1499458115	5.51e-08
1499458175	5.46e-08
1499458236	5.44e-08
1499458296	5.44e-08
1499458356	5.44e-08
1499458417	5.45e-08
1499458477	5.46e-08
1499458538	5.47e-08
1499458598	5.48e-08
1499458659	5.48e-08
1499458719	5.49e-08
1499458780	5.5e-08
1499458840	5.51e-08
1499458901	5.51e-08
1499458961	5.52e-08
1499459021	5.52e-08
1499459082	5.53e-08
1499459142	5.54e-08
1499459203	5.55e-08
1499459263	5.55e-08
1499459324	5.56e-08
1499459384	5.56e-08
1499459445	5.57e-08
1499459505	5.57e-08
1499459565	5.58e-08
1499459626	5.59e-08
1499459686	5.59e-08
1499459747	5.59e-08
1499459807	5.6e-08
1499459868	5.6e-08
1499459928	5.61e-08
1499459989	5.62e-08
1499460049	5.62e-08
1499460109	5.63e-08
1499460170	5.63e-08
1499460230	5.58e-08
1499460291	5.52e-08
1499460351	5.48e-08
1499460412	5.44e-08
1499460472	5.43e-08
1499460533	5.43e-08
1499460593	5.44e-08
1499460653	5.45e-08
1499460714	5.46e-08
1499460774	5.47e-08
1499460835	5.48e-08
1499460895	5.49e-08
1499460956	5.49e-08
1499461016	5.5e-08
1499461077	5.51e-08
1499461137	5.51e-08
1499461197	5.52e-08
1499461258	5.52e-08
1499461318	5.53e-08
1499461379	5.54e-08
1499461439	5.54e-08
1499461500	5.55e-08
1499461560	5.55e-08
1499461621	5.56e-08
1499461681	5.56e-08
1499461741	5.56e-08
1499461802	5.57e-08
1499461862	5.58e-08
1499466037	5.49e-08
1499466097	5.5e-08
1499466157	5.5e-08
1499466218	5.5e-08
1499466278	5.51e-08
1499466339	5.52e-08
1499466399	5.52e-08
1499466460	5.53e-08
1499466520	5.53e-08
1499466581	5.54e-08
1499466641	5.54e-08
1499466701	5.55e-08
1499466762	5.56e-08
1499466822	5.56e-08
1499466883	5.56e-08
1499466943	5.57e-08
1499467004	5.57e-08
1499467064	5.58e-08
1499467125	5.58e-08
1499467185	5.58e-08
1499467245	5.59e-08
1499467306	5.59e-08
1499467366	5.6e-08
1499467427	5.61e-08
1499467487	5.59e-08
1499467548	5.54e-08
1499467608	5.49e-08
1499467669	5.45e-08
1499467729	5.42e-08
1499467789	5.42e-08
1499498118	5.95e-08
1499498181	5.95e-08
1499498242	5.94e-08
1499498302	5.95e-08
1499498362	5.95e-08
1499498423	5.95e-08
1499498483	5.95e-08
1499498544	5.95e-08
1499498604	5.95e-08
1499498665	5.95e-08
1499498725	5.95e-08
1499498786	5.95e-08
1499498846	5.95e-08
1499498906	5.95e-08
1499498967	5.96e-08
1499499027	5.96e-08
1499499088	5.96e-08
1499499148	5.96e-08
1499499209	5.96e-08
1499499269	5.96e-08
1499499330	5.96e-08
1499499390	5.96e-08
1499499451	5.96e-08
1499499511	5.96e-08
1499499571	5.96e-08
1499499632	5.96e-08
1499499692	5.96e-08
1499499753	5.97e-08
1499499813	5.97e-08
1499499874	5.97e-08
1499521983	6e-08
1499522043	6e-08
1499587137	6.05e-08
1499587197	6.06e-08
1499587257	6.06e-08
1499587318	6.05e-08
1499587378	6.06e-08
1499587439	6.06e-08
1499587499	6.06e-08
1499587560	6.06e-08
1499587620	6.06e-08
1499587681	6.06e-08
1499587741	6.05e-08
1499587801	6.06e-08
1499587862	6.06e-08
1499587922	6.06e-08
1499587983	6.06e-08
1499588043	6.06e-08
1499588104	6.06e-08
1499588164	6.06e-08
1499588225	6.06e-08
1499588285	6.07e-08
1499588345	6.07e-08
1499588406	6.07e-08
1499588466	6.07e-08
1499588527	6.07e-08
1499588587	6.07e-08
1499588648	6.07e-08
1499588708	6.07e-08
1499588769	6.07e-08
1499588829	6.07e-08
1499588890	6.07e-08
1499588950	6.07e-08
1499589010	6.07e-08
1499589071	6.07e-08
1499589131	6.07e-08
1499589192	6.07e-08
1499589252	6.07e-08
1499589313	6.08e-08
1499589373	6.07e-08
1499589434	6.08e-08
1499589494	6.07e-08
1499589554	6.07e-08
1499589615	6.07e-08
1499589675	6.07e-08
1499589736	6.07e-08
1499589796	6.07e-08
1499589857	6.07e-08
1499589917	6.07e-08
1499589978	6.08e-08
1499590038	6.07e-08
1499590098	6.07e-08
1499607026	5.78e-08
1499607090	5.78e-08
1499607150	5.78e-08
1499607211	5.78e-08
1499607271	5.79e-08
1499607331	5.79e-08
1499607392	5.79e-08
1499607452	5.8e-08
1499607513	5.8e-08
1499607573	5.8e-08
1499607634	5.8e-08
1499607694	5.81e-08
1499607755	5.81e-08
1499607815	5.81e-08
1499607875	5.81e-08
1499607936	5.81e-08
1499607996	5.82e-08
1499608057	5.82e-08
1499608117	5.82e-08
1499608178	5.82e-08
1499608238	5.82e-08
1499608299	5.82e-08
1499608359	5.82e-08
1499608419	5.83e-08
1499608480	5.83e-08
1499608540	5.83e-08
1499608601	5.84e-08
1499608661	5.84e-08
1499608722	5.84e-08
1499608782	5.84e-08
1499667235	6.08e-08
1499667295	6.08e-08
1499667355	6.08e-08
1499667416	6.08e-08
1499667476	6.08e-08
1499667537	6.08e-08
1499667597	6.08e-08
1499667658	6.08e-08
1499667718	6.09e-08
1499667779	6.09e-08
1499667839	6.09e-08
1499667899	6.09e-08
1499667960	6.09e-08
1499668020	6.09e-08
1499668081	6.09e-08
1499668141	6.09e-08
1499668202	6.09e-08
1499668262	6.1e-08
1499668323	6.1e-08
1499668383	6.1e-08
1499668444	6.1e-08
1499668504	6.1e-08
1499668564	6.1e-08
1499668625	6.1e-08
1499668685	6.11e-08
1499668746	6.11e-08
1499668806	6.1e-08
1499668867	6.1e-08
1499668927	6.11e-08
1499668988	6.11e-08
1499684316	6.17e-08
1499684379	6.17e-08
1499684440	6.17e-08
1499684500	6.17e-08
1499684561	6.17e-08
1499684621	6.17e-08
1499684681	6.18e-08
1499684742	6.18e-08
1499684802	6.18e-08
1499684863	6.18e-08
1499684923	6.18e-08
1499684984	6.19e-08
1499685044	6.19e-08
1499685105	6.19e-08
1499685165	6.19e-08
1499685225	6.19e-08
1499685286	6.19e-08
1499685346	6.2e-08
1499685407	6.2e-08
1499685467	6.19e-08
1499685528	6.2e-08
1499685588	6.15e-08
1499685649	6.09e-08
1499685709	6.05e-08
1499685769	6.04e-08
1499685830	6.04e-08
1499685890	6.05e-08
1499685951	6.05e-08
1499686011	6.05e-08
1499686072	6.06e-08
1499686132	6.06e-08
1499686193	6.07e-08
1499686253	6.06e-08
1499686313	6.07e-08
1499686374	6.07e-08
1499686434	6.08e-08
1499686495	6.08e-08
1499686555	6.08e-08
1499686616	6.09e-08
1499686676	6.09e-08
1499686737	6.09e-08
1499697929	5.85e-08
1499697993	5.86e-08
1499698054	5.86e-08
1499698114	5.87e-08
1499698175	5.87e-08
1499698235	5.84e-08
1499698295	5.79e-08
1499698356	5.73e-08
1499698416	5.69e-08
1499698477	5.68e-08
1499698537	5.68e-08
1499698598	5.69e-08
1499698658	5.7e-08
1499698719	5.71e-08
1499698779	5.72e-08
1499698839	5.72e-08
1499698900	5.73e-08
1499698960	5.73e-08
1499699021	5.74e-08
1499699081	5.74e-08
1499699142	5.75e-08
1499699202	5.76e-08
1499699263	5.76e-08
1499699323	5.76e-08
1499699383	5.77e-08
1499699444	5.77e-08
1499699504	5.78e-08
1499699565	5.78e-08
1499699625	5.79e-08
1499699686	5.8e-08
1499700898	5.67e-08
1499700959	5.67e-08
1499701019	5.68e-08
1499701080	5.69e-08
1499701140	5.69e-08
1499701201	5.7e-08
1499701261	5.7e-08
1499701322	5.71e-08
1499701382	5.72e-08
1499701442	5.72e-08
1499701503	5.73e-08
1499701563	5.73e-08
1499701624	5.74e-08
1499701684	5.74e-08
1499701745	5.75e-08
1499701805	5.75e-08
1499701866	5.76e-08
1499701926	5.76e-08
1499701987	5.77e-08
1499702047	5.77e-08
1499702107	5.78e-08
1499702168	5.77e-08
1499702228	5.72e-08
1499702289	5.67e-08
1499702349	5.62e-08
1499702410	5.58e-08
1499702470	5.57e-08
1499702531	5.58e-08
1499702591	5.59e-08
1499702651	5.6e-08
1499702712	5.61e-08
1499702772	5.62e-08
1499702833	5.62e-08
1499702893	5.63e-08
1499702954	5.64e-08
1499703014	5.64e-08
1499703075	5.65e-08
1499703135	5.66e-08
1499703195	5.67e-08
1499703256	5.67e-08
1499703316	5.68e-08
1499703377	5.68e-08
1499703437	5.69e-08
1499703498	5.69e-08
1499703558	5.7e-08
1499703619	5.7e-08
1499703679	5.71e-08
1499703739	5.72e-08
1499703800	5.72e-08
1499703860	5.73e-08
1499703921	5.73e-08
1499703981	5.68e-08
1499704042	5.62e-08
1499704102	5.57e-08
1499704163	5.53e-08
1499704223	5.51e-08
1499704283	5.52e-08
1499704344	5.52e-08
1499704404	5.54e-08
1499704465	5.54e-08
1499704525	5.55e-08
1499704586	5.56e-08
1499704646	5.57e-08
1499704707	5.57e-08
1499704767	5.58e-08
1499704827	5.59e-08
1499704888	5.6e-08
1499704948	5.6e-08
1499705009	5.61e-08
1499705069	5.61e-08
1499705130	5.62e-08
1499705190	5.63e-08
1499705251	5.63e-08
1499705311	5.64e-08
1499705372	5.64e-08
1499705432	5.65e-08
1499705492	5.65e-08
1499705553	5.66e-08
1499705613	5.66e-08
1499705674	5.67e-08
1499705734	5.68e-08
1499705795	5.68e-08
1499709080	5.55e-08
1499709144	5.56e-08
1499709204	5.56e-08
1499709265	5.58e-08
1499709325	5.58e-08
1499709385	5.58e-08
1499709446	5.59e-08
1499709506	5.6e-08
1499709567	5.61e-08
1499709627	5.61e-08
1499709688	5.62e-08
1499709748	5.62e-08
1499709809	5.63e-08
1499709869	5.64e-08
1499709929	5.64e-08
1499709990	5.61e-08
1499710050	5.56e-08
1499710111	5.5e-08
1499710171	5.46e-08
1499710232	5.43e-08
1499710292	5.43e-08
1499710353	5.44e-08
1499710413	5.45e-08
1499710473	5.46e-08
1499710534	5.47e-08
1499710594	5.48e-08
1499710655	5.49e-08
1499710715	5.5e-08
1499710776	5.51e-08
1499710836	5.52e-08
1499710897	5.53e-08
1499710957	5.53e-08
1499711017	5.55e-08
1499711078	5.56e-08
1499711138	5.56e-08
1499711199	5.56e-08
1499711259	5.57e-08
1499711320	5.58e-08
1499711380	5.59e-08
1499711441	5.6e-08
1499711501	5.6e-08
1499711561	5.61e-08
1499711622	5.61e-08
1499711682	5.62e-08
1499711743	5.62e-08
1499711803	5.57e-08
1499711864	5.51e-08
1499711924	5.47e-08
1499711985	5.44e-08
1499712045	5.43e-08
1499712106	5.44e-08
1499712166	5.44e-08
1499712226	5.46e-08
1499712287	5.47e-08
1499712347	5.48e-08
1499712408	5.48e-08
1499712468	5.49e-08
1499712529	5.5e-08
1499712589	5.51e-08
1499712650	5.52e-08
1499712710	5.53e-08
1499712770	5.53e-08
1499712831	5.54e-08
1499712926	5.55e-08
1499712990	5.56e-08
1499713051	5.57e-08
1499713111	5.57e-08
1499713172	5.58e-08
1499713232	5.58e-08
1499713292	5.59e-08
1499713353	5.59e-08
1499713413	5.6e-08
1499713474	5.61e-08
1499713534	5.61e-08
1499713595	5.57e-08
1499713655	5.52e-08
1499713716	5.48e-08
1499713776	5.47e-08
1499713836	5.47e-08
1499713897	5.48e-08
1499713957	5.49e-08
1499714018	5.5e-08
1499714078	5.51e-08
1499714139	5.52e-08
1499714199	5.52e-08
1499714260	5.53e-08
1499714320	5.55e-08
1499714380	5.55e-08
1499714441	5.56e-08
1499714501	5.57e-08
1499714562	5.57e-08
1499714622	5.58e-08
1499714683	5.59e-08
1499714743	5.59e-08
1499714804	5.6e-08
1499714864	5.61e-08
1499714924	5.61e-08
1499714985	5.63e-08
1499715045	5.63e-08
1499715106	5.63e-08
1499715166	5.64e-08
1499715227	5.65e-08
1499715287	5.66e-08
1499715348	5.64e-08
1499715408	5.59e-08
1499715469	5.54e-08
1499715529	5.49e-08
1499715589	5.47e-08
1499715650	5.46e-08
1499715710	5.47e-08
1499715771	5.48e-08
1499715831	5.49e-08
1499715892	5.5e-08
1499715952	5.51e-08
1499716013	5.52e-08
1499716073	5.53e-08
1499716133	5.54e-08
1499716194	5.55e-08
1499716254	5.55e-08
1499716315	5.56e-08
1499716375	5.57e-08
1499716436	5.58e-08
1499716496	5.59e-08
1499716557	5.6e-08
1499716617	5.6e-08
1499716677	5.61e-08
1499716738	5.62e-08
1499716798	5.62e-08
1499716859	5.63e-08
1499716919	5.64e-08
1499716980	5.65e-08
1499717040	5.65e-08
1499717101	5.65e-08
1499717161	5.6e-08
1499717221	5.55e-08
1499717282	5.51e-08
1499717342	5.47e-08
1499717403	5.45e-08
1499717463	5.45e-08
1499717524	5.46e-08
1499717584	5.47e-08
1499717645	5.48e-08
1499717705	5.49e-08
1499717765	5.5e-08
1499717826	5.51e-08
1499717886	5.51e-08
1499717947	5.52e-08
1499718007	5.53e-08
1499718068	5.54e-08
1499718128	5.55e-08
1499718189	5.56e-08
1499718249	5.57e-08
1499718310	5.58e-08
1499718370	5.58e-08
1499718430	5.59e-08
1499718491	5.6e-08
